This file contains any messages produced by compilers while
running configure, to aid debugging if configure makes a mistake.

It was created by Varnish configure 6.5.2, which was
generated by GNU Autoconf 2.69.  Invocation command line was

  $ ./configure --host=x86_64-suse-linux-gnu --build=x86_64-suse-linux-gnu --program-prefix= --disable-dependency-tracking --prefix=/usr --exec-prefix=/usr --bindir=/usr/bin --sbindir=/usr/sbin --sysconfdir=/etc --datadir=/usr/share --includedir=/usr/include --libdir=/usr/lib64 --libexecdir=/usr/lib --localstatedir=/var --sharedstatedir=/var/lib --mandir=/usr/share/man --infodir=/usr/share/info --disable-dependency-tracking --disable-static --docdir=/usr/share/doc/packages/varnish --localstatedir=/var/cache/ --enable-developer-warnings

## --------- ##
## Platform. ##
## --------- ##

hostname = fsnarski-sles-compiler
uname -m = x86_64
uname -r = 5.3.18-59.24-default
uname -s = Linux
uname -v = #1 SMP Mon Sep 13 15:06:42 UTC 2021 (2f872ea)

/usr/bin/uname -p = x86_64
/bin/uname -X     = unknown

/bin/arch              = x86_64
/usr/bin/arch -k       = unknown
/usr/convex/getsysinfo = unknown
/usr/bin/hostinfo      = unknown
/bin/machine           = unknown
/usr/bin/oslevel       = unknown
/bin/universe          = unknown

PATH: /sbin
PATH: /usr/sbin
PATH: /usr/local/sbin
PATH: /root/bin
PATH: /usr/local/bin
PATH: /usr/bin
PATH: /bin


## ----------- ##
## Core tests. ##
## ----------- ##

configure:2402: loading site script /usr/share/site/x86_64-unknown-linux-gnu
| #!/bin/sh
| # Site script for configure. It is resourced via $CONFIG_SITE environment varaible.
| 
| # If user did not specify libdir, guess the correct target:
| # Use lib64 for 64 bit bi-arch targets, keep the default for the rest.
| if test "$libdir" = '${exec_prefix}/lib' ; then
| 
| 	ac_config_site_64bit_host=NONE
| 
| 	case "$host" in
| 	"" )
| 		# User did not specify host target.
| 		# The native platform x86_64 is a bi-arch platform.
| 		# Try to detect cross-compilation to inferior architecture.
| 
| 		# We are trying to guess 32-bit target compilation. It's not as easy as
| 		# it sounds, as there is possible several intermediate combinations.
| 		ac_config_site_cross_to_32bit_host=NONE
| 
| 		# User defined -m32 in CFLAGS or CXXFLAGS or CC or CXX:
| 		# (It's sufficient for 32-bit, but alone may cause mis-behavior of some checks.)
| 		case "$CFLAGS $CXXFLAGS $CC $CXX" in
| 		*-m32*)
| 			ac_config_site_cross_to_32bit_host=YES
| 			;;
| 		esac
| 
| 		# Running with linux32:
| 		# (Changes detected platform, but not the toolchain target.)
| 		case "`/bin/uname -i`" in
| 		x86_64 | ppc64 | s390x | aarch64 )
| 			;;
| 		* )
| 			ac_config_site_cross_to_32bit_host=YES
| 			;;
| 		esac
| 
| 		if test "x$ac_config_site_cross_to_32bit_host" = xNONE; then
| 			ac_config_site_64bit_host=YES
| 		fi
| 
| 		;;
| 	*x86_64* | *ppc64* | *s390x* | *aarch64* )
| 		ac_config_site_64bit_host=YES
| 		;;
| 	esac
| 
| 	if test "x$ac_config_site_64bit_host" = xYES; then
| 		libdir='${exec_prefix}/lib64'
| 	fi
| fi
| 
| # If user did not specify libexecdir, set the correct target:
| # Nor FHS nor openSUSE allow prefix/libexec. Let's default to prefix/lib.
| 
| if test "$libexecdir" = '${exec_prefix}/libexec' ; then
| 	libexecdir='${exec_prefix}/lib'
| fi
| 
| # Continue with the standard behavior of configure defined in AC_SITE_LOAD:
| if test "x$prefix" != xNONE; then
| 	ac_site_file1=$prefix/share/config.site
| 	ac_site_file2=$prefix/etc/config.site
| else
| 	ac_site_file1=$ac_default_prefix/share/config.site
| 	ac_site_file2=$ac_default_prefix/etc/config.site
| fi
| for ac_site_file in "$ac_site_file1" "$ac_site_file2"
| do
| 	test "x$ac_site_file" = xNONE && continue
| 	if test /dev/null != "$ac_site_file" && test -r "$ac_site_file"; then
| 		{ $as_echo "/usr/share/site/x86_64-unknown-linux-gnu:${as_lineno-$LINENO}: loading site script $ac_site_file" >&5
| $as_echo "/usr/share/site/x86_64-unknown-linux-gnu: loading site script $ac_site_file" >&6;}
| 		sed 's/^/| /' "$ac_site_file" >&5
| 		. "$ac_site_file" \
| 			|| { { $as_echo "/usr/share/site/x86_64-unknown-linux-gnu:${as_lineno-$LINENO}: error: in \`$ac_pwd':" >&5
| $as_echo "/usr/share/site/x86_64-unknown-linux-gnu: error: in \`$ac_pwd':" >&2;}
| as_fn_error $? "failed to load site script $ac_site_file
| See \`config.log' for more details" "$LINENO" 5; }
| 	fi
| done
configure:2542: checking for x86_64-suse-linux-gnu-gcc
configure:2572: result: no
configure:2582: checking for gcc
configure:2598: found /usr/bin/gcc
configure:2609: result: gcc
configure:2838: checking for C compiler version
configure:2847: gcc --version >&5
gcc (SUSE Linux) 7.5.0
Copyright (C) 2017 Free Software Foundation, Inc.
This is free software; see the source for copying conditions.  There is NO
warranty; not even for MERCHANTABILITY or FITNESS FOR A PARTICULAR PURPOSE.

configure:2858: $? = 0
configure:2847: gcc -v >&5
Using built-in specs.
COLLECT_GCC=gcc
COLLECT_LTO_WRAPPER=/usr/lib64/gcc/x86_64-suse-linux/7/lto-wrapper
OFFLOAD_TARGET_NAMES=hsa:nvptx-none
Target: x86_64-suse-linux
Configured with: ../configure --prefix=/usr --infodir=/usr/share/info --mandir=/usr/share/man --libdir=/usr/lib64 --libexecdir=/usr/lib64 --enable-languages=c,c++,objc,fortran,obj-c++,ada,go --enable-offload-targets=hsa,nvptx-none, --without-cuda-driver --enable-checking=release --disable-werror --with-gxx-include-dir=/usr/include/c++/7 --enable-ssp --disable-libssp --disable-libvtv --disable-libcc1 --disable-plugin --with-bugurl=https://bugs.opensuse.org/ --with-pkgversion='SUSE Linux' --with-slibdir=/lib64 --with-system-zlib --enable-libstdcxx-allocator=new --disable-libstdcxx-pch --enable-version-specific-runtime-libs --with-gcc-major-version-only --enable-linker-build-id --enable-linux-futex --enable-gnu-indirect-function --program-suffix=-7 --without-system-libunwind --enable-multilib --with-arch-32=x86-64 --with-tune=generic --build=x86_64-suse-linux --host=x86_64-suse-linux
Thread model: posix
gcc version 7.5.0 (SUSE Linux) 
configure:2858: $? = 0
configure:2847: gcc -V >&5
gcc: error: unrecognized command line option '-V'
gcc: fatal error: no input files
compilation terminated.
configure:2858: $? = 1
configure:2847: gcc -qversion >&5
gcc: error: unrecognized command line option '-qversion'; did you mean '--version'?
gcc: fatal error: no input files
compilation terminated.
configure:2858: $? = 1
configure:2878: checking whether the C compiler works
configure:2900: gcc -O2 -g -m64 -fmessage-length=0 -D_FORTIFY_SOURCE=2 -fstack-protector -funwind-tables -fasynchronous-unwind-tables -fcommon -fstack-protector -Wno-error=clobbered -Werror=maybe-uninitialized   conftest.c  >&5
configure:2904: $? = 0
configure:2952: result: yes
configure:2955: checking for C compiler default output file name
configure:2957: result: a.out
configure:2963: checking for suffix of executables
configure:2970: gcc -o conftest -O2 -g -m64 -fmessage-length=0 -D_FORTIFY_SOURCE=2 -fstack-protector -funwind-tables -fasynchronous-unwind-tables -fcommon -fstack-protector -Wno-error=clobbered -Werror=maybe-uninitialized   conftest.c  >&5
configure:2974: $? = 0
configure:2996: result: 
configure:3018: checking whether we are cross compiling
configure:3026: gcc -o conftest -O2 -g -m64 -fmessage-length=0 -D_FORTIFY_SOURCE=2 -fstack-protector -funwind-tables -fasynchronous-unwind-tables -fcommon -fstack-protector -Wno-error=clobbered -Werror=maybe-uninitialized   conftest.c  >&5
configure:3030: $? = 0
configure:3037: ./conftest
configure:3041: $? = 0
configure:3056: result: no
configure:3061: checking for suffix of object files
configure:3083: gcc -c -O2 -g -m64 -fmessage-length=0 -D_FORTIFY_SOURCE=2 -fstack-protector -funwind-tables -fasynchronous-unwind-tables -fcommon -fstack-protector -Wno-error=clobbered -Werror=maybe-uninitialized  conftest.c >&5
configure:3087: $? = 0
configure:3108: result: o
configure:3112: checking whether we are using the GNU C compiler
configure:3131: gcc -c -O2 -g -m64 -fmessage-length=0 -D_FORTIFY_SOURCE=2 -fstack-protector -funwind-tables -fasynchronous-unwind-tables -fcommon -fstack-protector -Wno-error=clobbered -Werror=maybe-uninitialized  conftest.c >&5
configure:3131: $? = 0
configure:3140: result: yes
configure:3149: checking whether gcc accepts -g
configure:3169: gcc -c -g  conftest.c >&5
configure:3169: $? = 0
configure:3210: result: yes
configure:3227: checking for gcc option to accept ISO C89
configure:3290: gcc  -c -O2 -g -m64 -fmessage-length=0 -D_FORTIFY_SOURCE=2 -fstack-protector -funwind-tables -fasynchronous-unwind-tables -fcommon -fstack-protector -Wno-error=clobbered -Werror=maybe-uninitialized  conftest.c >&5
configure:3290: $? = 0
configure:3303: result: none needed
configure:3328: checking whether gcc understands -c and -o together
configure:3350: gcc -c conftest.c -o conftest2.o
configure:3353: $? = 0
configure:3350: gcc -c conftest.c -o conftest2.o
configure:3353: $? = 0
configure:3365: result: yes
configure:3388: checking how to run the C preprocessor
configure:3419: gcc -E  conftest.c
configure:3419: $? = 0
configure:3433: gcc -E  conftest.c
conftest.c:9:10: fatal error: ac_nonexistent.h: No such file or directory
 #include <ac_nonexistent.h>
          ^~~~~~~~~~~~~~~~~~
compilation terminated.
configure:3433: $? = 1
configure: failed program was:
| /* confdefs.h */
| #define PACKAGE_NAME "Varnish"
| #define PACKAGE_TARNAME "varnish"
| #define PACKAGE_VERSION "6.5.2"
| #define PACKAGE_STRING "Varnish 6.5.2"
| #define PACKAGE_BUGREPORT "varnish-dev@varnish-cache.org"
| #define PACKAGE_URL ""
| /* end confdefs.h.  */
| #include <ac_nonexistent.h>
configure:3458: result: gcc -E
configure:3478: gcc -E  conftest.c
configure:3478: $? = 0
configure:3492: gcc -E  conftest.c
conftest.c:9:10: fatal error: ac_nonexistent.h: No such file or directory
 #include <ac_nonexistent.h>
          ^~~~~~~~~~~~~~~~~~
compilation terminated.
configure:3492: $? = 1
configure: failed program was:
| /* confdefs.h */
| #define PACKAGE_NAME "Varnish"
| #define PACKAGE_TARNAME "varnish"
| #define PACKAGE_VERSION "6.5.2"
| #define PACKAGE_STRING "Varnish 6.5.2"
| #define PACKAGE_BUGREPORT "varnish-dev@varnish-cache.org"
| #define PACKAGE_URL ""
| /* end confdefs.h.  */
| #include <ac_nonexistent.h>
configure:3521: checking for grep that handles long lines and -e
configure:3579: result: /usr/bin/grep
configure:3584: checking for egrep
configure:3646: result: /usr/bin/grep -E
configure:3651: checking for ANSI C header files
configure:3671: gcc -c -O2 -g -m64 -fmessage-length=0 -D_FORTIFY_SOURCE=2 -fstack-protector -funwind-tables -fasynchronous-unwind-tables -fcommon -fstack-protector -Wno-error=clobbered -Werror=maybe-uninitialized  conftest.c >&5
configure:3671: $? = 0
configure:3744: gcc -o conftest -O2 -g -m64 -fmessage-length=0 -D_FORTIFY_SOURCE=2 -fstack-protector -funwind-tables -fasynchronous-unwind-tables -fcommon -fstack-protector -Wno-error=clobbered -Werror=maybe-uninitialized   conftest.c  >&5
configure:3744: $? = 0
configure:3744: ./conftest
configure:3744: $? = 0
configure:3755: result: yes
configure:3768: checking for sys/types.h
configure:3768: gcc -c -O2 -g -m64 -fmessage-length=0 -D_FORTIFY_SOURCE=2 -fstack-protector -funwind-tables -fasynchronous-unwind-tables -fcommon -fstack-protector -Wno-error=clobbered -Werror=maybe-uninitialized  conftest.c >&5
configure:3768: $? = 0
configure:3768: result: yes
configure:3768: checking for sys/stat.h
configure:3768: gcc -c -O2 -g -m64 -fmessage-length=0 -D_FORTIFY_SOURCE=2 -fstack-protector -funwind-tables -fasynchronous-unwind-tables -fcommon -fstack-protector -Wno-error=clobbered -Werror=maybe-uninitialized  conftest.c >&5
configure:3768: $? = 0
configure:3768: result: yes
configure:3768: checking for stdlib.h
configure:3768: gcc -c -O2 -g -m64 -fmessage-length=0 -D_FORTIFY_SOURCE=2 -fstack-protector -funwind-tables -fasynchronous-unwind-tables -fcommon -fstack-protector -Wno-error=clobbered -Werror=maybe-uninitialized  conftest.c >&5
configure:3768: $? = 0
configure:3768: result: yes
configure:3768: checking for string.h
configure:3768: gcc -c -O2 -g -m64 -fmessage-length=0 -D_FORTIFY_SOURCE=2 -fstack-protector -funwind-tables -fasynchronous-unwind-tables -fcommon -fstack-protector -Wno-error=clobbered -Werror=maybe-uninitialized  conftest.c >&5
configure:3768: $? = 0
configure:3768: result: yes
configure:3768: checking for memory.h
configure:3768: gcc -c -O2 -g -m64 -fmessage-length=0 -D_FORTIFY_SOURCE=2 -fstack-protector -funwind-tables -fasynchronous-unwind-tables -fcommon -fstack-protector -Wno-error=clobbered -Werror=maybe-uninitialized  conftest.c >&5
configure:3768: $? = 0
configure:3768: result: yes
configure:3768: checking for strings.h
configure:3768: gcc -c -O2 -g -m64 -fmessage-length=0 -D_FORTIFY_SOURCE=2 -fstack-protector -funwind-tables -fasynchronous-unwind-tables -fcommon -fstack-protector -Wno-error=clobbered -Werror=maybe-uninitialized  conftest.c >&5
configure:3768: $? = 0
configure:3768: result: yes
configure:3768: checking for inttypes.h
configure:3768: gcc -c -O2 -g -m64 -fmessage-length=0 -D_FORTIFY_SOURCE=2 -fstack-protector -funwind-tables -fasynchronous-unwind-tables -fcommon -fstack-protector -Wno-error=clobbered -Werror=maybe-uninitialized  conftest.c >&5
configure:3768: $? = 0
configure:3768: result: yes
configure:3768: checking for stdint.h
configure:3768: gcc -c -O2 -g -m64 -fmessage-length=0 -D_FORTIFY_SOURCE=2 -fstack-protector -funwind-tables -fasynchronous-unwind-tables -fcommon -fstack-protector -Wno-error=clobbered -Werror=maybe-uninitialized  conftest.c >&5
configure:3768: $? = 0
configure:3768: result: yes
configure:3768: checking for unistd.h
configure:3768: gcc -c -O2 -g -m64 -fmessage-length=0 -D_FORTIFY_SOURCE=2 -fstack-protector -funwind-tables -fasynchronous-unwind-tables -fcommon -fstack-protector -Wno-error=clobbered -Werror=maybe-uninitialized  conftest.c >&5
configure:3768: $? = 0
configure:3768: result: yes
configure:3781: checking minix/config.h usability
configure:3781: gcc -c -O2 -g -m64 -fmessage-length=0 -D_FORTIFY_SOURCE=2 -fstack-protector -funwind-tables -fasynchronous-unwind-tables -fcommon -fstack-protector -Wno-error=clobbered -Werror=maybe-uninitialized  conftest.c >&5
conftest.c:52:10: fatal error: minix/config.h: No such file or directory
 #include <minix/config.h>
          ^~~~~~~~~~~~~~~~
compilation terminated.
configure:3781: $? = 1
configure: failed program was:
| /* confdefs.h */
| #define PACKAGE_NAME "Varnish"
| #define PACKAGE_TARNAME "varnish"
| #define PACKAGE_VERSION "6.5.2"
| #define PACKAGE_STRING "Varnish 6.5.2"
| #define PACKAGE_BUGREPORT "varnish-dev@varnish-cache.org"
| #define PACKAGE_URL ""
| #define STDC_HEADERS 1
| #define HAVE_SYS_TYPES_H 1
| #define HAVE_SYS_STAT_H 1
| #define HAVE_STDLIB_H 1
| #define HAVE_STRING_H 1
| #define HAVE_MEMORY_H 1
| #define HAVE_STRINGS_H 1
| #define HAVE_INTTYPES_H 1
| #define HAVE_STDINT_H 1
| #define HAVE_UNISTD_H 1
| /* end confdefs.h.  */
| #include <stdio.h>
| #ifdef HAVE_SYS_TYPES_H
| # include <sys/types.h>
| #endif
| #ifdef HAVE_SYS_STAT_H
| # include <sys/stat.h>
| #endif
| #ifdef STDC_HEADERS
| # include <stdlib.h>
| # include <stddef.h>
| #else
| # ifdef HAVE_STDLIB_H
| #  include <stdlib.h>
| # endif
| #endif
| #ifdef HAVE_STRING_H
| # if !defined STDC_HEADERS && defined HAVE_MEMORY_H
| #  include <memory.h>
| # endif
| # include <string.h>
| #endif
| #ifdef HAVE_STRINGS_H
| # include <strings.h>
| #endif
| #ifdef HAVE_INTTYPES_H
| # include <inttypes.h>
| #endif
| #ifdef HAVE_STDINT_H
| # include <stdint.h>
| #endif
| #ifdef HAVE_UNISTD_H
| # include <unistd.h>
| #endif
| #include <minix/config.h>
configure:3781: result: no
configure:3781: checking minix/config.h presence
configure:3781: gcc -E  conftest.c
conftest.c:19:10: fatal error: minix/config.h: No such file or directory
 #include <minix/config.h>
          ^~~~~~~~~~~~~~~~
compilation terminated.
configure:3781: $? = 1
configure: failed program was:
| /* confdefs.h */
| #define PACKAGE_NAME "Varnish"
| #define PACKAGE_TARNAME "varnish"
| #define PACKAGE_VERSION "6.5.2"
| #define PACKAGE_STRING "Varnish 6.5.2"
| #define PACKAGE_BUGREPORT "varnish-dev@varnish-cache.org"
| #define PACKAGE_URL ""
| #define STDC_HEADERS 1
| #define HAVE_SYS_TYPES_H 1
| #define HAVE_SYS_STAT_H 1
| #define HAVE_STDLIB_H 1
| #define HAVE_STRING_H 1
| #define HAVE_MEMORY_H 1
| #define HAVE_STRINGS_H 1
| #define HAVE_INTTYPES_H 1
| #define HAVE_STDINT_H 1
| #define HAVE_UNISTD_H 1
| /* end confdefs.h.  */
| #include <minix/config.h>
configure:3781: result: no
configure:3781: checking for minix/config.h
configure:3781: result: no
configure:3802: checking whether it is safe to define __EXTENSIONS__
configure:3820: gcc -c -O2 -g -m64 -fmessage-length=0 -D_FORTIFY_SOURCE=2 -fstack-protector -funwind-tables -fasynchronous-unwind-tables -fcommon -fstack-protector -Wno-error=clobbered -Werror=maybe-uninitialized  conftest.c >&5
configure:3820: $? = 0
configure:3827: result: yes
configure:3852: checking build system type
configure:3866: result: x86_64-suse-linux-gnu
configure:3886: checking host system type
configure:3899: result: x86_64-suse-linux-gnu
configure:3919: checking target system type
configure:3932: result: x86_64-suse-linux-gnu
configure:3967: checking whether to enable maintainer-specific portions of Makefiles
configure:3976: result: no
configure:4005: checking for a BSD-compatible install
configure:4073: result: /usr/bin/install -c
configure:4084: checking whether build environment is sane
configure:4139: result: yes
configure:4287: checking for a thread-safe mkdir -p
configure:4326: result: /usr/bin/mkdir -p
configure:4333: checking for gawk
configure:4349: found /usr/bin/gawk
configure:4360: result: gawk
configure:4371: checking whether make sets $(MAKE)
configure:4393: result: yes
configure:4415: checking whether make supports the include directive
configure:4430: make -f confmf.GNU && cat confinc.out
this is the am__doit target
configure:4433: $? = 0
configure:4452: result: yes (GNU style)
configure:4485: checking whether make supports nested variables
configure:4502: result: yes
configure:4587: checking dependency style of gcc
configure:4698: result: none
configure:4767: checking whether make supports nested variables
configure:4784: result: yes
configure:4872: checking how to print strings
configure:4899: result: printf
configure:4920: checking for a sed that does not truncate output
configure:4984: result: /usr/bin/sed
configure:5002: checking for fgrep
configure:5064: result: /usr/bin/grep -F
configure:5099: checking for ld used by gcc
configure:5166: result: /usr/x86_64-suse-linux/bin/ld
configure:5173: checking if the linker (/usr/x86_64-suse-linux/bin/ld) is GNU ld
configure:5188: result: yes
configure:5200: checking for BSD- or MS-compatible name lister (nm)
configure:5254: result: /usr/bin/nm -B
configure:5384: checking the name lister (/usr/bin/nm -B) interface
configure:5391: gcc -c -O2 -g -m64 -fmessage-length=0 -D_FORTIFY_SOURCE=2 -fstack-protector -funwind-tables -fasynchronous-unwind-tables -fcommon -fstack-protector -Wno-error=clobbered -Werror=maybe-uninitialized  conftest.c >&5
configure:5394: /usr/bin/nm -B "conftest.o"
configure:5397: output
0000000000000000 B some_variable
configure:5404: result: BSD nm
configure:5407: checking whether ln -s works
configure:5411: result: yes
configure:5419: checking the maximum length of command line arguments
configure:5550: result: 1572864
configure:5598: checking how to convert x86_64-suse-linux-gnu file names to x86_64-suse-linux-gnu format
configure:5638: result: func_convert_file_noop
configure:5645: checking how to convert x86_64-suse-linux-gnu file names to toolchain format
configure:5665: result: func_convert_file_noop
configure:5672: checking for /usr/x86_64-suse-linux/bin/ld option to reload object files
configure:5679: result: -r
configure:5713: checking for x86_64-suse-linux-gnu-objdump
configure:5743: result: no
configure:5753: checking for objdump
configure:5769: found /usr/bin/objdump
configure:5780: result: objdump
configure:5812: checking how to recognize dependent libraries
configure:6012: result: pass_all
configure:6057: checking for x86_64-suse-linux-gnu-dlltool
configure:6087: result: no
configure:6097: checking for dlltool
configure:6127: result: no
configure:6157: checking how to associate runtime and link libraries
configure:6184: result: printf %s\n
configure:6200: checking for x86_64-suse-linux-gnu-ar
configure:6230: result: no
configure:6244: checking for ar
configure:6260: found /usr/bin/ar
configure:6271: result: ar
configure:6308: checking for archiver @FILE support
configure:6325: gcc -c -O2 -g -m64 -fmessage-length=0 -D_FORTIFY_SOURCE=2 -fstack-protector -funwind-tables -fasynchronous-unwind-tables -fcommon -fstack-protector -Wno-error=clobbered -Werror=maybe-uninitialized  conftest.c >&5
configure:6325: $? = 0
configure:6328: ar cru libconftest.a @conftest.lst >&5
configure:6331: $? = 0
configure:6336: ar cru libconftest.a @conftest.lst >&5
ar: conftest.o: No such file or directory
configure:6339: $? = 1
configure:6351: result: @
configure:6369: checking for x86_64-suse-linux-gnu-strip
configure:6399: result: no
configure:6409: checking for strip
configure:6425: found /usr/bin/strip
configure:6436: result: strip
configure:6468: checking for x86_64-suse-linux-gnu-ranlib
configure:6498: result: no
configure:6508: checking for ranlib
configure:6524: found /usr/bin/ranlib
configure:6535: result: ranlib
configure:6637: checking command to parse /usr/bin/nm -B output from gcc object
configure:6790: gcc -c -O2 -g -m64 -fmessage-length=0 -D_FORTIFY_SOURCE=2 -fstack-protector -funwind-tables -fasynchronous-unwind-tables -fcommon -fstack-protector -Wno-error=clobbered -Werror=maybe-uninitialized  conftest.c >&5
configure:6793: $? = 0
configure:6797: /usr/bin/nm -B conftest.o | sed -n -e 's/^.*[	 ]\([ABCDGIRSTW][ABCDGIRSTW]*\)[	 ][	 ]*\([_A-Za-z][_A-Za-z0-9]*\)$/\1 \2 \2/p' | sed '/ __gnu_lto/d' > conftest.nm
configure:6863: gcc -o conftest -O2 -g -m64 -fmessage-length=0 -D_FORTIFY_SOURCE=2 -fstack-protector -funwind-tables -fasynchronous-unwind-tables -fcommon -fstack-protector -Wno-error=clobbered -Werror=maybe-uninitialized   conftest.c conftstm.o >&5
configure:6866: $? = 0
configure:6904: result: ok
configure:6951: checking for sysroot
configure:6981: result: no
configure:6988: checking for a working dd
configure:7026: result: /usr/bin/dd
configure:7030: checking how to truncate binary pipes
configure:7045: result: /usr/bin/dd bs=4096 count=1
configure:7181: gcc -c -O2 -g -m64 -fmessage-length=0 -D_FORTIFY_SOURCE=2 -fstack-protector -funwind-tables -fasynchronous-unwind-tables -fcommon -fstack-protector -Wno-error=clobbered -Werror=maybe-uninitialized  conftest.c >&5
configure:7184: $? = 0
configure:7334: checking for x86_64-suse-linux-gnu-mt
configure:7364: result: no
configure:7374: checking for mt
configure:7390: found /usr/bin/mt
configure:7401: result: mt
configure:7424: checking if mt is a manifest tool
configure:7430: mt '-?'
configure:7438: result: no
configure:8112: checking for dlfcn.h
configure:8112: gcc -c -O2 -g -m64 -fmessage-length=0 -D_FORTIFY_SOURCE=2 -fstack-protector -funwind-tables -fasynchronous-unwind-tables -fcommon -fstack-protector -Wno-error=clobbered -Werror=maybe-uninitialized  conftest.c >&5
configure:8112: $? = 0
configure:8112: result: yes
configure:8338: checking for objdir
configure:8353: result: .libs
configure:8617: checking if gcc supports -fno-rtti -fno-exceptions
configure:8635: gcc -c -O2 -g -m64 -fmessage-length=0 -D_FORTIFY_SOURCE=2 -fstack-protector -funwind-tables -fasynchronous-unwind-tables -fcommon -fstack-protector -Wno-error=clobbered -Werror=maybe-uninitialized  -fno-rtti -fno-exceptions conftest.c >&5
cc1: warning: command line option '-fno-rtti' is valid for C++/ObjC++ but not for C
configure:8639: $? = 0
configure:8652: result: no
configure:9010: checking for gcc option to produce PIC
configure:9017: result: -fPIC -DPIC
configure:9025: checking if gcc PIC flag -fPIC -DPIC works
configure:9043: gcc -c -O2 -g -m64 -fmessage-length=0 -D_FORTIFY_SOURCE=2 -fstack-protector -funwind-tables -fasynchronous-unwind-tables -fcommon -fstack-protector -Wno-error=clobbered -Werror=maybe-uninitialized  -fPIC -DPIC -DPIC conftest.c >&5
configure:9047: $? = 0
configure:9060: result: yes
configure:9089: checking if gcc static flag -static works
configure:9117: result: no
configure:9132: checking if gcc supports -c -o file.o
configure:9153: gcc -c -O2 -g -m64 -fmessage-length=0 -D_FORTIFY_SOURCE=2 -fstack-protector -funwind-tables -fasynchronous-unwind-tables -fcommon -fstack-protector -Wno-error=clobbered -Werror=maybe-uninitialized  -o out/conftest2.o conftest.c >&5
configure:9157: $? = 0
configure:9179: result: yes
configure:9187: checking if gcc supports -c -o file.o
configure:9234: result: yes
configure:9267: checking whether the gcc linker (/usr/x86_64-suse-linux/bin/ld -m elf_x86_64) supports shared libraries
configure:10530: result: yes
configure:10567: checking whether -lc should be explicitly linked in
configure:10575: gcc -c -O2 -g -m64 -fmessage-length=0 -D_FORTIFY_SOURCE=2 -fstack-protector -funwind-tables -fasynchronous-unwind-tables -fcommon -fstack-protector -Wno-error=clobbered -Werror=maybe-uninitialized  conftest.c >&5
configure:10578: $? = 0
configure:10593: gcc -shared  -fPIC -DPIC conftest.o  -v -Wl,-soname -Wl,conftest -o conftest 2\>\&1 \| /usr/bin/grep  -lc  \>/dev/null 2\>\&1
configure:10596: $? = 0
configure:10610: result: no
configure:10770: checking dynamic linker characteristics
configure:11351: gcc -o conftest -O2 -g -m64 -fmessage-length=0 -D_FORTIFY_SOURCE=2 -fstack-protector -funwind-tables -fasynchronous-unwind-tables -fcommon -fstack-protector -Wno-error=clobbered -Werror=maybe-uninitialized   -Wl,-rpath -Wl,/foo conftest.c  >&5
configure:11351: $? = 0
configure:11600: result: GNU/Linux ld.so
configure:11722: checking how to hardcode library paths into programs
configure:11747: result: immediate
configure:12295: checking whether stripping libraries is possible
configure:12300: result: yes
configure:12335: checking if libtool supports shared libraries
configure:12337: result: yes
configure:12340: checking whether to build shared libraries
configure:12365: result: yes
configure:12368: checking whether to build static libraries
configure:12372: result: no
configure:12420: checking for x86_64-suse-linux-gnu-gcc
configure:12447: result: gcc
configure:12716: checking for C compiler version
configure:12725: gcc --version >&5
gcc (SUSE Linux) 7.5.0
Copyright (C) 2017 Free Software Foundation, Inc.
This is free software; see the source for copying conditions.  There is NO
warranty; not even for MERCHANTABILITY or FITNESS FOR A PARTICULAR PURPOSE.

configure:12736: $? = 0
configure:12725: gcc -v >&5
Using built-in specs.
COLLECT_GCC=gcc
COLLECT_LTO_WRAPPER=/usr/lib64/gcc/x86_64-suse-linux/7/lto-wrapper
OFFLOAD_TARGET_NAMES=hsa:nvptx-none
Target: x86_64-suse-linux
Configured with: ../configure --prefix=/usr --infodir=/usr/share/info --mandir=/usr/share/man --libdir=/usr/lib64 --libexecdir=/usr/lib64 --enable-languages=c,c++,objc,fortran,obj-c++,ada,go --enable-offload-targets=hsa,nvptx-none, --without-cuda-driver --enable-checking=release --disable-werror --with-gxx-include-dir=/usr/include/c++/7 --enable-ssp --disable-libssp --disable-libvtv --disable-libcc1 --disable-plugin --with-bugurl=https://bugs.opensuse.org/ --with-pkgversion='SUSE Linux' --with-slibdir=/lib64 --with-system-zlib --enable-libstdcxx-allocator=new --disable-libstdcxx-pch --enable-version-specific-runtime-libs --with-gcc-major-version-only --enable-linker-build-id --enable-linux-futex --enable-gnu-indirect-function --program-suffix=-7 --without-system-libunwind --enable-multilib --with-arch-32=x86-64 --with-tune=generic --build=x86_64-suse-linux --host=x86_64-suse-linux
Thread model: posix
gcc version 7.5.0 (SUSE Linux) 
configure:12736: $? = 0
configure:12725: gcc -V >&5
gcc: error: unrecognized command line option '-V'
gcc: fatal error: no input files
compilation terminated.
configure:12736: $? = 1
configure:12725: gcc -qversion >&5
gcc: error: unrecognized command line option '-qversion'; did you mean '--version'?
gcc: fatal error: no input files
compilation terminated.
configure:12736: $? = 1
configure:12740: checking whether we are using the GNU C compiler
configure:12768: result: yes
configure:12777: checking whether gcc accepts -g
configure:12838: result: yes
configure:12855: checking for gcc option to accept ISO C89
configure:12931: result: none needed
configure:12956: checking whether gcc understands -c and -o together
configure:12993: result: yes
configure:13014: checking for gcc option to accept ISO C99
configure:13163: gcc  -c -O2 -g -m64 -fmessage-length=0 -D_FORTIFY_SOURCE=2 -fstack-protector -funwind-tables -fasynchronous-unwind-tables -fcommon -fstack-protector -Wno-error=clobbered -Werror=maybe-uninitialized  conftest.c >&5
configure:13163: $? = 0
configure:13176: result: none needed
configure:13284: checking for gcc option to accept ISO Standard C
configure:13295: result: none needed
configure:13486: checking whether gcc is Clang
configure:13511: result: no
configure:13634: checking whether pthreads work with -pthread
configure:13728: gcc -o conftest -O2 -g -m64 -fmessage-length=0 -D_FORTIFY_SOURCE=2 -fstack-protector -funwind-tables -fasynchronous-unwind-tables -fcommon -fstack-protector -Wno-error=clobbered -Werror=maybe-uninitialized -pthread   conftest.c   >&5
configure:13728: $? = 0
configure:13737: result: yes
configure:13756: checking for joinable pthread attribute
configure:13774: gcc -o conftest -O2 -g -m64 -fmessage-length=0 -D_FORTIFY_SOURCE=2 -fstack-protector -funwind-tables -fasynchronous-unwind-tables -fcommon -fstack-protector -Wno-error=clobbered -Werror=maybe-uninitialized -pthread   conftest.c   >&5
configure:13774: $? = 0
configure:13782: result: PTHREAD_CREATE_JOINABLE
configure:13796: checking whether more special flags are required for pthreads
configure:13809: result: no
configure:13817: checking for PTHREAD_PRIO_INHERIT
configure:13833: gcc -o conftest -O2 -g -m64 -fmessage-length=0 -D_FORTIFY_SOURCE=2 -fstack-protector -funwind-tables -fasynchronous-unwind-tables -fcommon -fstack-protector -Wno-error=clobbered -Werror=maybe-uninitialized -pthread   conftest.c   >&5
configure:13833: $? = 0
configure:13842: result: yes
configure:13960: checking for rst2man-3.6
configure:13990: result: no
configure:13960: checking for rst2man-3
configure:13990: result: no
configure:13960: checking for rst2man
configure:13976: found /usr/bin/rst2man
configure:13987: result: rst2man
configure:14014: checking for sphinx-build-3.6
configure:14030: found /usr/bin/sphinx-build-3.6
configure:14041: result: sphinx-build-3.6
configure:14068: checking for rst2html-3.6
configure:14098: result: no
configure:14068: checking for rst2html-3
configure:14098: result: no
configure:14068: checking for rst2html
configure:14084: found /usr/bin/rst2html
configure:14095: result: rst2html
configure:14123: checking for dot
configure:14153: result: no
configure:14163: WARNING: dot not found - build will fail if svg files are out of date.
configure:14223: checking for a Python interpreter with version >= 3.4
configure:14240: python3.9 -c import sys # split strings by '.' and convert to numeric. Append some zeros # because we need at least 4 digits for the hex conversion. # map returns an iterator in Python 3.0 and a list in 2.x minver = list(map(int, '3.4'.split('.'))) + [0, 0, 0] minverhex = 0 # xrange is not present in Python 3.0 and range returns an iterator for i in list(range(0, 4)): minverhex = (minverhex << 8) + minver[i] sys.exit(sys.hexversion < minverhex)
./configure: line 14241: python3.9: command not found
configure:14243: $? = 127
configure:14240: python3.8 -c import sys # split strings by '.' and convert to numeric. Append some zeros # because we need at least 4 digits for the hex conversion. # map returns an iterator in Python 3.0 and a list in 2.x minver = list(map(int, '3.4'.split('.'))) + [0, 0, 0] minverhex = 0 # xrange is not present in Python 3.0 and range returns an iterator for i in list(range(0, 4)): minverhex = (minverhex << 8) + minver[i] sys.exit(sys.hexversion < minverhex)
./configure: line 14241: python3.8: command not found
configure:14243: $? = 127
configure:14240: python3.7 -c import sys # split strings by '.' and convert to numeric. Append some zeros # because we need at least 4 digits for the hex conversion. # map returns an iterator in Python 3.0 and a list in 2.x minver = list(map(int, '3.4'.split('.'))) + [0, 0, 0] minverhex = 0 # xrange is not present in Python 3.0 and range returns an iterator for i in list(range(0, 4)): minverhex = (minverhex << 8) + minver[i] sys.exit(sys.hexversion < minverhex)
./configure: line 14241: python3.7: command not found
configure:14243: $? = 127
configure:14240: python3.6 -c import sys # split strings by '.' and convert to numeric. Append some zeros # because we need at least 4 digits for the hex conversion. # map returns an iterator in Python 3.0 and a list in 2.x minver = list(map(int, '3.4'.split('.'))) + [0, 0, 0] minverhex = 0 # xrange is not present in Python 3.0 and range returns an iterator for i in list(range(0, 4)): minverhex = (minverhex << 8) + minver[i] sys.exit(sys.hexversion < minverhex)
configure:14243: $? = 0
configure:14249: result: python3.6
configure:14257: checking for python3.6
configure:14275: found /usr/bin/python3.6
configure:14287: result: /usr/bin/python3.6
configure:14307: checking for python3.6 version
configure:14314: result: 3.6
configure:14326: checking for python3.6 platform
configure:14333: result: linux
configure:14359: checking for python3.6 script directory
configure:14394: result: ${prefix}/lib/python3.6/site-packages
configure:14403: checking for python3.6 extension module directory
configure:14438: result: ${exec_prefix}/lib64/python3.6/site-packages
configure:14458: checking for library containing pthread_create
configure:14489: gcc -o conftest -O2 -g -m64 -fmessage-length=0 -D_FORTIFY_SOURCE=2 -fstack-protector -funwind-tables -fasynchronous-unwind-tables -fcommon -fstack-protector -Wno-error=clobbered -Werror=maybe-uninitialized -pthread   conftest.c  >&5
configure:14489: $? = 0
configure:14506: result: none required
configure:14521: checking for clock_gettime in -lrt
configure:14546: gcc -o conftest -O2 -g -m64 -fmessage-length=0 -D_FORTIFY_SOURCE=2 -fstack-protector -funwind-tables -fasynchronous-unwind-tables -fcommon -fstack-protector -Wno-error=clobbered -Werror=maybe-uninitialized -pthread   conftest.c -lrt   >&5
configure:14546: $? = 0
configure:14555: result: yes
configure:14573: checking for dlopen in -ldl
configure:14598: gcc -o conftest -O2 -g -m64 -fmessage-length=0 -D_FORTIFY_SOURCE=2 -fstack-protector -funwind-tables -fasynchronous-unwind-tables -fcommon -fstack-protector -Wno-error=clobbered -Werror=maybe-uninitialized -pthread   conftest.c -ldl   >&5
configure:14598: $? = 0
configure:14607: result: yes
configure:14625: checking for socket in -lsocket
configure:14650: gcc -o conftest -O2 -g -m64 -fmessage-length=0 -D_FORTIFY_SOURCE=2 -fstack-protector -funwind-tables -fasynchronous-unwind-tables -fcommon -fstack-protector -Wno-error=clobbered -Werror=maybe-uninitialized -pthread   conftest.c -lsocket   >&5
/usr/lib64/gcc/x86_64-suse-linux/7/../../../../x86_64-suse-linux/bin/ld: cannot find -lsocket
collect2: error: ld returned 1 exit status
configure:14650: $? = 1
configure: failed program was:
| /* confdefs.h */
| #define PACKAGE_NAME "Varnish"
| #define PACKAGE_TARNAME "varnish"
| #define PACKAGE_VERSION "6.5.2"
| #define PACKAGE_STRING "Varnish 6.5.2"
| #define PACKAGE_BUGREPORT "varnish-dev@varnish-cache.org"
| #define PACKAGE_URL ""
| #define STDC_HEADERS 1
| #define HAVE_SYS_TYPES_H 1
| #define HAVE_SYS_STAT_H 1
| #define HAVE_STDLIB_H 1
| #define HAVE_STRING_H 1
| #define HAVE_MEMORY_H 1
| #define HAVE_STRINGS_H 1
| #define HAVE_INTTYPES_H 1
| #define HAVE_STDINT_H 1
| #define HAVE_UNISTD_H 1
| #define __EXTENSIONS__ 1
| #define _ALL_SOURCE 1
| #define _GNU_SOURCE 1
| #define _POSIX_PTHREAD_SEMANTICS 1
| #define _TANDEM_SOURCE 1
| #define PACKAGE "varnish"
| #define VERSION "6.5.2"
| #define HAVE_DLFCN_H 1
| #define LT_OBJDIR ".libs/"
| #define HAVE_PTHREAD_PRIO_INHERIT 1
| #define HAVE_PTHREAD 1
| #define HAVE_LIBRT 1
| #define HAVE_LIBDL 1
| /* end confdefs.h.  */
| 
| /* Override any GCC internal prototype to avoid an error.
|    Use char because int might match the return type of a GCC
|    builtin and then its argument prototype would still apply.  */
| #ifdef __cplusplus
| extern "C"
| #endif
| char socket ();
| int
| main ()
| {
| return socket ();
|   ;
|   return 0;
| }
configure:14659: result: no
configure:14677: checking for getaddrinfo in -lnsl
configure:14702: gcc -o conftest -O2 -g -m64 -fmessage-length=0 -D_FORTIFY_SOURCE=2 -fstack-protector -funwind-tables -fasynchronous-unwind-tables -fcommon -fstack-protector -Wno-error=clobbered -Werror=maybe-uninitialized -pthread   conftest.c -lnsl   >&5
/usr/lib64/gcc/x86_64-suse-linux/7/../../../../x86_64-suse-linux/bin/ld: cannot find -lnsl
collect2: error: ld returned 1 exit status
configure:14702: $? = 1
configure: failed program was:
| /* confdefs.h */
| #define PACKAGE_NAME "Varnish"
| #define PACKAGE_TARNAME "varnish"
| #define PACKAGE_VERSION "6.5.2"
| #define PACKAGE_STRING "Varnish 6.5.2"
| #define PACKAGE_BUGREPORT "varnish-dev@varnish-cache.org"
| #define PACKAGE_URL ""
| #define STDC_HEADERS 1
| #define HAVE_SYS_TYPES_H 1
| #define HAVE_SYS_STAT_H 1
| #define HAVE_STDLIB_H 1
| #define HAVE_STRING_H 1
| #define HAVE_MEMORY_H 1
| #define HAVE_STRINGS_H 1
| #define HAVE_INTTYPES_H 1
| #define HAVE_STDINT_H 1
| #define HAVE_UNISTD_H 1
| #define __EXTENSIONS__ 1
| #define _ALL_SOURCE 1
| #define _GNU_SOURCE 1
| #define _POSIX_PTHREAD_SEMANTICS 1
| #define _TANDEM_SOURCE 1
| #define PACKAGE "varnish"
| #define VERSION "6.5.2"
| #define HAVE_DLFCN_H 1
| #define LT_OBJDIR ".libs/"
| #define HAVE_PTHREAD_PRIO_INHERIT 1
| #define HAVE_PTHREAD 1
| #define HAVE_LIBRT 1
| #define HAVE_LIBDL 1
| /* end confdefs.h.  */
| 
| /* Override any GCC internal prototype to avoid an error.
|    Use char because int might match the return type of a GCC
|    builtin and then its argument prototype would still apply.  */
| #ifdef __cplusplus
| extern "C"
| #endif
| char getaddrinfo ();
| int
| main ()
| {
| return getaddrinfo ();
|   ;
|   return 0;
| }
configure:14711: result: no
configure:14733: checking umem.h usability
configure:14733: gcc -c -O2 -g -m64 -fmessage-length=0 -D_FORTIFY_SOURCE=2 -fstack-protector -funwind-tables -fasynchronous-unwind-tables -fcommon -fstack-protector -Wno-error=clobbered -Werror=maybe-uninitialized -pthread  conftest.c >&5
conftest.c:65:10: fatal error: umem.h: No such file or directory
 #include <umem.h>
          ^~~~~~~~
compilation terminated.
configure:14733: $? = 1
configure: failed program was:
| /* confdefs.h */
| #define PACKAGE_NAME "Varnish"
| #define PACKAGE_TARNAME "varnish"
| #define PACKAGE_VERSION "6.5.2"
| #define PACKAGE_STRING "Varnish 6.5.2"
| #define PACKAGE_BUGREPORT "varnish-dev@varnish-cache.org"
| #define PACKAGE_URL ""
| #define STDC_HEADERS 1
| #define HAVE_SYS_TYPES_H 1
| #define HAVE_SYS_STAT_H 1
| #define HAVE_STDLIB_H 1
| #define HAVE_STRING_H 1
| #define HAVE_MEMORY_H 1
| #define HAVE_STRINGS_H 1
| #define HAVE_INTTYPES_H 1
| #define HAVE_STDINT_H 1
| #define HAVE_UNISTD_H 1
| #define __EXTENSIONS__ 1
| #define _ALL_SOURCE 1
| #define _GNU_SOURCE 1
| #define _POSIX_PTHREAD_SEMANTICS 1
| #define _TANDEM_SOURCE 1
| #define PACKAGE "varnish"
| #define VERSION "6.5.2"
| #define HAVE_DLFCN_H 1
| #define LT_OBJDIR ".libs/"
| #define HAVE_PTHREAD_PRIO_INHERIT 1
| #define HAVE_PTHREAD 1
| #define HAVE_LIBRT 1
| #define HAVE_LIBDL 1
| /* end confdefs.h.  */
| #include <stdio.h>
| #ifdef HAVE_SYS_TYPES_H
| # include <sys/types.h>
| #endif
| #ifdef HAVE_SYS_STAT_H
| # include <sys/stat.h>
| #endif
| #ifdef STDC_HEADERS
| # include <stdlib.h>
| # include <stddef.h>
| #else
| # ifdef HAVE_STDLIB_H
| #  include <stdlib.h>
| # endif
| #endif
| #ifdef HAVE_STRING_H
| # if !defined STDC_HEADERS && defined HAVE_MEMORY_H
| #  include <memory.h>
| # endif
| # include <string.h>
| #endif
| #ifdef HAVE_STRINGS_H
| # include <strings.h>
| #endif
| #ifdef HAVE_INTTYPES_H
| # include <inttypes.h>
| #endif
| #ifdef HAVE_STDINT_H
| # include <stdint.h>
| #endif
| #ifdef HAVE_UNISTD_H
| # include <unistd.h>
| #endif
| #include <umem.h>
configure:14733: result: no
configure:14733: checking umem.h presence
configure:14733: gcc -E  conftest.c
conftest.c:32:10: fatal error: umem.h: No such file or directory
 #include <umem.h>
          ^~~~~~~~
compilation terminated.
configure:14733: $? = 1
configure: failed program was:
| /* confdefs.h */
| #define PACKAGE_NAME "Varnish"
| #define PACKAGE_TARNAME "varnish"
| #define PACKAGE_VERSION "6.5.2"
| #define PACKAGE_STRING "Varnish 6.5.2"
| #define PACKAGE_BUGREPORT "varnish-dev@varnish-cache.org"
| #define PACKAGE_URL ""
| #define STDC_HEADERS 1
| #define HAVE_SYS_TYPES_H 1
| #define HAVE_SYS_STAT_H 1
| #define HAVE_STDLIB_H 1
| #define HAVE_STRING_H 1
| #define HAVE_MEMORY_H 1
| #define HAVE_STRINGS_H 1
| #define HAVE_INTTYPES_H 1
| #define HAVE_STDINT_H 1
| #define HAVE_UNISTD_H 1
| #define __EXTENSIONS__ 1
| #define _ALL_SOURCE 1
| #define _GNU_SOURCE 1
| #define _POSIX_PTHREAD_SEMANTICS 1
| #define _TANDEM_SOURCE 1
| #define PACKAGE "varnish"
| #define VERSION "6.5.2"
| #define HAVE_DLFCN_H 1
| #define LT_OBJDIR ".libs/"
| #define HAVE_PTHREAD_PRIO_INHERIT 1
| #define HAVE_PTHREAD 1
| #define HAVE_LIBRT 1
| #define HAVE_LIBDL 1
| /* end confdefs.h.  */
| #include <umem.h>
configure:14733: result: no
configure:14733: checking for umem.h
configure:14733: result: no
configure:14747: checking stdatomic.h usability
configure:14747: gcc -c -O2 -g -m64 -fmessage-length=0 -D_FORTIFY_SOURCE=2 -fstack-protector -funwind-tables -fasynchronous-unwind-tables -fcommon -fstack-protector -Wno-error=clobbered -Werror=maybe-uninitialized -pthread  conftest.c >&5
configure:14747: $? = 0
configure:14747: result: yes
configure:14747: checking stdatomic.h presence
configure:14747: gcc -E  conftest.c
configure:14747: $? = 0
configure:14747: result: yes
configure:14747: checking for stdatomic.h
configure:14747: result: yes
configure:14847: checking for cos in -lm
configure:14872: gcc -o conftest -O2 -g -m64 -fmessage-length=0 -D_FORTIFY_SOURCE=2 -fstack-protector -funwind-tables -fasynchronous-unwind-tables -fcommon -fstack-protector -Wno-error=clobbered -Werror=maybe-uninitialized -pthread   conftest.c -lm    >&5
conftest.c:40:6: warning: conflicting types for built-in function 'cos' [-Wbuiltin-declaration-mismatch]
 char cos ();
      ^~~
configure:14872: $? = 0
configure:14881: result: yes
configure:14905: checking for x86_64-suse-linux-gnu-pkg-config
configure:14923: found /usr/bin/x86_64-suse-linux-gnu-pkg-config
configure:14935: result: /usr/bin/x86_64-suse-linux-gnu-pkg-config
configure:15003: checking pkg-config is at least version 0.9.0
configure:15006: result: yes
configure:15017: checking for PCRE
configure:15024: $PKG_CONFIG --exists --print-errors "libpcre"
configure:15027: $? = 0
configure:15041: $PKG_CONFIG --exists --print-errors "libpcre"
configure:15044: $? = 0
configure:15102: result: yes
configure:15225: checking for PCRE JIT usability
configure:15260: gcc -o conftest -O2 -g -m64 -fmessage-length=0 -D_FORTIFY_SOURCE=2 -fstack-protector -funwind-tables -fasynchronous-unwind-tables -fcommon -fstack-protector -Wno-error=clobbered -Werror=maybe-uninitialized -pthread    conftest.c   -lpcre >&5
configure:15260: $? = 0
configure:15260: ./conftest
configure:15260: $? = 0
configure:15261: result: yes
configure:15283: checking edit/readline/readline.h usability
configure:15283: gcc -c -O2 -g -m64 -fmessage-length=0 -D_FORTIFY_SOURCE=2 -fstack-protector -funwind-tables -fasynchronous-unwind-tables -fcommon -fstack-protector -Wno-error=clobbered -Werror=maybe-uninitialized -pthread  conftest.c >&5
conftest.c:67:10: fatal error: edit/readline/readline.h: No such file or directory
 #include <edit/readline/readline.h>
          ^~~~~~~~~~~~~~~~~~~~~~~~~~
compilation terminated.
configure:15283: $? = 1
configure: failed program was:
| /* confdefs.h */
| #define PACKAGE_NAME "Varnish"
| #define PACKAGE_TARNAME "varnish"
| #define PACKAGE_VERSION "6.5.2"
| #define PACKAGE_STRING "Varnish 6.5.2"
| #define PACKAGE_BUGREPORT "varnish-dev@varnish-cache.org"
| #define PACKAGE_URL ""
| #define STDC_HEADERS 1
| #define HAVE_SYS_TYPES_H 1
| #define HAVE_SYS_STAT_H 1
| #define HAVE_STDLIB_H 1
| #define HAVE_STRING_H 1
| #define HAVE_MEMORY_H 1
| #define HAVE_STRINGS_H 1
| #define HAVE_INTTYPES_H 1
| #define HAVE_STDINT_H 1
| #define HAVE_UNISTD_H 1
| #define __EXTENSIONS__ 1
| #define _ALL_SOURCE 1
| #define _GNU_SOURCE 1
| #define _POSIX_PTHREAD_SEMANTICS 1
| #define _TANDEM_SOURCE 1
| #define PACKAGE "varnish"
| #define VERSION "6.5.2"
| #define HAVE_DLFCN_H 1
| #define LT_OBJDIR ".libs/"
| #define HAVE_PTHREAD_PRIO_INHERIT 1
| #define HAVE_PTHREAD 1
| #define HAVE_LIBRT 1
| #define HAVE_LIBDL 1
| #define HAVE_STDATOMIC_H 1
| #define USE_PCRE_JIT 1
| /* end confdefs.h.  */
| #include <stdio.h>
| #ifdef HAVE_SYS_TYPES_H
| # include <sys/types.h>
| #endif
| #ifdef HAVE_SYS_STAT_H
| # include <sys/stat.h>
| #endif
| #ifdef STDC_HEADERS
| # include <stdlib.h>
| # include <stddef.h>
| #else
| # ifdef HAVE_STDLIB_H
| #  include <stdlib.h>
| # endif
| #endif
| #ifdef HAVE_STRING_H
| # if !defined STDC_HEADERS && defined HAVE_MEMORY_H
| #  include <memory.h>
| # endif
| # include <string.h>
| #endif
| #ifdef HAVE_STRINGS_H
| # include <strings.h>
| #endif
| #ifdef HAVE_INTTYPES_H
| # include <inttypes.h>
| #endif
| #ifdef HAVE_STDINT_H
| # include <stdint.h>
| #endif
| #ifdef HAVE_UNISTD_H
| # include <unistd.h>
| #endif
| #include <edit/readline/readline.h>
configure:15283: result: no
configure:15283: checking edit/readline/readline.h presence
configure:15283: gcc -E  conftest.c
conftest.c:34:10: fatal error: edit/readline/readline.h: No such file or directory
 #include <edit/readline/readline.h>
          ^~~~~~~~~~~~~~~~~~~~~~~~~~
compilation terminated.
configure:15283: $? = 1
configure: failed program was:
| /* confdefs.h */
| #define PACKAGE_NAME "Varnish"
| #define PACKAGE_TARNAME "varnish"
| #define PACKAGE_VERSION "6.5.2"
| #define PACKAGE_STRING "Varnish 6.5.2"
| #define PACKAGE_BUGREPORT "varnish-dev@varnish-cache.org"
| #define PACKAGE_URL ""
| #define STDC_HEADERS 1
| #define HAVE_SYS_TYPES_H 1
| #define HAVE_SYS_STAT_H 1
| #define HAVE_STDLIB_H 1
| #define HAVE_STRING_H 1
| #define HAVE_MEMORY_H 1
| #define HAVE_STRINGS_H 1
| #define HAVE_INTTYPES_H 1
| #define HAVE_STDINT_H 1
| #define HAVE_UNISTD_H 1
| #define __EXTENSIONS__ 1
| #define _ALL_SOURCE 1
| #define _GNU_SOURCE 1
| #define _POSIX_PTHREAD_SEMANTICS 1
| #define _TANDEM_SOURCE 1
| #define PACKAGE "varnish"
| #define VERSION "6.5.2"
| #define HAVE_DLFCN_H 1
| #define LT_OBJDIR ".libs/"
| #define HAVE_PTHREAD_PRIO_INHERIT 1
| #define HAVE_PTHREAD 1
| #define HAVE_LIBRT 1
| #define HAVE_LIBDL 1
| #define HAVE_STDATOMIC_H 1
| #define USE_PCRE_JIT 1
| /* end confdefs.h.  */
| #include <edit/readline/readline.h>
configure:15283: result: no
configure:15283: checking for edit/readline/readline.h
configure:15283: result: no
configure:15295: checking for LIBEDIT
configure:15302: $PKG_CONFIG --exists --print-errors "libedit"
configure:15305: $? = 0
configure:15319: $PKG_CONFIG --exists --print-errors "libedit"
configure:15322: $? = 0
configure:15642: result: yes
configure:15647: checking editline/readline.h usability
configure:15647: gcc -c -O2 -g -m64 -fmessage-length=0 -D_FORTIFY_SOURCE=2 -fstack-protector -funwind-tables -fasynchronous-unwind-tables -fcommon -fstack-protector -Wno-error=clobbered -Werror=maybe-uninitialized -pthread  conftest.c >&5
configure:15647: $? = 0
configure:15647: result: yes
configure:15647: checking editline/readline.h presence
configure:15647: gcc -E  conftest.c
configure:15647: $? = 0
configure:15647: result: yes
configure:15647: checking for editline/readline.h
configure:15647: result: yes
configure:15670: checking for CURSES
configure:15677: $PKG_CONFIG --exists --print-errors "ncursesw"
configure:15680: $? = 0
configure:15694: $PKG_CONFIG --exists --print-errors "ncursesw"
configure:15697: $? = 0
configure:22263: result: yes
configure:22272: checking ncursesw/curses.h usability
configure:22272: gcc -c -O2 -g -m64 -fmessage-length=0 -D_FORTIFY_SOURCE=2 -fstack-protector -funwind-tables -fasynchronous-unwind-tables -fcommon -fstack-protector -Wno-error=clobbered -Werror=maybe-uninitialized -pthread  conftest.c >&5
configure:22272: $? = 0
configure:22272: result: yes
configure:22272: checking ncursesw/curses.h presence
configure:22272: gcc -E  conftest.c
configure:22272: $? = 0
configure:22272: result: yes
configure:22272: checking for ncursesw/curses.h
configure:22272: result: yes
configure:22272: checking ncursesw.h usability
configure:22272: gcc -c -O2 -g -m64 -fmessage-length=0 -D_FORTIFY_SOURCE=2 -fstack-protector -funwind-tables -fasynchronous-unwind-tables -fcommon -fstack-protector -Wno-error=clobbered -Werror=maybe-uninitialized -pthread  conftest.c >&5
conftest.c:70:10: fatal error: ncursesw.h: No such file or directory
 #include <ncursesw.h>
          ^~~~~~~~~~~~
compilation terminated.
configure:22272: $? = 1
configure: failed program was:
| /* confdefs.h */
| #define PACKAGE_NAME "Varnish"
| #define PACKAGE_TARNAME "varnish"
| #define PACKAGE_VERSION "6.5.2"
| #define PACKAGE_STRING "Varnish 6.5.2"
| #define PACKAGE_BUGREPORT "varnish-dev@varnish-cache.org"
| #define PACKAGE_URL ""
| #define STDC_HEADERS 1
| #define HAVE_SYS_TYPES_H 1
| #define HAVE_SYS_STAT_H 1
| #define HAVE_STDLIB_H 1
| #define HAVE_STRING_H 1
| #define HAVE_MEMORY_H 1
| #define HAVE_STRINGS_H 1
| #define HAVE_INTTYPES_H 1
| #define HAVE_STDINT_H 1
| #define HAVE_UNISTD_H 1
| #define __EXTENSIONS__ 1
| #define _ALL_SOURCE 1
| #define _GNU_SOURCE 1
| #define _POSIX_PTHREAD_SEMANTICS 1
| #define _TANDEM_SOURCE 1
| #define PACKAGE "varnish"
| #define VERSION "6.5.2"
| #define HAVE_DLFCN_H 1
| #define LT_OBJDIR ".libs/"
| #define HAVE_PTHREAD_PRIO_INHERIT 1
| #define HAVE_PTHREAD 1
| #define HAVE_LIBRT 1
| #define HAVE_LIBDL 1
| #define HAVE_STDATOMIC_H 1
| #define USE_PCRE_JIT 1
| #define HAVE_EDITLINE_READLINE_H 1
| #define HAVE_LIBEDIT 1
| #define HAVE_NCURSESW_CURSES_H 1
| /* end confdefs.h.  */
| #include <stdio.h>
| #ifdef HAVE_SYS_TYPES_H
| # include <sys/types.h>
| #endif
| #ifdef HAVE_SYS_STAT_H
| # include <sys/stat.h>
| #endif
| #ifdef STDC_HEADERS
| # include <stdlib.h>
| # include <stddef.h>
| #else
| # ifdef HAVE_STDLIB_H
| #  include <stdlib.h>
| # endif
| #endif
| #ifdef HAVE_STRING_H
| # if !defined STDC_HEADERS && defined HAVE_MEMORY_H
| #  include <memory.h>
| # endif
| # include <string.h>
| #endif
| #ifdef HAVE_STRINGS_H
| # include <strings.h>
| #endif
| #ifdef HAVE_INTTYPES_H
| # include <inttypes.h>
| #endif
| #ifdef HAVE_STDINT_H
| # include <stdint.h>
| #endif
| #ifdef HAVE_UNISTD_H
| # include <unistd.h>
| #endif
| #include <ncursesw.h>
configure:22272: result: no
configure:22272: checking ncursesw.h presence
configure:22272: gcc -E  conftest.c
conftest.c:37:10: fatal error: ncursesw.h: No such file or directory
 #include <ncursesw.h>
          ^~~~~~~~~~~~
compilation terminated.
configure:22272: $? = 1
configure: failed program was:
| /* confdefs.h */
| #define PACKAGE_NAME "Varnish"
| #define PACKAGE_TARNAME "varnish"
| #define PACKAGE_VERSION "6.5.2"
| #define PACKAGE_STRING "Varnish 6.5.2"
| #define PACKAGE_BUGREPORT "varnish-dev@varnish-cache.org"
| #define PACKAGE_URL ""
| #define STDC_HEADERS 1
| #define HAVE_SYS_TYPES_H 1
| #define HAVE_SYS_STAT_H 1
| #define HAVE_STDLIB_H 1
| #define HAVE_STRING_H 1
| #define HAVE_MEMORY_H 1
| #define HAVE_STRINGS_H 1
| #define HAVE_INTTYPES_H 1
| #define HAVE_STDINT_H 1
| #define HAVE_UNISTD_H 1
| #define __EXTENSIONS__ 1
| #define _ALL_SOURCE 1
| #define _GNU_SOURCE 1
| #define _POSIX_PTHREAD_SEMANTICS 1
| #define _TANDEM_SOURCE 1
| #define PACKAGE "varnish"
| #define VERSION "6.5.2"
| #define HAVE_DLFCN_H 1
| #define LT_OBJDIR ".libs/"
| #define HAVE_PTHREAD_PRIO_INHERIT 1
| #define HAVE_PTHREAD 1
| #define HAVE_LIBRT 1
| #define HAVE_LIBDL 1
| #define HAVE_STDATOMIC_H 1
| #define USE_PCRE_JIT 1
| #define HAVE_EDITLINE_READLINE_H 1
| #define HAVE_LIBEDIT 1
| #define HAVE_NCURSESW_CURSES_H 1
| /* end confdefs.h.  */
| #include <ncursesw.h>
configure:22272: result: no
configure:22272: checking for ncursesw.h
configure:22272: result: no
configure:22272: checking ncurses/curses.h usability
configure:22272: gcc -c -O2 -g -m64 -fmessage-length=0 -D_FORTIFY_SOURCE=2 -fstack-protector -funwind-tables -fasynchronous-unwind-tables -fcommon -fstack-protector -Wno-error=clobbered -Werror=maybe-uninitialized -pthread  conftest.c >&5
configure:22272: $? = 0
configure:22272: result: yes
configure:22272: checking ncurses/curses.h presence
configure:22272: gcc -E  conftest.c
configure:22272: $? = 0
configure:22272: result: yes
configure:22272: checking for ncurses/curses.h
configure:22272: result: yes
configure:22272: checking ncurses.h usability
configure:22272: gcc -c -O2 -g -m64 -fmessage-length=0 -D_FORTIFY_SOURCE=2 -fstack-protector -funwind-tables -fasynchronous-unwind-tables -fcommon -fstack-protector -Wno-error=clobbered -Werror=maybe-uninitialized -pthread  conftest.c >&5
configure:22272: $? = 0
configure:22272: result: yes
configure:22272: checking ncurses.h presence
configure:22272: gcc -E  conftest.c
configure:22272: $? = 0
configure:22272: result: yes
configure:22272: checking for ncurses.h
configure:22272: result: yes
configure:22272: checking curses.h usability
configure:22272: gcc -c -O2 -g -m64 -fmessage-length=0 -D_FORTIFY_SOURCE=2 -fstack-protector -funwind-tables -fasynchronous-unwind-tables -fcommon -fstack-protector -Wno-error=clobbered -Werror=maybe-uninitialized -pthread  conftest.c >&5
configure:22272: $? = 0
configure:22272: result: yes
configure:22272: checking curses.h presence
configure:22272: gcc -E  conftest.c
configure:22272: $? = 0
configure:22272: result: yes
configure:22272: checking for curses.h
configure:22272: result: yes
configure:22284: checking for ANSI C header files
configure:22388: result: yes
configure:22398: checking sys/endian.h usability
configure:22398: gcc -c -O2 -g -m64 -fmessage-length=0 -D_FORTIFY_SOURCE=2 -fstack-protector -funwind-tables -fasynchronous-unwind-tables -fcommon -fstack-protector -Wno-error=clobbered -Werror=maybe-uninitialized -pthread  conftest.c >&5
conftest.c:74:10: fatal error: sys/endian.h: No such file or directory
 #include <sys/endian.h>
          ^~~~~~~~~~~~~~
compilation terminated.
configure:22398: $? = 1
configure: failed program was:
| /* confdefs.h */
| #define PACKAGE_NAME "Varnish"
| #define PACKAGE_TARNAME "varnish"
| #define PACKAGE_VERSION "6.5.2"
| #define PACKAGE_STRING "Varnish 6.5.2"
| #define PACKAGE_BUGREPORT "varnish-dev@varnish-cache.org"
| #define PACKAGE_URL ""
| #define STDC_HEADERS 1
| #define HAVE_SYS_TYPES_H 1
| #define HAVE_SYS_STAT_H 1
| #define HAVE_STDLIB_H 1
| #define HAVE_STRING_H 1
| #define HAVE_MEMORY_H 1
| #define HAVE_STRINGS_H 1
| #define HAVE_INTTYPES_H 1
| #define HAVE_STDINT_H 1
| #define HAVE_UNISTD_H 1
| #define __EXTENSIONS__ 1
| #define _ALL_SOURCE 1
| #define _GNU_SOURCE 1
| #define _POSIX_PTHREAD_SEMANTICS 1
| #define _TANDEM_SOURCE 1
| #define PACKAGE "varnish"
| #define VERSION "6.5.2"
| #define HAVE_DLFCN_H 1
| #define LT_OBJDIR ".libs/"
| #define HAVE_PTHREAD_PRIO_INHERIT 1
| #define HAVE_PTHREAD 1
| #define HAVE_LIBRT 1
| #define HAVE_LIBDL 1
| #define HAVE_STDATOMIC_H 1
| #define USE_PCRE_JIT 1
| #define HAVE_EDITLINE_READLINE_H 1
| #define HAVE_LIBEDIT 1
| #define HAVE_NCURSESW_CURSES_H 1
| #define HAVE_NCURSES_CURSES_H 1
| #define HAVE_NCURSES_H 1
| #define HAVE_CURSES_H 1
| #define STDC_HEADERS 1
| /* end confdefs.h.  */
| #include <stdio.h>
| #ifdef HAVE_SYS_TYPES_H
| # include <sys/types.h>
| #endif
| #ifdef HAVE_SYS_STAT_H
| # include <sys/stat.h>
| #endif
| #ifdef STDC_HEADERS
| # include <stdlib.h>
| # include <stddef.h>
| #else
| # ifdef HAVE_STDLIB_H
| #  include <stdlib.h>
| # endif
| #endif
| #ifdef HAVE_STRING_H
| # if !defined STDC_HEADERS && defined HAVE_MEMORY_H
| #  include <memory.h>
| # endif
| # include <string.h>
| #endif
| #ifdef HAVE_STRINGS_H
| # include <strings.h>
| #endif
| #ifdef HAVE_INTTYPES_H
| # include <inttypes.h>
| #endif
| #ifdef HAVE_STDINT_H
| # include <stdint.h>
| #endif
| #ifdef HAVE_UNISTD_H
| # include <unistd.h>
| #endif
| #include <sys/endian.h>
configure:22398: result: no
configure:22398: checking sys/endian.h presence
configure:22398: gcc -E  conftest.c
conftest.c:41:10: fatal error: sys/endian.h: No such file or directory
 #include <sys/endian.h>
          ^~~~~~~~~~~~~~
compilation terminated.
configure:22398: $? = 1
configure: failed program was:
| /* confdefs.h */
| #define PACKAGE_NAME "Varnish"
| #define PACKAGE_TARNAME "varnish"
| #define PACKAGE_VERSION "6.5.2"
| #define PACKAGE_STRING "Varnish 6.5.2"
| #define PACKAGE_BUGREPORT "varnish-dev@varnish-cache.org"
| #define PACKAGE_URL ""
| #define STDC_HEADERS 1
| #define HAVE_SYS_TYPES_H 1
| #define HAVE_SYS_STAT_H 1
| #define HAVE_STDLIB_H 1
| #define HAVE_STRING_H 1
| #define HAVE_MEMORY_H 1
| #define HAVE_STRINGS_H 1
| #define HAVE_INTTYPES_H 1
| #define HAVE_STDINT_H 1
| #define HAVE_UNISTD_H 1
| #define __EXTENSIONS__ 1
| #define _ALL_SOURCE 1
| #define _GNU_SOURCE 1
| #define _POSIX_PTHREAD_SEMANTICS 1
| #define _TANDEM_SOURCE 1
| #define PACKAGE "varnish"
| #define VERSION "6.5.2"
| #define HAVE_DLFCN_H 1
| #define LT_OBJDIR ".libs/"
| #define HAVE_PTHREAD_PRIO_INHERIT 1
| #define HAVE_PTHREAD 1
| #define HAVE_LIBRT 1
| #define HAVE_LIBDL 1
| #define HAVE_STDATOMIC_H 1
| #define USE_PCRE_JIT 1
| #define HAVE_EDITLINE_READLINE_H 1
| #define HAVE_LIBEDIT 1
| #define HAVE_NCURSESW_CURSES_H 1
| #define HAVE_NCURSES_CURSES_H 1
| #define HAVE_NCURSES_H 1
| #define HAVE_CURSES_H 1
| #define STDC_HEADERS 1
| /* end confdefs.h.  */
| #include <sys/endian.h>
configure:22398: result: no
configure:22398: checking for sys/endian.h
configure:22398: result: no
configure:22410: checking sys/filio.h usability
configure:22410: gcc -c -O2 -g -m64 -fmessage-length=0 -D_FORTIFY_SOURCE=2 -fstack-protector -funwind-tables -fasynchronous-unwind-tables -fcommon -fstack-protector -Wno-error=clobbered -Werror=maybe-uninitialized -pthread  conftest.c >&5
conftest.c:74:10: fatal error: sys/filio.h: No such file or directory
 #include <sys/filio.h>
          ^~~~~~~~~~~~~
compilation terminated.
configure:22410: $? = 1
configure: failed program was:
| /* confdefs.h */
| #define PACKAGE_NAME "Varnish"
| #define PACKAGE_TARNAME "varnish"
| #define PACKAGE_VERSION "6.5.2"
| #define PACKAGE_STRING "Varnish 6.5.2"
| #define PACKAGE_BUGREPORT "varnish-dev@varnish-cache.org"
| #define PACKAGE_URL ""
| #define STDC_HEADERS 1
| #define HAVE_SYS_TYPES_H 1
| #define HAVE_SYS_STAT_H 1
| #define HAVE_STDLIB_H 1
| #define HAVE_STRING_H 1
| #define HAVE_MEMORY_H 1
| #define HAVE_STRINGS_H 1
| #define HAVE_INTTYPES_H 1
| #define HAVE_STDINT_H 1
| #define HAVE_UNISTD_H 1
| #define __EXTENSIONS__ 1
| #define _ALL_SOURCE 1
| #define _GNU_SOURCE 1
| #define _POSIX_PTHREAD_SEMANTICS 1
| #define _TANDEM_SOURCE 1
| #define PACKAGE "varnish"
| #define VERSION "6.5.2"
| #define HAVE_DLFCN_H 1
| #define LT_OBJDIR ".libs/"
| #define HAVE_PTHREAD_PRIO_INHERIT 1
| #define HAVE_PTHREAD 1
| #define HAVE_LIBRT 1
| #define HAVE_LIBDL 1
| #define HAVE_STDATOMIC_H 1
| #define USE_PCRE_JIT 1
| #define HAVE_EDITLINE_READLINE_H 1
| #define HAVE_LIBEDIT 1
| #define HAVE_NCURSESW_CURSES_H 1
| #define HAVE_NCURSES_CURSES_H 1
| #define HAVE_NCURSES_H 1
| #define HAVE_CURSES_H 1
| #define STDC_HEADERS 1
| /* end confdefs.h.  */
| #include <stdio.h>
| #ifdef HAVE_SYS_TYPES_H
| # include <sys/types.h>
| #endif
| #ifdef HAVE_SYS_STAT_H
| # include <sys/stat.h>
| #endif
| #ifdef STDC_HEADERS
| # include <stdlib.h>
| # include <stddef.h>
| #else
| # ifdef HAVE_STDLIB_H
| #  include <stdlib.h>
| # endif
| #endif
| #ifdef HAVE_STRING_H
| # if !defined STDC_HEADERS && defined HAVE_MEMORY_H
| #  include <memory.h>
| # endif
| # include <string.h>
| #endif
| #ifdef HAVE_STRINGS_H
| # include <strings.h>
| #endif
| #ifdef HAVE_INTTYPES_H
| # include <inttypes.h>
| #endif
| #ifdef HAVE_STDINT_H
| # include <stdint.h>
| #endif
| #ifdef HAVE_UNISTD_H
| # include <unistd.h>
| #endif
| #include <sys/filio.h>
configure:22410: result: no
configure:22410: checking sys/filio.h presence
configure:22410: gcc -E  conftest.c
conftest.c:41:10: fatal error: sys/filio.h: No such file or directory
 #include <sys/filio.h>
          ^~~~~~~~~~~~~
compilation terminated.
configure:22410: $? = 1
configure: failed program was:
| /* confdefs.h */
| #define PACKAGE_NAME "Varnish"
| #define PACKAGE_TARNAME "varnish"
| #define PACKAGE_VERSION "6.5.2"
| #define PACKAGE_STRING "Varnish 6.5.2"
| #define PACKAGE_BUGREPORT "varnish-dev@varnish-cache.org"
| #define PACKAGE_URL ""
| #define STDC_HEADERS 1
| #define HAVE_SYS_TYPES_H 1
| #define HAVE_SYS_STAT_H 1
| #define HAVE_STDLIB_H 1
| #define HAVE_STRING_H 1
| #define HAVE_MEMORY_H 1
| #define HAVE_STRINGS_H 1
| #define HAVE_INTTYPES_H 1
| #define HAVE_STDINT_H 1
| #define HAVE_UNISTD_H 1
| #define __EXTENSIONS__ 1
| #define _ALL_SOURCE 1
| #define _GNU_SOURCE 1
| #define _POSIX_PTHREAD_SEMANTICS 1
| #define _TANDEM_SOURCE 1
| #define PACKAGE "varnish"
| #define VERSION "6.5.2"
| #define HAVE_DLFCN_H 1
| #define LT_OBJDIR ".libs/"
| #define HAVE_PTHREAD_PRIO_INHERIT 1
| #define HAVE_PTHREAD 1
| #define HAVE_LIBRT 1
| #define HAVE_LIBDL 1
| #define HAVE_STDATOMIC_H 1
| #define USE_PCRE_JIT 1
| #define HAVE_EDITLINE_READLINE_H 1
| #define HAVE_LIBEDIT 1
| #define HAVE_NCURSESW_CURSES_H 1
| #define HAVE_NCURSES_CURSES_H 1
| #define HAVE_NCURSES_H 1
| #define HAVE_CURSES_H 1
| #define STDC_HEADERS 1
| /* end confdefs.h.  */
| #include <sys/filio.h>
configure:22410: result: no
configure:22410: checking for sys/filio.h
configure:22410: result: no
configure:22422: checking for sys/mount.h
configure:22422: gcc -c -O2 -g -m64 -fmessage-length=0 -D_FORTIFY_SOURCE=2 -fstack-protector -funwind-tables -fasynchronous-unwind-tables -fcommon -fstack-protector -Wno-error=clobbered -Werror=maybe-uninitialized -pthread  conftest.c >&5
configure:22422: $? = 0
configure:22422: result: yes
configure:22435: checking sys/personality.h usability
configure:22435: gcc -c -O2 -g -m64 -fmessage-length=0 -D_FORTIFY_SOURCE=2 -fstack-protector -funwind-tables -fasynchronous-unwind-tables -fcommon -fstack-protector -Wno-error=clobbered -Werror=maybe-uninitialized -pthread  conftest.c >&5
configure:22435: $? = 0
configure:22435: result: yes
configure:22435: checking sys/personality.h presence
configure:22435: gcc -E  conftest.c
configure:22435: $? = 0
configure:22435: result: yes
configure:22435: checking for sys/personality.h
configure:22435: result: yes
configure:22447: checking sys/statvfs.h usability
configure:22447: gcc -c -O2 -g -m64 -fmessage-length=0 -D_FORTIFY_SOURCE=2 -fstack-protector -funwind-tables -fasynchronous-unwind-tables -fcommon -fstack-protector -Wno-error=clobbered -Werror=maybe-uninitialized -pthread  conftest.c >&5
configure:22447: $? = 0
configure:22447: result: yes
configure:22447: checking sys/statvfs.h presence
configure:22447: gcc -E  conftest.c
configure:22447: $? = 0
configure:22447: result: yes
configure:22447: checking for sys/statvfs.h
configure:22447: result: yes
configure:22459: checking sys/vfs.h usability
configure:22459: gcc -c -O2 -g -m64 -fmessage-length=0 -D_FORTIFY_SOURCE=2 -fstack-protector -funwind-tables -fasynchronous-unwind-tables -fcommon -fstack-protector -Wno-error=clobbered -Werror=maybe-uninitialized -pthread  conftest.c >&5
configure:22459: $? = 0
configure:22459: result: yes
configure:22459: checking sys/vfs.h presence
configure:22459: gcc -E  conftest.c
configure:22459: $? = 0
configure:22459: result: yes
configure:22459: checking for sys/vfs.h
configure:22459: result: yes
configure:22471: checking endian.h usability
configure:22471: gcc -c -O2 -g -m64 -fmessage-length=0 -D_FORTIFY_SOURCE=2 -fstack-protector -funwind-tables -fasynchronous-unwind-tables -fcommon -fstack-protector -Wno-error=clobbered -Werror=maybe-uninitialized -pthread  conftest.c >&5
configure:22471: $? = 0
configure:22471: result: yes
configure:22471: checking endian.h presence
configure:22471: gcc -E  conftest.c
configure:22471: $? = 0
configure:22471: result: yes
configure:22471: checking for endian.h
configure:22471: result: yes
configure:22483: checking for pthread_np.h
configure:22483: gcc -c -O2 -g -m64 -fmessage-length=0 -D_FORTIFY_SOURCE=2 -fstack-protector -funwind-tables -fasynchronous-unwind-tables -fcommon -fstack-protector -Wno-error=clobbered -Werror=maybe-uninitialized -pthread  conftest.c >&5
conftest.c:48:10: fatal error: pthread_np.h: No such file or directory
 #include <pthread_np.h>
          ^~~~~~~~~~~~~~
compilation terminated.
configure:22483: $? = 1
configure: failed program was:
| /* confdefs.h */
| #define PACKAGE_NAME "Varnish"
| #define PACKAGE_TARNAME "varnish"
| #define PACKAGE_VERSION "6.5.2"
| #define PACKAGE_STRING "Varnish 6.5.2"
| #define PACKAGE_BUGREPORT "varnish-dev@varnish-cache.org"
| #define PACKAGE_URL ""
| #define STDC_HEADERS 1
| #define HAVE_SYS_TYPES_H 1
| #define HAVE_SYS_STAT_H 1
| #define HAVE_STDLIB_H 1
| #define HAVE_STRING_H 1
| #define HAVE_MEMORY_H 1
| #define HAVE_STRINGS_H 1
| #define HAVE_INTTYPES_H 1
| #define HAVE_STDINT_H 1
| #define HAVE_UNISTD_H 1
| #define __EXTENSIONS__ 1
| #define _ALL_SOURCE 1
| #define _GNU_SOURCE 1
| #define _POSIX_PTHREAD_SEMANTICS 1
| #define _TANDEM_SOURCE 1
| #define PACKAGE "varnish"
| #define VERSION "6.5.2"
| #define HAVE_DLFCN_H 1
| #define LT_OBJDIR ".libs/"
| #define HAVE_PTHREAD_PRIO_INHERIT 1
| #define HAVE_PTHREAD 1
| #define HAVE_LIBRT 1
| #define HAVE_LIBDL 1
| #define HAVE_STDATOMIC_H 1
| #define USE_PCRE_JIT 1
| #define HAVE_EDITLINE_READLINE_H 1
| #define HAVE_LIBEDIT 1
| #define HAVE_NCURSESW_CURSES_H 1
| #define HAVE_NCURSES_CURSES_H 1
| #define HAVE_NCURSES_H 1
| #define HAVE_CURSES_H 1
| #define STDC_HEADERS 1
| #define HAVE_SYS_MOUNT_H 1
| #define HAVE_SYS_PERSONALITY_H 1
| #define HAVE_SYS_STATVFS_H 1
| #define HAVE_SYS_VFS_H 1
| #define HAVE_ENDIAN_H 1
| /* end confdefs.h.  */
| #include <pthread.h>
| 
| #include <pthread_np.h>
configure:22483: result: no
configure:22496: checking priv.h usability
configure:22496: gcc -c -O2 -g -m64 -fmessage-length=0 -D_FORTIFY_SOURCE=2 -fstack-protector -funwind-tables -fasynchronous-unwind-tables -fcommon -fstack-protector -Wno-error=clobbered -Werror=maybe-uninitialized -pthread  conftest.c >&5
conftest.c:79:10: fatal error: priv.h: No such file or directory
 #include <priv.h>
          ^~~~~~~~
compilation terminated.
configure:22496: $? = 1
configure: failed program was:
| /* confdefs.h */
| #define PACKAGE_NAME "Varnish"
| #define PACKAGE_TARNAME "varnish"
| #define PACKAGE_VERSION "6.5.2"
| #define PACKAGE_STRING "Varnish 6.5.2"
| #define PACKAGE_BUGREPORT "varnish-dev@varnish-cache.org"
| #define PACKAGE_URL ""
| #define STDC_HEADERS 1
| #define HAVE_SYS_TYPES_H 1
| #define HAVE_SYS_STAT_H 1
| #define HAVE_STDLIB_H 1
| #define HAVE_STRING_H 1
| #define HAVE_MEMORY_H 1
| #define HAVE_STRINGS_H 1
| #define HAVE_INTTYPES_H 1
| #define HAVE_STDINT_H 1
| #define HAVE_UNISTD_H 1
| #define __EXTENSIONS__ 1
| #define _ALL_SOURCE 1
| #define _GNU_SOURCE 1
| #define _POSIX_PTHREAD_SEMANTICS 1
| #define _TANDEM_SOURCE 1
| #define PACKAGE "varnish"
| #define VERSION "6.5.2"
| #define HAVE_DLFCN_H 1
| #define LT_OBJDIR ".libs/"
| #define HAVE_PTHREAD_PRIO_INHERIT 1
| #define HAVE_PTHREAD 1
| #define HAVE_LIBRT 1
| #define HAVE_LIBDL 1
| #define HAVE_STDATOMIC_H 1
| #define USE_PCRE_JIT 1
| #define HAVE_EDITLINE_READLINE_H 1
| #define HAVE_LIBEDIT 1
| #define HAVE_NCURSESW_CURSES_H 1
| #define HAVE_NCURSES_CURSES_H 1
| #define HAVE_NCURSES_H 1
| #define HAVE_CURSES_H 1
| #define STDC_HEADERS 1
| #define HAVE_SYS_MOUNT_H 1
| #define HAVE_SYS_PERSONALITY_H 1
| #define HAVE_SYS_STATVFS_H 1
| #define HAVE_SYS_VFS_H 1
| #define HAVE_ENDIAN_H 1
| /* end confdefs.h.  */
| #include <stdio.h>
| #ifdef HAVE_SYS_TYPES_H
| # include <sys/types.h>
| #endif
| #ifdef HAVE_SYS_STAT_H
| # include <sys/stat.h>
| #endif
| #ifdef STDC_HEADERS
| # include <stdlib.h>
| # include <stddef.h>
| #else
| # ifdef HAVE_STDLIB_H
| #  include <stdlib.h>
| # endif
| #endif
| #ifdef HAVE_STRING_H
| # if !defined STDC_HEADERS && defined HAVE_MEMORY_H
| #  include <memory.h>
| # endif
| # include <string.h>
| #endif
| #ifdef HAVE_STRINGS_H
| # include <strings.h>
| #endif
| #ifdef HAVE_INTTYPES_H
| # include <inttypes.h>
| #endif
| #ifdef HAVE_STDINT_H
| # include <stdint.h>
| #endif
| #ifdef HAVE_UNISTD_H
| # include <unistd.h>
| #endif
| #include <priv.h>
configure:22496: result: no
configure:22496: checking priv.h presence
configure:22496: gcc -E  conftest.c
conftest.c:46:10: fatal error: priv.h: No such file or directory
 #include <priv.h>
          ^~~~~~~~
compilation terminated.
configure:22496: $? = 1
configure: failed program was:
| /* confdefs.h */
| #define PACKAGE_NAME "Varnish"
| #define PACKAGE_TARNAME "varnish"
| #define PACKAGE_VERSION "6.5.2"
| #define PACKAGE_STRING "Varnish 6.5.2"
| #define PACKAGE_BUGREPORT "varnish-dev@varnish-cache.org"
| #define PACKAGE_URL ""
| #define STDC_HEADERS 1
| #define HAVE_SYS_TYPES_H 1
| #define HAVE_SYS_STAT_H 1
| #define HAVE_STDLIB_H 1
| #define HAVE_STRING_H 1
| #define HAVE_MEMORY_H 1
| #define HAVE_STRINGS_H 1
| #define HAVE_INTTYPES_H 1
| #define HAVE_STDINT_H 1
| #define HAVE_UNISTD_H 1
| #define __EXTENSIONS__ 1
| #define _ALL_SOURCE 1
| #define _GNU_SOURCE 1
| #define _POSIX_PTHREAD_SEMANTICS 1
| #define _TANDEM_SOURCE 1
| #define PACKAGE "varnish"
| #define VERSION "6.5.2"
| #define HAVE_DLFCN_H 1
| #define LT_OBJDIR ".libs/"
| #define HAVE_PTHREAD_PRIO_INHERIT 1
| #define HAVE_PTHREAD 1
| #define HAVE_LIBRT 1
| #define HAVE_LIBDL 1
| #define HAVE_STDATOMIC_H 1
| #define USE_PCRE_JIT 1
| #define HAVE_EDITLINE_READLINE_H 1
| #define HAVE_LIBEDIT 1
| #define HAVE_NCURSESW_CURSES_H 1
| #define HAVE_NCURSES_CURSES_H 1
| #define HAVE_NCURSES_H 1
| #define HAVE_CURSES_H 1
| #define STDC_HEADERS 1
| #define HAVE_SYS_MOUNT_H 1
| #define HAVE_SYS_PERSONALITY_H 1
| #define HAVE_SYS_STATVFS_H 1
| #define HAVE_SYS_VFS_H 1
| #define HAVE_ENDIAN_H 1
| /* end confdefs.h.  */
| #include <priv.h>
configure:22496: result: no
configure:22496: checking for priv.h
configure:22496: result: no
configure:22508: checking fnmatch.h usability
configure:22508: gcc -c -O2 -g -m64 -fmessage-length=0 -D_FORTIFY_SOURCE=2 -fstack-protector -funwind-tables -fasynchronous-unwind-tables -fcommon -fstack-protector -Wno-error=clobbered -Werror=maybe-uninitialized -pthread  conftest.c >&5
configure:22508: $? = 0
configure:22508: result: yes
configure:22508: checking fnmatch.h presence
configure:22508: gcc -E  conftest.c
configure:22508: $? = 0
configure:22508: result: yes
configure:22508: checking for fnmatch.h
configure:22508: result: yes
configure:22524: checking for nanosleep
configure:22524: gcc -o conftest -O2 -g -m64 -fmessage-length=0 -D_FORTIFY_SOURCE=2 -fstack-protector -funwind-tables -fasynchronous-unwind-tables -fcommon -fstack-protector -Wno-error=clobbered -Werror=maybe-uninitialized -pthread   conftest.c   >&5
configure:22524: $? = 0
configure:22524: result: yes
configure:22535: checking for setppriv
configure:22535: gcc -o conftest -O2 -g -m64 -fmessage-length=0 -D_FORTIFY_SOURCE=2 -fstack-protector -funwind-tables -fasynchronous-unwind-tables -fcommon -fstack-protector -Wno-error=clobbered -Werror=maybe-uninitialized -pthread   conftest.c   >&5
/usr/lib64/gcc/x86_64-suse-linux/7/../../../../x86_64-suse-linux/bin/ld: /tmp/ccJ4diwK.o: in function `main':
/root/rpmbuild/BUILD/varnish-6.5.2/conftest.c:82: undefined reference to `setppriv'
collect2: error: ld returned 1 exit status
configure:22535: $? = 1
configure: failed program was:
| /* confdefs.h */
| #define PACKAGE_NAME "Varnish"
| #define PACKAGE_TARNAME "varnish"
| #define PACKAGE_VERSION "6.5.2"
| #define PACKAGE_STRING "Varnish 6.5.2"
| #define PACKAGE_BUGREPORT "varnish-dev@varnish-cache.org"
| #define PACKAGE_URL ""
| #define STDC_HEADERS 1
| #define HAVE_SYS_TYPES_H 1
| #define HAVE_SYS_STAT_H 1
| #define HAVE_STDLIB_H 1
| #define HAVE_STRING_H 1
| #define HAVE_MEMORY_H 1
| #define HAVE_STRINGS_H 1
| #define HAVE_INTTYPES_H 1
| #define HAVE_STDINT_H 1
| #define HAVE_UNISTD_H 1
| #define __EXTENSIONS__ 1
| #define _ALL_SOURCE 1
| #define _GNU_SOURCE 1
| #define _POSIX_PTHREAD_SEMANTICS 1
| #define _TANDEM_SOURCE 1
| #define PACKAGE "varnish"
| #define VERSION "6.5.2"
| #define HAVE_DLFCN_H 1
| #define LT_OBJDIR ".libs/"
| #define HAVE_PTHREAD_PRIO_INHERIT 1
| #define HAVE_PTHREAD 1
| #define HAVE_LIBRT 1
| #define HAVE_LIBDL 1
| #define HAVE_STDATOMIC_H 1
| #define USE_PCRE_JIT 1
| #define HAVE_EDITLINE_READLINE_H 1
| #define HAVE_LIBEDIT 1
| #define HAVE_NCURSESW_CURSES_H 1
| #define HAVE_NCURSES_CURSES_H 1
| #define HAVE_NCURSES_H 1
| #define HAVE_CURSES_H 1
| #define STDC_HEADERS 1
| #define HAVE_SYS_MOUNT_H 1
| #define HAVE_SYS_PERSONALITY_H 1
| #define HAVE_SYS_STATVFS_H 1
| #define HAVE_SYS_VFS_H 1
| #define HAVE_ENDIAN_H 1
| #define HAVE_FNMATCH_H 1
| #define HAVE_NANOSLEEP 1
| /* end confdefs.h.  */
| /* Define setppriv to an innocuous variant, in case <limits.h> declares setppriv.
|    For example, HP-UX 11i <limits.h> declares gettimeofday.  */
| #define setppriv innocuous_setppriv
| 
| /* System header to define __stub macros and hopefully few prototypes,
|     which can conflict with char setppriv (); below.
|     Prefer <limits.h> to <assert.h> if __STDC__ is defined, since
|     <limits.h> exists even on freestanding compilers.  */
| 
| #ifdef __STDC__
| # include <limits.h>
| #else
| # include <assert.h>
| #endif
| 
| #undef setppriv
| 
| /* Override any GCC internal prototype to avoid an error.
|    Use char because int might match the return type of a GCC
|    builtin and then its argument prototype would still apply.  */
| #ifdef __cplusplus
| extern "C"
| #endif
| char setppriv ();
| /* The GNU C library defines this for functions which it implements
|     to always fail with ENOSYS.  Some functions are actually named
|     something starting with __ and the normal name is an alias.  */
| #if defined __stub_setppriv || defined __stub___setppriv
| choke me
| #endif
| 
| int
| main ()
| {
| return setppriv ();
|   ;
|   return 0;
| }
configure:22535: result: no
configure:22546: checking for fallocate
configure:22546: gcc -o conftest -O2 -g -m64 -fmessage-length=0 -D_FORTIFY_SOURCE=2 -fstack-protector -funwind-tables -fasynchronous-unwind-tables -fcommon -fstack-protector -Wno-error=clobbered -Werror=maybe-uninitialized -pthread   conftest.c   >&5
configure:22546: $? = 0
configure:22546: result: yes
configure:22557: checking for closefrom
configure:22557: gcc -o conftest -O2 -g -m64 -fmessage-length=0 -D_FORTIFY_SOURCE=2 -fstack-protector -funwind-tables -fasynchronous-unwind-tables -fcommon -fstack-protector -Wno-error=clobbered -Werror=maybe-uninitialized -pthread   conftest.c   >&5
/usr/lib64/gcc/x86_64-suse-linux/7/../../../../x86_64-suse-linux/bin/ld: /tmp/ccbCgGuF.o: in function `main':
/root/rpmbuild/BUILD/varnish-6.5.2/conftest.c:83: undefined reference to `closefrom'
collect2: error: ld returned 1 exit status
configure:22557: $? = 1
configure: failed program was:
| /* confdefs.h */
| #define PACKAGE_NAME "Varnish"
| #define PACKAGE_TARNAME "varnish"
| #define PACKAGE_VERSION "6.5.2"
| #define PACKAGE_STRING "Varnish 6.5.2"
| #define PACKAGE_BUGREPORT "varnish-dev@varnish-cache.org"
| #define PACKAGE_URL ""
| #define STDC_HEADERS 1
| #define HAVE_SYS_TYPES_H 1
| #define HAVE_SYS_STAT_H 1
| #define HAVE_STDLIB_H 1
| #define HAVE_STRING_H 1
| #define HAVE_MEMORY_H 1
| #define HAVE_STRINGS_H 1
| #define HAVE_INTTYPES_H 1
| #define HAVE_STDINT_H 1
| #define HAVE_UNISTD_H 1
| #define __EXTENSIONS__ 1
| #define _ALL_SOURCE 1
| #define _GNU_SOURCE 1
| #define _POSIX_PTHREAD_SEMANTICS 1
| #define _TANDEM_SOURCE 1
| #define PACKAGE "varnish"
| #define VERSION "6.5.2"
| #define HAVE_DLFCN_H 1
| #define LT_OBJDIR ".libs/"
| #define HAVE_PTHREAD_PRIO_INHERIT 1
| #define HAVE_PTHREAD 1
| #define HAVE_LIBRT 1
| #define HAVE_LIBDL 1
| #define HAVE_STDATOMIC_H 1
| #define USE_PCRE_JIT 1
| #define HAVE_EDITLINE_READLINE_H 1
| #define HAVE_LIBEDIT 1
| #define HAVE_NCURSESW_CURSES_H 1
| #define HAVE_NCURSES_CURSES_H 1
| #define HAVE_NCURSES_H 1
| #define HAVE_CURSES_H 1
| #define STDC_HEADERS 1
| #define HAVE_SYS_MOUNT_H 1
| #define HAVE_SYS_PERSONALITY_H 1
| #define HAVE_SYS_STATVFS_H 1
| #define HAVE_SYS_VFS_H 1
| #define HAVE_ENDIAN_H 1
| #define HAVE_FNMATCH_H 1
| #define HAVE_NANOSLEEP 1
| #define HAVE_FALLOCATE 1
| /* end confdefs.h.  */
| /* Define closefrom to an innocuous variant, in case <limits.h> declares closefrom.
|    For example, HP-UX 11i <limits.h> declares gettimeofday.  */
| #define closefrom innocuous_closefrom
| 
| /* System header to define __stub macros and hopefully few prototypes,
|     which can conflict with char closefrom (); below.
|     Prefer <limits.h> to <assert.h> if __STDC__ is defined, since
|     <limits.h> exists even on freestanding compilers.  */
| 
| #ifdef __STDC__
| # include <limits.h>
| #else
| # include <assert.h>
| #endif
| 
| #undef closefrom
| 
| /* Override any GCC internal prototype to avoid an error.
|    Use char because int might match the return type of a GCC
|    builtin and then its argument prototype would still apply.  */
| #ifdef __cplusplus
| extern "C"
| #endif
| char closefrom ();
| /* The GNU C library defines this for functions which it implements
|     to always fail with ENOSYS.  Some functions are actually named
|     something starting with __ and the normal name is an alias.  */
| #if defined __stub_closefrom || defined __stub___closefrom
| choke me
| #endif
| 
| int
| main ()
| {
| return closefrom ();
|   ;
|   return 0;
| }
configure:22557: result: no
configure:22568: checking for sigaltstack
configure:22568: gcc -o conftest -O2 -g -m64 -fmessage-length=0 -D_FORTIFY_SOURCE=2 -fstack-protector -funwind-tables -fasynchronous-unwind-tables -fcommon -fstack-protector -Wno-error=clobbered -Werror=maybe-uninitialized -pthread   conftest.c   >&5
configure:22568: $? = 0
configure:22568: result: yes
configure:22579: checking for getpeereid
configure:22579: gcc -o conftest -O2 -g -m64 -fmessage-length=0 -D_FORTIFY_SOURCE=2 -fstack-protector -funwind-tables -fasynchronous-unwind-tables -fcommon -fstack-protector -Wno-error=clobbered -Werror=maybe-uninitialized -pthread   conftest.c   >&5
/usr/lib64/gcc/x86_64-suse-linux/7/../../../../x86_64-suse-linux/bin/ld: /tmp/ccEUW77x.o: in function `main':
/root/rpmbuild/BUILD/varnish-6.5.2/conftest.c:84: undefined reference to `getpeereid'
collect2: error: ld returned 1 exit status
configure:22579: $? = 1
configure: failed program was:
| /* confdefs.h */
| #define PACKAGE_NAME "Varnish"
| #define PACKAGE_TARNAME "varnish"
| #define PACKAGE_VERSION "6.5.2"
| #define PACKAGE_STRING "Varnish 6.5.2"
| #define PACKAGE_BUGREPORT "varnish-dev@varnish-cache.org"
| #define PACKAGE_URL ""
| #define STDC_HEADERS 1
| #define HAVE_SYS_TYPES_H 1
| #define HAVE_SYS_STAT_H 1
| #define HAVE_STDLIB_H 1
| #define HAVE_STRING_H 1
| #define HAVE_MEMORY_H 1
| #define HAVE_STRINGS_H 1
| #define HAVE_INTTYPES_H 1
| #define HAVE_STDINT_H 1
| #define HAVE_UNISTD_H 1
| #define __EXTENSIONS__ 1
| #define _ALL_SOURCE 1
| #define _GNU_SOURCE 1
| #define _POSIX_PTHREAD_SEMANTICS 1
| #define _TANDEM_SOURCE 1
| #define PACKAGE "varnish"
| #define VERSION "6.5.2"
| #define HAVE_DLFCN_H 1
| #define LT_OBJDIR ".libs/"
| #define HAVE_PTHREAD_PRIO_INHERIT 1
| #define HAVE_PTHREAD 1
| #define HAVE_LIBRT 1
| #define HAVE_LIBDL 1
| #define HAVE_STDATOMIC_H 1
| #define USE_PCRE_JIT 1
| #define HAVE_EDITLINE_READLINE_H 1
| #define HAVE_LIBEDIT 1
| #define HAVE_NCURSESW_CURSES_H 1
| #define HAVE_NCURSES_CURSES_H 1
| #define HAVE_NCURSES_H 1
| #define HAVE_CURSES_H 1
| #define STDC_HEADERS 1
| #define HAVE_SYS_MOUNT_H 1
| #define HAVE_SYS_PERSONALITY_H 1
| #define HAVE_SYS_STATVFS_H 1
| #define HAVE_SYS_VFS_H 1
| #define HAVE_ENDIAN_H 1
| #define HAVE_FNMATCH_H 1
| #define HAVE_NANOSLEEP 1
| #define HAVE_FALLOCATE 1
| #define HAVE_SIGALTSTACK 1
| /* end confdefs.h.  */
| /* Define getpeereid to an innocuous variant, in case <limits.h> declares getpeereid.
|    For example, HP-UX 11i <limits.h> declares gettimeofday.  */
| #define getpeereid innocuous_getpeereid
| 
| /* System header to define __stub macros and hopefully few prototypes,
|     which can conflict with char getpeereid (); below.
|     Prefer <limits.h> to <assert.h> if __STDC__ is defined, since
|     <limits.h> exists even on freestanding compilers.  */
| 
| #ifdef __STDC__
| # include <limits.h>
| #else
| # include <assert.h>
| #endif
| 
| #undef getpeereid
| 
| /* Override any GCC internal prototype to avoid an error.
|    Use char because int might match the return type of a GCC
|    builtin and then its argument prototype would still apply.  */
| #ifdef __cplusplus
| extern "C"
| #endif
| char getpeereid ();
| /* The GNU C library defines this for functions which it implements
|     to always fail with ENOSYS.  Some functions are actually named
|     something starting with __ and the normal name is an alias.  */
| #if defined __stub_getpeereid || defined __stub___getpeereid
| choke me
| #endif
| 
| int
| main ()
| {
| return getpeereid ();
|   ;
|   return 0;
| }
configure:22579: result: no
configure:22590: checking for getpeerucred
configure:22590: gcc -o conftest -O2 -g -m64 -fmessage-length=0 -D_FORTIFY_SOURCE=2 -fstack-protector -funwind-tables -fasynchronous-unwind-tables -fcommon -fstack-protector -Wno-error=clobbered -Werror=maybe-uninitialized -pthread   conftest.c   >&5
/usr/lib64/gcc/x86_64-suse-linux/7/../../../../x86_64-suse-linux/bin/ld: /tmp/ccIjDdzE.o: in function `main':
/root/rpmbuild/BUILD/varnish-6.5.2/conftest.c:84: undefined reference to `getpeerucred'
collect2: error: ld returned 1 exit status
configure:22590: $? = 1
configure: failed program was:
| /* confdefs.h */
| #define PACKAGE_NAME "Varnish"
| #define PACKAGE_TARNAME "varnish"
| #define PACKAGE_VERSION "6.5.2"
| #define PACKAGE_STRING "Varnish 6.5.2"
| #define PACKAGE_BUGREPORT "varnish-dev@varnish-cache.org"
| #define PACKAGE_URL ""
| #define STDC_HEADERS 1
| #define HAVE_SYS_TYPES_H 1
| #define HAVE_SYS_STAT_H 1
| #define HAVE_STDLIB_H 1
| #define HAVE_STRING_H 1
| #define HAVE_MEMORY_H 1
| #define HAVE_STRINGS_H 1
| #define HAVE_INTTYPES_H 1
| #define HAVE_STDINT_H 1
| #define HAVE_UNISTD_H 1
| #define __EXTENSIONS__ 1
| #define _ALL_SOURCE 1
| #define _GNU_SOURCE 1
| #define _POSIX_PTHREAD_SEMANTICS 1
| #define _TANDEM_SOURCE 1
| #define PACKAGE "varnish"
| #define VERSION "6.5.2"
| #define HAVE_DLFCN_H 1
| #define LT_OBJDIR ".libs/"
| #define HAVE_PTHREAD_PRIO_INHERIT 1
| #define HAVE_PTHREAD 1
| #define HAVE_LIBRT 1
| #define HAVE_LIBDL 1
| #define HAVE_STDATOMIC_H 1
| #define USE_PCRE_JIT 1
| #define HAVE_EDITLINE_READLINE_H 1
| #define HAVE_LIBEDIT 1
| #define HAVE_NCURSESW_CURSES_H 1
| #define HAVE_NCURSES_CURSES_H 1
| #define HAVE_NCURSES_H 1
| #define HAVE_CURSES_H 1
| #define STDC_HEADERS 1
| #define HAVE_SYS_MOUNT_H 1
| #define HAVE_SYS_PERSONALITY_H 1
| #define HAVE_SYS_STATVFS_H 1
| #define HAVE_SYS_VFS_H 1
| #define HAVE_ENDIAN_H 1
| #define HAVE_FNMATCH_H 1
| #define HAVE_NANOSLEEP 1
| #define HAVE_FALLOCATE 1
| #define HAVE_SIGALTSTACK 1
| /* end confdefs.h.  */
| /* Define getpeerucred to an innocuous variant, in case <limits.h> declares getpeerucred.
|    For example, HP-UX 11i <limits.h> declares gettimeofday.  */
| #define getpeerucred innocuous_getpeerucred
| 
| /* System header to define __stub macros and hopefully few prototypes,
|     which can conflict with char getpeerucred (); below.
|     Prefer <limits.h> to <assert.h> if __STDC__ is defined, since
|     <limits.h> exists even on freestanding compilers.  */
| 
| #ifdef __STDC__
| # include <limits.h>
| #else
| # include <assert.h>
| #endif
| 
| #undef getpeerucred
| 
| /* Override any GCC internal prototype to avoid an error.
|    Use char because int might match the return type of a GCC
|    builtin and then its argument prototype would still apply.  */
| #ifdef __cplusplus
| extern "C"
| #endif
| char getpeerucred ();
| /* The GNU C library defines this for functions which it implements
|     to always fail with ENOSYS.  Some functions are actually named
|     something starting with __ and the normal name is an alias.  */
| #if defined __stub_getpeerucred || defined __stub___getpeerucred
| choke me
| #endif
| 
| int
| main ()
| {
| return getpeerucred ();
|   ;
|   return 0;
| }
configure:22590: result: no
configure:22601: checking for fnmatch
configure:22601: gcc -o conftest -O2 -g -m64 -fmessage-length=0 -D_FORTIFY_SOURCE=2 -fstack-protector -funwind-tables -fasynchronous-unwind-tables -fcommon -fstack-protector -Wno-error=clobbered -Werror=maybe-uninitialized -pthread   conftest.c   >&5
configure:22601: $? = 0
configure:22601: result: yes
configure:22617: checking for pthread_set_name_np
configure:22617: gcc -o conftest -O2 -g -m64 -fmessage-length=0 -D_FORTIFY_SOURCE=2 -fstack-protector -funwind-tables -fasynchronous-unwind-tables -fcommon -fstack-protector -Wno-error=clobbered -Werror=maybe-uninitialized -pthread   conftest.c  >&5
/usr/lib64/gcc/x86_64-suse-linux/7/../../../../x86_64-suse-linux/bin/ld: /tmp/ccbRHSzx.o: in function `main':
/root/rpmbuild/BUILD/varnish-6.5.2/conftest.c:85: undefined reference to `pthread_set_name_np'
collect2: error: ld returned 1 exit status
configure:22617: $? = 1
configure: failed program was:
| /* confdefs.h */
| #define PACKAGE_NAME "Varnish"
| #define PACKAGE_TARNAME "varnish"
| #define PACKAGE_VERSION "6.5.2"
| #define PACKAGE_STRING "Varnish 6.5.2"
| #define PACKAGE_BUGREPORT "varnish-dev@varnish-cache.org"
| #define PACKAGE_URL ""
| #define STDC_HEADERS 1
| #define HAVE_SYS_TYPES_H 1
| #define HAVE_SYS_STAT_H 1
| #define HAVE_STDLIB_H 1
| #define HAVE_STRING_H 1
| #define HAVE_MEMORY_H 1
| #define HAVE_STRINGS_H 1
| #define HAVE_INTTYPES_H 1
| #define HAVE_STDINT_H 1
| #define HAVE_UNISTD_H 1
| #define __EXTENSIONS__ 1
| #define _ALL_SOURCE 1
| #define _GNU_SOURCE 1
| #define _POSIX_PTHREAD_SEMANTICS 1
| #define _TANDEM_SOURCE 1
| #define PACKAGE "varnish"
| #define VERSION "6.5.2"
| #define HAVE_DLFCN_H 1
| #define LT_OBJDIR ".libs/"
| #define HAVE_PTHREAD_PRIO_INHERIT 1
| #define HAVE_PTHREAD 1
| #define HAVE_LIBRT 1
| #define HAVE_LIBDL 1
| #define HAVE_STDATOMIC_H 1
| #define USE_PCRE_JIT 1
| #define HAVE_EDITLINE_READLINE_H 1
| #define HAVE_LIBEDIT 1
| #define HAVE_NCURSESW_CURSES_H 1
| #define HAVE_NCURSES_CURSES_H 1
| #define HAVE_NCURSES_H 1
| #define HAVE_CURSES_H 1
| #define STDC_HEADERS 1
| #define HAVE_SYS_MOUNT_H 1
| #define HAVE_SYS_PERSONALITY_H 1
| #define HAVE_SYS_STATVFS_H 1
| #define HAVE_SYS_VFS_H 1
| #define HAVE_ENDIAN_H 1
| #define HAVE_FNMATCH_H 1
| #define HAVE_NANOSLEEP 1
| #define HAVE_FALLOCATE 1
| #define HAVE_SIGALTSTACK 1
| #define HAVE_FNMATCH 1
| /* end confdefs.h.  */
| /* Define pthread_set_name_np to an innocuous variant, in case <limits.h> declares pthread_set_name_np.
|    For example, HP-UX 11i <limits.h> declares gettimeofday.  */
| #define pthread_set_name_np innocuous_pthread_set_name_np
| 
| /* System header to define __stub macros and hopefully few prototypes,
|     which can conflict with char pthread_set_name_np (); below.
|     Prefer <limits.h> to <assert.h> if __STDC__ is defined, since
|     <limits.h> exists even on freestanding compilers.  */
| 
| #ifdef __STDC__
| # include <limits.h>
| #else
| # include <assert.h>
| #endif
| 
| #undef pthread_set_name_np
| 
| /* Override any GCC internal prototype to avoid an error.
|    Use char because int might match the return type of a GCC
|    builtin and then its argument prototype would still apply.  */
| #ifdef __cplusplus
| extern "C"
| #endif
| char pthread_set_name_np ();
| /* The GNU C library defines this for functions which it implements
|     to always fail with ENOSYS.  Some functions are actually named
|     something starting with __ and the normal name is an alias.  */
| #if defined __stub_pthread_set_name_np || defined __stub___pthread_set_name_np
| choke me
| #endif
| 
| int
| main ()
| {
| return pthread_set_name_np ();
|   ;
|   return 0;
| }
configure:22617: result: no
configure:22628: checking for pthread_setname_np
configure:22628: gcc -o conftest -O2 -g -m64 -fmessage-length=0 -D_FORTIFY_SOURCE=2 -fstack-protector -funwind-tables -fasynchronous-unwind-tables -fcommon -fstack-protector -Wno-error=clobbered -Werror=maybe-uninitialized -pthread   conftest.c  >&5
configure:22628: $? = 0
configure:22628: result: yes
configure:22639: checking for pthread_mutex_isowned_np
configure:22639: gcc -o conftest -O2 -g -m64 -fmessage-length=0 -D_FORTIFY_SOURCE=2 -fstack-protector -funwind-tables -fasynchronous-unwind-tables -fcommon -fstack-protector -Wno-error=clobbered -Werror=maybe-uninitialized -pthread   conftest.c  >&5
/usr/lib64/gcc/x86_64-suse-linux/7/../../../../x86_64-suse-linux/bin/ld: /tmp/ccuTfTvr.o: in function `main':
/root/rpmbuild/BUILD/varnish-6.5.2/conftest.c:86: undefined reference to `pthread_mutex_isowned_np'
collect2: error: ld returned 1 exit status
configure:22639: $? = 1
configure: failed program was:
| /* confdefs.h */
| #define PACKAGE_NAME "Varnish"
| #define PACKAGE_TARNAME "varnish"
| #define PACKAGE_VERSION "6.5.2"
| #define PACKAGE_STRING "Varnish 6.5.2"
| #define PACKAGE_BUGREPORT "varnish-dev@varnish-cache.org"
| #define PACKAGE_URL ""
| #define STDC_HEADERS 1
| #define HAVE_SYS_TYPES_H 1
| #define HAVE_SYS_STAT_H 1
| #define HAVE_STDLIB_H 1
| #define HAVE_STRING_H 1
| #define HAVE_MEMORY_H 1
| #define HAVE_STRINGS_H 1
| #define HAVE_INTTYPES_H 1
| #define HAVE_STDINT_H 1
| #define HAVE_UNISTD_H 1
| #define __EXTENSIONS__ 1
| #define _ALL_SOURCE 1
| #define _GNU_SOURCE 1
| #define _POSIX_PTHREAD_SEMANTICS 1
| #define _TANDEM_SOURCE 1
| #define PACKAGE "varnish"
| #define VERSION "6.5.2"
| #define HAVE_DLFCN_H 1
| #define LT_OBJDIR ".libs/"
| #define HAVE_PTHREAD_PRIO_INHERIT 1
| #define HAVE_PTHREAD 1
| #define HAVE_LIBRT 1
| #define HAVE_LIBDL 1
| #define HAVE_STDATOMIC_H 1
| #define USE_PCRE_JIT 1
| #define HAVE_EDITLINE_READLINE_H 1
| #define HAVE_LIBEDIT 1
| #define HAVE_NCURSESW_CURSES_H 1
| #define HAVE_NCURSES_CURSES_H 1
| #define HAVE_NCURSES_H 1
| #define HAVE_CURSES_H 1
| #define STDC_HEADERS 1
| #define HAVE_SYS_MOUNT_H 1
| #define HAVE_SYS_PERSONALITY_H 1
| #define HAVE_SYS_STATVFS_H 1
| #define HAVE_SYS_VFS_H 1
| #define HAVE_ENDIAN_H 1
| #define HAVE_FNMATCH_H 1
| #define HAVE_NANOSLEEP 1
| #define HAVE_FALLOCATE 1
| #define HAVE_SIGALTSTACK 1
| #define HAVE_FNMATCH 1
| #define HAVE_PTHREAD_SETNAME_NP 1
| /* end confdefs.h.  */
| /* Define pthread_mutex_isowned_np to an innocuous variant, in case <limits.h> declares pthread_mutex_isowned_np.
|    For example, HP-UX 11i <limits.h> declares gettimeofday.  */
| #define pthread_mutex_isowned_np innocuous_pthread_mutex_isowned_np
| 
| /* System header to define __stub macros and hopefully few prototypes,
|     which can conflict with char pthread_mutex_isowned_np (); below.
|     Prefer <limits.h> to <assert.h> if __STDC__ is defined, since
|     <limits.h> exists even on freestanding compilers.  */
| 
| #ifdef __STDC__
| # include <limits.h>
| #else
| # include <assert.h>
| #endif
| 
| #undef pthread_mutex_isowned_np
| 
| /* Override any GCC internal prototype to avoid an error.
|    Use char because int might match the return type of a GCC
|    builtin and then its argument prototype would still apply.  */
| #ifdef __cplusplus
| extern "C"
| #endif
| char pthread_mutex_isowned_np ();
| /* The GNU C library defines this for functions which it implements
|     to always fail with ENOSYS.  Some functions are actually named
|     something starting with __ and the normal name is an alias.  */
| #if defined __stub_pthread_mutex_isowned_np || defined __stub___pthread_mutex_isowned_np
| choke me
| #endif
| 
| int
| main ()
| {
| return pthread_mutex_isowned_np ();
|   ;
|   return 0;
| }
configure:22639: result: no
configure:22650: checking for pthread_getattr_np
configure:22650: gcc -o conftest -O2 -g -m64 -fmessage-length=0 -D_FORTIFY_SOURCE=2 -fstack-protector -funwind-tables -fasynchronous-unwind-tables -fcommon -fstack-protector -Wno-error=clobbered -Werror=maybe-uninitialized -pthread   conftest.c  >&5
configure:22650: $? = 0
configure:22650: result: yes
configure:22661: checking whether __SUNPRO_C is declared
configure:22661: gcc -c -O2 -g -m64 -fmessage-length=0 -D_FORTIFY_SOURCE=2 -fstack-protector -funwind-tables -fasynchronous-unwind-tables -fcommon -fstack-protector -Wno-error=clobbered -Werror=maybe-uninitialized -pthread  conftest.c >&5
conftest.c: In function 'main':
conftest.c:93:10: error: '__SUNPRO_C' undeclared (first use in this function); did you mean '__INT8_C'?
   (void) __SUNPRO_C;
          ^~~~~~~~~~
          __INT8_C
conftest.c:93:10: note: each undeclared identifier is reported only once for each function it appears in
configure:22661: $? = 1
configure: failed program was:
| /* confdefs.h */
| #define PACKAGE_NAME "Varnish"
| #define PACKAGE_TARNAME "varnish"
| #define PACKAGE_VERSION "6.5.2"
| #define PACKAGE_STRING "Varnish 6.5.2"
| #define PACKAGE_BUGREPORT "varnish-dev@varnish-cache.org"
| #define PACKAGE_URL ""
| #define STDC_HEADERS 1
| #define HAVE_SYS_TYPES_H 1
| #define HAVE_SYS_STAT_H 1
| #define HAVE_STDLIB_H 1
| #define HAVE_STRING_H 1
| #define HAVE_MEMORY_H 1
| #define HAVE_STRINGS_H 1
| #define HAVE_INTTYPES_H 1
| #define HAVE_STDINT_H 1
| #define HAVE_UNISTD_H 1
| #define __EXTENSIONS__ 1
| #define _ALL_SOURCE 1
| #define _GNU_SOURCE 1
| #define _POSIX_PTHREAD_SEMANTICS 1
| #define _TANDEM_SOURCE 1
| #define PACKAGE "varnish"
| #define VERSION "6.5.2"
| #define HAVE_DLFCN_H 1
| #define LT_OBJDIR ".libs/"
| #define HAVE_PTHREAD_PRIO_INHERIT 1
| #define HAVE_PTHREAD 1
| #define HAVE_LIBRT 1
| #define HAVE_LIBDL 1
| #define HAVE_STDATOMIC_H 1
| #define USE_PCRE_JIT 1
| #define HAVE_EDITLINE_READLINE_H 1
| #define HAVE_LIBEDIT 1
| #define HAVE_NCURSESW_CURSES_H 1
| #define HAVE_NCURSES_CURSES_H 1
| #define HAVE_NCURSES_H 1
| #define HAVE_CURSES_H 1
| #define STDC_HEADERS 1
| #define HAVE_SYS_MOUNT_H 1
| #define HAVE_SYS_PERSONALITY_H 1
| #define HAVE_SYS_STATVFS_H 1
| #define HAVE_SYS_VFS_H 1
| #define HAVE_ENDIAN_H 1
| #define HAVE_FNMATCH_H 1
| #define HAVE_NANOSLEEP 1
| #define HAVE_FALLOCATE 1
| #define HAVE_SIGALTSTACK 1
| #define HAVE_FNMATCH 1
| #define HAVE_PTHREAD_SETNAME_NP 1
| #define HAVE_PTHREAD_GETATTR_NP 1
| /* end confdefs.h.  */
| #include <stdio.h>
| #ifdef HAVE_SYS_TYPES_H
| # include <sys/types.h>
| #endif
| #ifdef HAVE_SYS_STAT_H
| # include <sys/stat.h>
| #endif
| #ifdef STDC_HEADERS
| # include <stdlib.h>
| # include <stddef.h>
| #else
| # ifdef HAVE_STDLIB_H
| #  include <stdlib.h>
| # endif
| #endif
| #ifdef HAVE_STRING_H
| # if !defined STDC_HEADERS && defined HAVE_MEMORY_H
| #  include <memory.h>
| # endif
| # include <string.h>
| #endif
| #ifdef HAVE_STRINGS_H
| # include <strings.h>
| #endif
| #ifdef HAVE_INTTYPES_H
| # include <inttypes.h>
| #endif
| #ifdef HAVE_STDINT_H
| # include <stdint.h>
| #endif
| #ifdef HAVE_UNISTD_H
| # include <unistd.h>
| #endif
| int
| main ()
| {
| #ifndef __SUNPRO_C
| #ifdef __cplusplus
|   (void) __SUNPRO_C;
| #else
|   (void) __SUNPRO_C;
| #endif
| #endif
| 
|   ;
|   return 0;
| }
configure:22661: result: no
configure:22677: checking whether we have support for visibility attributes
configure:22706: gcc -o conftest -O2 -g -m64 -fmessage-length=0 -D_FORTIFY_SOURCE=2 -fstack-protector -funwind-tables -fasynchronous-unwind-tables -fcommon -fstack-protector -Wno-error=clobbered -Werror=maybe-uninitialized -pthread -Werror   conftest.c   >&5
configure:22706: $? = 0
configure:22706: ./conftest
configure:22706: $? = 0
configure:22717: result: yes
configure:22864: checking for malloc_conf in -ljemalloc
configure:22889: gcc -o conftest -O2 -g -m64 -fmessage-length=0 -D_FORTIFY_SOURCE=2 -fstack-protector -funwind-tables -fasynchronous-unwind-tables -fcommon -fstack-protector -Wno-error=clobbered -Werror=maybe-uninitialized -pthread   conftest.c -ljemalloc    >&5
/usr/lib64/gcc/x86_64-suse-linux/7/../../../../x86_64-suse-linux/bin/ld: cannot find -ljemalloc
collect2: error: ld returned 1 exit status
configure:22889: $? = 1
configure: failed program was:
| /* confdefs.h */
| #define PACKAGE_NAME "Varnish"
| #define PACKAGE_TARNAME "varnish"
| #define PACKAGE_VERSION "6.5.2"
| #define PACKAGE_STRING "Varnish 6.5.2"
| #define PACKAGE_BUGREPORT "varnish-dev@varnish-cache.org"
| #define PACKAGE_URL ""
| #define STDC_HEADERS 1
| #define HAVE_SYS_TYPES_H 1
| #define HAVE_SYS_STAT_H 1
| #define HAVE_STDLIB_H 1
| #define HAVE_STRING_H 1
| #define HAVE_MEMORY_H 1
| #define HAVE_STRINGS_H 1
| #define HAVE_INTTYPES_H 1
| #define HAVE_STDINT_H 1
| #define HAVE_UNISTD_H 1
| #define __EXTENSIONS__ 1
| #define _ALL_SOURCE 1
| #define _GNU_SOURCE 1
| #define _POSIX_PTHREAD_SEMANTICS 1
| #define _TANDEM_SOURCE 1
| #define PACKAGE "varnish"
| #define VERSION "6.5.2"
| #define HAVE_DLFCN_H 1
| #define LT_OBJDIR ".libs/"
| #define HAVE_PTHREAD_PRIO_INHERIT 1
| #define HAVE_PTHREAD 1
| #define HAVE_LIBRT 1
| #define HAVE_LIBDL 1
| #define HAVE_STDATOMIC_H 1
| #define USE_PCRE_JIT 1
| #define HAVE_EDITLINE_READLINE_H 1
| #define HAVE_LIBEDIT 1
| #define HAVE_NCURSESW_CURSES_H 1
| #define HAVE_NCURSES_CURSES_H 1
| #define HAVE_NCURSES_H 1
| #define HAVE_CURSES_H 1
| #define STDC_HEADERS 1
| #define HAVE_SYS_MOUNT_H 1
| #define HAVE_SYS_PERSONALITY_H 1
| #define HAVE_SYS_STATVFS_H 1
| #define HAVE_SYS_VFS_H 1
| #define HAVE_ENDIAN_H 1
| #define HAVE_FNMATCH_H 1
| #define HAVE_NANOSLEEP 1
| #define HAVE_FALLOCATE 1
| #define HAVE_SIGALTSTACK 1
| #define HAVE_FNMATCH 1
| #define HAVE_PTHREAD_SETNAME_NP 1
| #define HAVE_PTHREAD_GETATTR_NP 1
| /* end confdefs.h.  */
| 
| /* Override any GCC internal prototype to avoid an error.
|    Use char because int might match the return type of a GCC
|    builtin and then its argument prototype would still apply.  */
| #ifdef __cplusplus
| extern "C"
| #endif
| char malloc_conf ();
| int
| main ()
| {
| return malloc_conf ();
|   ;
|   return 0;
| }
configure:22898: result: no
configure:22903: WARNING: No system jemalloc found, using system malloc
configure:22914: checking for setproctitle
configure:22914: gcc -o conftest -O2 -g -m64 -fmessage-length=0 -D_FORTIFY_SOURCE=2 -fstack-protector -funwind-tables -fasynchronous-unwind-tables -fcommon -fstack-protector -Wno-error=clobbered -Werror=maybe-uninitialized -pthread   conftest.c   >&5
/usr/lib64/gcc/x86_64-suse-linux/7/../../../../x86_64-suse-linux/bin/ld: /tmp/ccOWYenn.o: in function `main':
/root/rpmbuild/BUILD/varnish-6.5.2/conftest.c:87: undefined reference to `setproctitle'
collect2: error: ld returned 1 exit status
configure:22914: $? = 1
configure: failed program was:
| /* confdefs.h */
| #define PACKAGE_NAME "Varnish"
| #define PACKAGE_TARNAME "varnish"
| #define PACKAGE_VERSION "6.5.2"
| #define PACKAGE_STRING "Varnish 6.5.2"
| #define PACKAGE_BUGREPORT "varnish-dev@varnish-cache.org"
| #define PACKAGE_URL ""
| #define STDC_HEADERS 1
| #define HAVE_SYS_TYPES_H 1
| #define HAVE_SYS_STAT_H 1
| #define HAVE_STDLIB_H 1
| #define HAVE_STRING_H 1
| #define HAVE_MEMORY_H 1
| #define HAVE_STRINGS_H 1
| #define HAVE_INTTYPES_H 1
| #define HAVE_STDINT_H 1
| #define HAVE_UNISTD_H 1
| #define __EXTENSIONS__ 1
| #define _ALL_SOURCE 1
| #define _GNU_SOURCE 1
| #define _POSIX_PTHREAD_SEMANTICS 1
| #define _TANDEM_SOURCE 1
| #define PACKAGE "varnish"
| #define VERSION "6.5.2"
| #define HAVE_DLFCN_H 1
| #define LT_OBJDIR ".libs/"
| #define HAVE_PTHREAD_PRIO_INHERIT 1
| #define HAVE_PTHREAD 1
| #define HAVE_LIBRT 1
| #define HAVE_LIBDL 1
| #define HAVE_STDATOMIC_H 1
| #define USE_PCRE_JIT 1
| #define HAVE_EDITLINE_READLINE_H 1
| #define HAVE_LIBEDIT 1
| #define HAVE_NCURSESW_CURSES_H 1
| #define HAVE_NCURSES_CURSES_H 1
| #define HAVE_NCURSES_H 1
| #define HAVE_CURSES_H 1
| #define STDC_HEADERS 1
| #define HAVE_SYS_MOUNT_H 1
| #define HAVE_SYS_PERSONALITY_H 1
| #define HAVE_SYS_STATVFS_H 1
| #define HAVE_SYS_VFS_H 1
| #define HAVE_ENDIAN_H 1
| #define HAVE_FNMATCH_H 1
| #define HAVE_NANOSLEEP 1
| #define HAVE_FALLOCATE 1
| #define HAVE_SIGALTSTACK 1
| #define HAVE_FNMATCH 1
| #define HAVE_PTHREAD_SETNAME_NP 1
| #define HAVE_PTHREAD_GETATTR_NP 1
| /* end confdefs.h.  */
| /* Define setproctitle to an innocuous variant, in case <limits.h> declares setproctitle.
|    For example, HP-UX 11i <limits.h> declares gettimeofday.  */
| #define setproctitle innocuous_setproctitle
| 
| /* System header to define __stub macros and hopefully few prototypes,
|     which can conflict with char setproctitle (); below.
|     Prefer <limits.h> to <assert.h> if __STDC__ is defined, since
|     <limits.h> exists even on freestanding compilers.  */
| 
| #ifdef __STDC__
| # include <limits.h>
| #else
| # include <assert.h>
| #endif
| 
| #undef setproctitle
| 
| /* Override any GCC internal prototype to avoid an error.
|    Use char because int might match the return type of a GCC
|    builtin and then its argument prototype would still apply.  */
| #ifdef __cplusplus
| extern "C"
| #endif
| char setproctitle ();
| /* The GNU C library defines this for functions which it implements
|     to always fail with ENOSYS.  Some functions are actually named
|     something starting with __ and the normal name is an alias.  */
| #if defined __stub_setproctitle || defined __stub___setproctitle
| choke me
| #endif
| 
| int
| main ()
| {
| return setproctitle ();
|   ;
|   return 0;
| }
configure:22914: result: no
configure:23035: checking for library containing backtrace
configure:23066: gcc -o conftest -O2 -g -m64 -fmessage-length=0 -D_FORTIFY_SOURCE=2 -fstack-protector -funwind-tables -fasynchronous-unwind-tables -fcommon -fstack-protector -Wno-error=clobbered -Werror=maybe-uninitialized -pthread   conftest.c   >&5
configure:23066: $? = 0
configure:23083: result: none required
configure:23107: checking whether daemon() works
configure:23119: checking for daemon
configure:23119: gcc -o conftest -O2 -g -m64 -fmessage-length=0 -D_FORTIFY_SOURCE=2 -fstack-protector -funwind-tables -fasynchronous-unwind-tables -fcommon -fstack-protector -Wno-error=clobbered -Werror=maybe-uninitialized -pthread   conftest.c   >&5
configure:23119: $? = 0
configure:23119: result: yes
configure:23146: checking for special C compiler options needed for large files
configure:23191: result: no
configure:23197: checking for _FILE_OFFSET_BITS value needed for large files
configure:23222: gcc -c -O2 -g -m64 -fmessage-length=0 -D_FORTIFY_SOURCE=2 -fstack-protector -funwind-tables -fasynchronous-unwind-tables -fcommon -fstack-protector -Wno-error=clobbered -Werror=maybe-uninitialized -pthread  conftest.c >&5
configure:23222: $? = 0
configure:23254: result: no
configure:23344: checking for clock_gettime
configure:23344: gcc -o conftest -O2 -g -m64 -fmessage-length=0 -D_FORTIFY_SOURCE=2 -fstack-protector -funwind-tables -fasynchronous-unwind-tables -fcommon -fstack-protector -Wno-error=clobbered -Werror=maybe-uninitialized -pthread   conftest.c   -lrt  >&5
configure:23344: $? = 0
configure:23344: result: yes
configure:23355: checking for gethrtime
configure:23355: gcc -o conftest -O2 -g -m64 -fmessage-length=0 -D_FORTIFY_SOURCE=2 -fstack-protector -funwind-tables -fasynchronous-unwind-tables -fcommon -fstack-protector -Wno-error=clobbered -Werror=maybe-uninitialized -pthread   conftest.c   -lrt  >&5
/usr/lib64/gcc/x86_64-suse-linux/7/../../../../x86_64-suse-linux/bin/ld: /tmp/ccwAdwys.o: in function `main':
/root/rpmbuild/BUILD/varnish-6.5.2/conftest.c:89: undefined reference to `gethrtime'
collect2: error: ld returned 1 exit status
configure:23355: $? = 1
configure: failed program was:
| /* confdefs.h */
| #define PACKAGE_NAME "Varnish"
| #define PACKAGE_TARNAME "varnish"
| #define PACKAGE_VERSION "6.5.2"
| #define PACKAGE_STRING "Varnish 6.5.2"
| #define PACKAGE_BUGREPORT "varnish-dev@varnish-cache.org"
| #define PACKAGE_URL ""
| #define STDC_HEADERS 1
| #define HAVE_SYS_TYPES_H 1
| #define HAVE_SYS_STAT_H 1
| #define HAVE_STDLIB_H 1
| #define HAVE_STRING_H 1
| #define HAVE_MEMORY_H 1
| #define HAVE_STRINGS_H 1
| #define HAVE_INTTYPES_H 1
| #define HAVE_STDINT_H 1
| #define HAVE_UNISTD_H 1
| #define __EXTENSIONS__ 1
| #define _ALL_SOURCE 1
| #define _GNU_SOURCE 1
| #define _POSIX_PTHREAD_SEMANTICS 1
| #define _TANDEM_SOURCE 1
| #define PACKAGE "varnish"
| #define VERSION "6.5.2"
| #define HAVE_DLFCN_H 1
| #define LT_OBJDIR ".libs/"
| #define HAVE_PTHREAD_PRIO_INHERIT 1
| #define HAVE_PTHREAD 1
| #define HAVE_LIBRT 1
| #define HAVE_LIBDL 1
| #define HAVE_STDATOMIC_H 1
| #define USE_PCRE_JIT 1
| #define HAVE_EDITLINE_READLINE_H 1
| #define HAVE_LIBEDIT 1
| #define HAVE_NCURSESW_CURSES_H 1
| #define HAVE_NCURSES_CURSES_H 1
| #define HAVE_NCURSES_H 1
| #define HAVE_CURSES_H 1
| #define STDC_HEADERS 1
| #define HAVE_SYS_MOUNT_H 1
| #define HAVE_SYS_PERSONALITY_H 1
| #define HAVE_SYS_STATVFS_H 1
| #define HAVE_SYS_VFS_H 1
| #define HAVE_ENDIAN_H 1
| #define HAVE_FNMATCH_H 1
| #define HAVE_NANOSLEEP 1
| #define HAVE_FALLOCATE 1
| #define HAVE_SIGALTSTACK 1
| #define HAVE_FNMATCH 1
| #define HAVE_PTHREAD_SETNAME_NP 1
| #define HAVE_PTHREAD_GETATTR_NP 1
| #define HAVE_DAEMON 1
| #define HAVE_CLOCK_GETTIME 1
| /* end confdefs.h.  */
| /* Define gethrtime to an innocuous variant, in case <limits.h> declares gethrtime.
|    For example, HP-UX 11i <limits.h> declares gettimeofday.  */
| #define gethrtime innocuous_gethrtime
| 
| /* System header to define __stub macros and hopefully few prototypes,
|     which can conflict with char gethrtime (); below.
|     Prefer <limits.h> to <assert.h> if __STDC__ is defined, since
|     <limits.h> exists even on freestanding compilers.  */
| 
| #ifdef __STDC__
| # include <limits.h>
| #else
| # include <assert.h>
| #endif
| 
| #undef gethrtime
| 
| /* Override any GCC internal prototype to avoid an error.
|    Use char because int might match the return type of a GCC
|    builtin and then its argument prototype would still apply.  */
| #ifdef __cplusplus
| extern "C"
| #endif
| char gethrtime ();
| /* The GNU C library defines this for functions which it implements
|     to always fail with ENOSYS.  Some functions are actually named
|     something starting with __ and the normal name is an alias.  */
| #if defined __stub_gethrtime || defined __stub___gethrtime
| choke me
| #endif
| 
| int
| main ()
| {
| return gethrtime ();
|   ;
|   return 0;
| }
configure:23355: result: no
configure:23461: checking for kqueue
configure:23461: gcc -o conftest -O2 -g -m64 -fmessage-length=0 -D_FORTIFY_SOURCE=2 -fstack-protector -funwind-tables -fasynchronous-unwind-tables -fcommon -fstack-protector -Wno-error=clobbered -Werror=maybe-uninitialized -pthread   conftest.c   >&5
/usr/lib64/gcc/x86_64-suse-linux/7/../../../../x86_64-suse-linux/bin/ld: /tmp/ccpfMbJw.o: in function `main':
/root/rpmbuild/BUILD/varnish-6.5.2/conftest.c:89: undefined reference to `kqueue'
collect2: error: ld returned 1 exit status
configure:23461: $? = 1
configure: failed program was:
| /* confdefs.h */
| #define PACKAGE_NAME "Varnish"
| #define PACKAGE_TARNAME "varnish"
| #define PACKAGE_VERSION "6.5.2"
| #define PACKAGE_STRING "Varnish 6.5.2"
| #define PACKAGE_BUGREPORT "varnish-dev@varnish-cache.org"
| #define PACKAGE_URL ""
| #define STDC_HEADERS 1
| #define HAVE_SYS_TYPES_H 1
| #define HAVE_SYS_STAT_H 1
| #define HAVE_STDLIB_H 1
| #define HAVE_STRING_H 1
| #define HAVE_MEMORY_H 1
| #define HAVE_STRINGS_H 1
| #define HAVE_INTTYPES_H 1
| #define HAVE_STDINT_H 1
| #define HAVE_UNISTD_H 1
| #define __EXTENSIONS__ 1
| #define _ALL_SOURCE 1
| #define _GNU_SOURCE 1
| #define _POSIX_PTHREAD_SEMANTICS 1
| #define _TANDEM_SOURCE 1
| #define PACKAGE "varnish"
| #define VERSION "6.5.2"
| #define HAVE_DLFCN_H 1
| #define LT_OBJDIR ".libs/"
| #define HAVE_PTHREAD_PRIO_INHERIT 1
| #define HAVE_PTHREAD 1
| #define HAVE_LIBRT 1
| #define HAVE_LIBDL 1
| #define HAVE_STDATOMIC_H 1
| #define USE_PCRE_JIT 1
| #define HAVE_EDITLINE_READLINE_H 1
| #define HAVE_LIBEDIT 1
| #define HAVE_NCURSESW_CURSES_H 1
| #define HAVE_NCURSES_CURSES_H 1
| #define HAVE_NCURSES_H 1
| #define HAVE_CURSES_H 1
| #define STDC_HEADERS 1
| #define HAVE_SYS_MOUNT_H 1
| #define HAVE_SYS_PERSONALITY_H 1
| #define HAVE_SYS_STATVFS_H 1
| #define HAVE_SYS_VFS_H 1
| #define HAVE_ENDIAN_H 1
| #define HAVE_FNMATCH_H 1
| #define HAVE_NANOSLEEP 1
| #define HAVE_FALLOCATE 1
| #define HAVE_SIGALTSTACK 1
| #define HAVE_FNMATCH 1
| #define HAVE_PTHREAD_SETNAME_NP 1
| #define HAVE_PTHREAD_GETATTR_NP 1
| #define HAVE_DAEMON 1
| #define HAVE_CLOCK_GETTIME 1
| /* end confdefs.h.  */
| /* Define kqueue to an innocuous variant, in case <limits.h> declares kqueue.
|    For example, HP-UX 11i <limits.h> declares gettimeofday.  */
| #define kqueue innocuous_kqueue
| 
| /* System header to define __stub macros and hopefully few prototypes,
|     which can conflict with char kqueue (); below.
|     Prefer <limits.h> to <assert.h> if __STDC__ is defined, since
|     <limits.h> exists even on freestanding compilers.  */
| 
| #ifdef __STDC__
| # include <limits.h>
| #else
| # include <assert.h>
| #endif
| 
| #undef kqueue
| 
| /* Override any GCC internal prototype to avoid an error.
|    Use char because int might match the return type of a GCC
|    builtin and then its argument prototype would still apply.  */
| #ifdef __cplusplus
| extern "C"
| #endif
| char kqueue ();
| /* The GNU C library defines this for functions which it implements
|     to always fail with ENOSYS.  Some functions are actually named
|     something starting with __ and the normal name is an alias.  */
| #if defined __stub_kqueue || defined __stub___kqueue
| choke me
| #endif
| 
| int
| main ()
| {
| return kqueue ();
|   ;
|   return 0;
| }
configure:23461: result: no
configure:23486: checking for epoll_ctl
configure:23486: gcc -o conftest -O2 -g -m64 -fmessage-length=0 -D_FORTIFY_SOURCE=2 -fstack-protector -funwind-tables -fasynchronous-unwind-tables -fcommon -fstack-protector -Wno-error=clobbered -Werror=maybe-uninitialized -pthread   conftest.c   >&5
configure:23486: $? = 0
configure:23486: result: yes
configure:23511: checking for port_create
configure:23511: gcc -o conftest -O2 -g -m64 -fmessage-length=0 -D_FORTIFY_SOURCE=2 -fstack-protector -funwind-tables -fasynchronous-unwind-tables -fcommon -fstack-protector -Wno-error=clobbered -Werror=maybe-uninitialized -pthread   conftest.c   >&5
/usr/lib64/gcc/x86_64-suse-linux/7/../../../../x86_64-suse-linux/bin/ld: /tmp/cclkhQVs.o: in function `main':
/root/rpmbuild/BUILD/varnish-6.5.2/conftest.c:90: undefined reference to `port_create'
collect2: error: ld returned 1 exit status
configure:23511: $? = 1
configure: failed program was:
| /* confdefs.h */
| #define PACKAGE_NAME "Varnish"
| #define PACKAGE_TARNAME "varnish"
| #define PACKAGE_VERSION "6.5.2"
| #define PACKAGE_STRING "Varnish 6.5.2"
| #define PACKAGE_BUGREPORT "varnish-dev@varnish-cache.org"
| #define PACKAGE_URL ""
| #define STDC_HEADERS 1
| #define HAVE_SYS_TYPES_H 1
| #define HAVE_SYS_STAT_H 1
| #define HAVE_STDLIB_H 1
| #define HAVE_STRING_H 1
| #define HAVE_MEMORY_H 1
| #define HAVE_STRINGS_H 1
| #define HAVE_INTTYPES_H 1
| #define HAVE_STDINT_H 1
| #define HAVE_UNISTD_H 1
| #define __EXTENSIONS__ 1
| #define _ALL_SOURCE 1
| #define _GNU_SOURCE 1
| #define _POSIX_PTHREAD_SEMANTICS 1
| #define _TANDEM_SOURCE 1
| #define PACKAGE "varnish"
| #define VERSION "6.5.2"
| #define HAVE_DLFCN_H 1
| #define LT_OBJDIR ".libs/"
| #define HAVE_PTHREAD_PRIO_INHERIT 1
| #define HAVE_PTHREAD 1
| #define HAVE_LIBRT 1
| #define HAVE_LIBDL 1
| #define HAVE_STDATOMIC_H 1
| #define USE_PCRE_JIT 1
| #define HAVE_EDITLINE_READLINE_H 1
| #define HAVE_LIBEDIT 1
| #define HAVE_NCURSESW_CURSES_H 1
| #define HAVE_NCURSES_CURSES_H 1
| #define HAVE_NCURSES_H 1
| #define HAVE_CURSES_H 1
| #define STDC_HEADERS 1
| #define HAVE_SYS_MOUNT_H 1
| #define HAVE_SYS_PERSONALITY_H 1
| #define HAVE_SYS_STATVFS_H 1
| #define HAVE_SYS_VFS_H 1
| #define HAVE_ENDIAN_H 1
| #define HAVE_FNMATCH_H 1
| #define HAVE_NANOSLEEP 1
| #define HAVE_FALLOCATE 1
| #define HAVE_SIGALTSTACK 1
| #define HAVE_FNMATCH 1
| #define HAVE_PTHREAD_SETNAME_NP 1
| #define HAVE_PTHREAD_GETATTR_NP 1
| #define HAVE_DAEMON 1
| #define HAVE_CLOCK_GETTIME 1
| #define HAVE_EPOLL_CTL 1
| /* end confdefs.h.  */
| /* Define port_create to an innocuous variant, in case <limits.h> declares port_create.
|    For example, HP-UX 11i <limits.h> declares gettimeofday.  */
| #define port_create innocuous_port_create
| 
| /* System header to define __stub macros and hopefully few prototypes,
|     which can conflict with char port_create (); below.
|     Prefer <limits.h> to <assert.h> if __STDC__ is defined, since
|     <limits.h> exists even on freestanding compilers.  */
| 
| #ifdef __STDC__
| # include <limits.h>
| #else
| # include <assert.h>
| #endif
| 
| #undef port_create
| 
| /* Override any GCC internal prototype to avoid an error.
|    Use char because int might match the return type of a GCC
|    builtin and then its argument prototype would still apply.  */
| #ifdef __cplusplus
| extern "C"
| #endif
| char port_create ();
| /* The GNU C library defines this for functions which it implements
|     to always fail with ENOSYS.  Some functions are actually named
|     something starting with __ and the normal name is an alias.  */
| #if defined __stub_port_create || defined __stub___port_create
| choke me
| #endif
| 
| int
| main ()
| {
| return port_create ();
|   ;
|   return 0;
| }
configure:23511: result: no
configure:23567: checking for struct sockaddr.sa_len
configure:23567: gcc -c -O2 -g -m64 -fmessage-length=0 -D_FORTIFY_SOURCE=2 -fstack-protector -funwind-tables -fasynchronous-unwind-tables -fcommon -fstack-protector -Wno-error=clobbered -Werror=maybe-uninitialized -pthread  conftest.c >&5
conftest.c: In function 'main':
conftest.c:62:12: error: 'struct sockaddr' has no member named 'sa_len'
 if (ac_aggr.sa_len)
            ^
configure:23567: $? = 1
configure: failed program was:
| /* confdefs.h */
| #define PACKAGE_NAME "Varnish"
| #define PACKAGE_TARNAME "varnish"
| #define PACKAGE_VERSION "6.5.2"
| #define PACKAGE_STRING "Varnish 6.5.2"
| #define PACKAGE_BUGREPORT "varnish-dev@varnish-cache.org"
| #define PACKAGE_URL ""
| #define STDC_HEADERS 1
| #define HAVE_SYS_TYPES_H 1
| #define HAVE_SYS_STAT_H 1
| #define HAVE_STDLIB_H 1
| #define HAVE_STRING_H 1
| #define HAVE_MEMORY_H 1
| #define HAVE_STRINGS_H 1
| #define HAVE_INTTYPES_H 1
| #define HAVE_STDINT_H 1
| #define HAVE_UNISTD_H 1
| #define __EXTENSIONS__ 1
| #define _ALL_SOURCE 1
| #define _GNU_SOURCE 1
| #define _POSIX_PTHREAD_SEMANTICS 1
| #define _TANDEM_SOURCE 1
| #define PACKAGE "varnish"
| #define VERSION "6.5.2"
| #define HAVE_DLFCN_H 1
| #define LT_OBJDIR ".libs/"
| #define HAVE_PTHREAD_PRIO_INHERIT 1
| #define HAVE_PTHREAD 1
| #define HAVE_LIBRT 1
| #define HAVE_LIBDL 1
| #define HAVE_STDATOMIC_H 1
| #define USE_PCRE_JIT 1
| #define HAVE_EDITLINE_READLINE_H 1
| #define HAVE_LIBEDIT 1
| #define HAVE_NCURSESW_CURSES_H 1
| #define HAVE_NCURSES_CURSES_H 1
| #define HAVE_NCURSES_H 1
| #define HAVE_CURSES_H 1
| #define STDC_HEADERS 1
| #define HAVE_SYS_MOUNT_H 1
| #define HAVE_SYS_PERSONALITY_H 1
| #define HAVE_SYS_STATVFS_H 1
| #define HAVE_SYS_VFS_H 1
| #define HAVE_ENDIAN_H 1
| #define HAVE_FNMATCH_H 1
| #define HAVE_NANOSLEEP 1
| #define HAVE_FALLOCATE 1
| #define HAVE_SIGALTSTACK 1
| #define HAVE_FNMATCH 1
| #define HAVE_PTHREAD_SETNAME_NP 1
| #define HAVE_PTHREAD_GETATTR_NP 1
| #define HAVE_DAEMON 1
| #define HAVE_CLOCK_GETTIME 1
| #define HAVE_EPOLL_CTL 1
| /* end confdefs.h.  */
| #include <sys/socket.h>
| 
| int
| main ()
| {
| static struct sockaddr ac_aggr;
| if (ac_aggr.sa_len)
| return 0;
|   ;
|   return 0;
| }
configure:23567: gcc -c -O2 -g -m64 -fmessage-length=0 -D_FORTIFY_SOURCE=2 -fstack-protector -funwind-tables -fasynchronous-unwind-tables -fcommon -fstack-protector -Wno-error=clobbered -Werror=maybe-uninitialized -pthread  conftest.c >&5
conftest.c: In function 'main':
conftest.c:62:19: error: 'struct sockaddr' has no member named 'sa_len'
 if (sizeof ac_aggr.sa_len)
                   ^
configure:23567: $? = 1
configure: failed program was:
| /* confdefs.h */
| #define PACKAGE_NAME "Varnish"
| #define PACKAGE_TARNAME "varnish"
| #define PACKAGE_VERSION "6.5.2"
| #define PACKAGE_STRING "Varnish 6.5.2"
| #define PACKAGE_BUGREPORT "varnish-dev@varnish-cache.org"
| #define PACKAGE_URL ""
| #define STDC_HEADERS 1
| #define HAVE_SYS_TYPES_H 1
| #define HAVE_SYS_STAT_H 1
| #define HAVE_STDLIB_H 1
| #define HAVE_STRING_H 1
| #define HAVE_MEMORY_H 1
| #define HAVE_STRINGS_H 1
| #define HAVE_INTTYPES_H 1
| #define HAVE_STDINT_H 1
| #define HAVE_UNISTD_H 1
| #define __EXTENSIONS__ 1
| #define _ALL_SOURCE 1
| #define _GNU_SOURCE 1
| #define _POSIX_PTHREAD_SEMANTICS 1
| #define _TANDEM_SOURCE 1
| #define PACKAGE "varnish"
| #define VERSION "6.5.2"
| #define HAVE_DLFCN_H 1
| #define LT_OBJDIR ".libs/"
| #define HAVE_PTHREAD_PRIO_INHERIT 1
| #define HAVE_PTHREAD 1
| #define HAVE_LIBRT 1
| #define HAVE_LIBDL 1
| #define HAVE_STDATOMIC_H 1
| #define USE_PCRE_JIT 1
| #define HAVE_EDITLINE_READLINE_H 1
| #define HAVE_LIBEDIT 1
| #define HAVE_NCURSESW_CURSES_H 1
| #define HAVE_NCURSES_CURSES_H 1
| #define HAVE_NCURSES_H 1
| #define HAVE_CURSES_H 1
| #define STDC_HEADERS 1
| #define HAVE_SYS_MOUNT_H 1
| #define HAVE_SYS_PERSONALITY_H 1
| #define HAVE_SYS_STATVFS_H 1
| #define HAVE_SYS_VFS_H 1
| #define HAVE_ENDIAN_H 1
| #define HAVE_FNMATCH_H 1
| #define HAVE_NANOSLEEP 1
| #define HAVE_FALLOCATE 1
| #define HAVE_SIGALTSTACK 1
| #define HAVE_FNMATCH 1
| #define HAVE_PTHREAD_SETNAME_NP 1
| #define HAVE_PTHREAD_GETATTR_NP 1
| #define HAVE_DAEMON 1
| #define HAVE_CLOCK_GETTIME 1
| #define HAVE_EPOLL_CTL 1
| /* end confdefs.h.  */
| #include <sys/socket.h>
| 
| int
| main ()
| {
| static struct sockaddr ac_aggr;
| if (sizeof ac_aggr.sa_len)
| return 0;
|   ;
|   return 0;
| }
configure:23567: result: no
configure:23576: checking whether SO_ACCEPTFILTER is declared
configure:23576: gcc -c -O2 -g -m64 -fmessage-length=0 -D_FORTIFY_SOURCE=2 -fstack-protector -funwind-tables -fasynchronous-unwind-tables -fcommon -fstack-protector -Wno-error=clobbered -Werror=maybe-uninitialized -pthread  conftest.c >&5
conftest.c: In function 'main':
conftest.c:69:10: error: 'SO_ACCEPTFILTER' undeclared (first use in this function); did you mean 'SO_LOCK_FILTER'?
   (void) SO_ACCEPTFILTER;
          ^~~~~~~~~~~~~~~
          SO_LOCK_FILTER
conftest.c:69:10: note: each undeclared identifier is reported only once for each function it appears in
configure:23576: $? = 1
configure: failed program was:
| /* confdefs.h */
| #define PACKAGE_NAME "Varnish"
| #define PACKAGE_TARNAME "varnish"
| #define PACKAGE_VERSION "6.5.2"
| #define PACKAGE_STRING "Varnish 6.5.2"
| #define PACKAGE_BUGREPORT "varnish-dev@varnish-cache.org"
| #define PACKAGE_URL ""
| #define STDC_HEADERS 1
| #define HAVE_SYS_TYPES_H 1
| #define HAVE_SYS_STAT_H 1
| #define HAVE_STDLIB_H 1
| #define HAVE_STRING_H 1
| #define HAVE_MEMORY_H 1
| #define HAVE_STRINGS_H 1
| #define HAVE_INTTYPES_H 1
| #define HAVE_STDINT_H 1
| #define HAVE_UNISTD_H 1
| #define __EXTENSIONS__ 1
| #define _ALL_SOURCE 1
| #define _GNU_SOURCE 1
| #define _POSIX_PTHREAD_SEMANTICS 1
| #define _TANDEM_SOURCE 1
| #define PACKAGE "varnish"
| #define VERSION "6.5.2"
| #define HAVE_DLFCN_H 1
| #define LT_OBJDIR ".libs/"
| #define HAVE_PTHREAD_PRIO_INHERIT 1
| #define HAVE_PTHREAD 1
| #define HAVE_LIBRT 1
| #define HAVE_LIBDL 1
| #define HAVE_STDATOMIC_H 1
| #define USE_PCRE_JIT 1
| #define HAVE_EDITLINE_READLINE_H 1
| #define HAVE_LIBEDIT 1
| #define HAVE_NCURSESW_CURSES_H 1
| #define HAVE_NCURSES_CURSES_H 1
| #define HAVE_NCURSES_H 1
| #define HAVE_CURSES_H 1
| #define STDC_HEADERS 1
| #define HAVE_SYS_MOUNT_H 1
| #define HAVE_SYS_PERSONALITY_H 1
| #define HAVE_SYS_STATVFS_H 1
| #define HAVE_SYS_VFS_H 1
| #define HAVE_ENDIAN_H 1
| #define HAVE_FNMATCH_H 1
| #define HAVE_NANOSLEEP 1
| #define HAVE_FALLOCATE 1
| #define HAVE_SIGALTSTACK 1
| #define HAVE_FNMATCH 1
| #define HAVE_PTHREAD_SETNAME_NP 1
| #define HAVE_PTHREAD_GETATTR_NP 1
| #define HAVE_DAEMON 1
| #define HAVE_CLOCK_GETTIME 1
| #define HAVE_EPOLL_CTL 1
| /* end confdefs.h.  */
| 
| #include <sys/types.h>
| #include <sys/socket.h>
| 
| 
| 
| int
| main ()
| {
| #ifndef SO_ACCEPTFILTER
| #ifdef __cplusplus
|   (void) SO_ACCEPTFILTER;
| #else
|   (void) SO_ACCEPTFILTER;
| #endif
| #endif
| 
|   ;
|   return 0;
| }
configure:23576: result: no
configure:23603: checking whether SO_RCVTIMEO works
configure:23642: gcc -o conftest -O2 -g -m64 -fmessage-length=0 -D_FORTIFY_SOURCE=2 -fstack-protector -funwind-tables -fasynchronous-unwind-tables -fcommon -fstack-protector -Wno-error=clobbered -Werror=maybe-uninitialized -pthread   conftest.c     >&5
configure:23642: $? = 0
configure:23642: ./conftest
configure:23642: $? = 0
configure:23653: result: yes
configure:23664: checking whether SO_SNDTIMEO works
configure:23703: gcc -o conftest -O2 -g -m64 -fmessage-length=0 -D_FORTIFY_SOURCE=2 -fstack-protector -funwind-tables -fasynchronous-unwind-tables -fcommon -fstack-protector -Wno-error=clobbered -Werror=maybe-uninitialized -pthread   conftest.c     >&5
configure:23703: $? = 0
configure:23703: ./conftest
configure:23703: $? = 0
configure:23714: result: yes
configure:23732: checking for TCP_KEEP(CNT|IDLE|INTVL) socket options
configure:23772: gcc -o conftest -O2 -g -m64 -fmessage-length=0 -D_FORTIFY_SOURCE=2 -fstack-protector -funwind-tables -fasynchronous-unwind-tables -fcommon -fstack-protector -Wno-error=clobbered -Werror=maybe-uninitialized -pthread   conftest.c     >&5
configure:23772: $? = 0
configure:23772: ./conftest
configure:23772: $? = 0
configure:23783: result: yes
configure:23795: checking for TCP_FASTOPEN socket option
configure:23831: gcc -o conftest -O2 -g -m64 -fmessage-length=0 -D_FORTIFY_SOURCE=2 -fstack-protector -funwind-tables -fasynchronous-unwind-tables -fcommon -fstack-protector -Wno-error=clobbered -Werror=maybe-uninitialized -pthread   conftest.c     >&5
configure:23831: $? = 0
configure:23831: ./conftest
configure:23831: $? = 0
configure:23842: result: yes
configure:23871: checking if LD -Wl,--version-script works
configure:23889: gcc -o conftest -O2 -g -m64 -fmessage-length=0 -D_FORTIFY_SOURCE=2 -fstack-protector -funwind-tables -fasynchronous-unwind-tables -fcommon -fstack-protector -Wno-error=clobbered -Werror=maybe-uninitialized -pthread   -Wl,--version-script=conftest.map conftest.c   >&5
/usr/lib64/gcc/x86_64-suse-linux/7/../../../../x86_64-suse-linux/bin/ld:conftest.map:0: syntax error in VERSION script
collect2: error: ld returned 1 exit status
configure:23889: $? = 1
configure: failed program was:
| /* confdefs.h */
| #define PACKAGE_NAME "Varnish"
| #define PACKAGE_TARNAME "varnish"
| #define PACKAGE_VERSION "6.5.2"
| #define PACKAGE_STRING "Varnish 6.5.2"
| #define PACKAGE_BUGREPORT "varnish-dev@varnish-cache.org"
| #define PACKAGE_URL ""
| #define STDC_HEADERS 1
| #define HAVE_SYS_TYPES_H 1
| #define HAVE_SYS_STAT_H 1
| #define HAVE_STDLIB_H 1
| #define HAVE_STRING_H 1
| #define HAVE_MEMORY_H 1
| #define HAVE_STRINGS_H 1
| #define HAVE_INTTYPES_H 1
| #define HAVE_STDINT_H 1
| #define HAVE_UNISTD_H 1
| #define __EXTENSIONS__ 1
| #define _ALL_SOURCE 1
| #define _GNU_SOURCE 1
| #define _POSIX_PTHREAD_SEMANTICS 1
| #define _TANDEM_SOURCE 1
| #define PACKAGE "varnish"
| #define VERSION "6.5.2"
| #define HAVE_DLFCN_H 1
| #define LT_OBJDIR ".libs/"
| #define HAVE_PTHREAD_PRIO_INHERIT 1
| #define HAVE_PTHREAD 1
| #define HAVE_LIBRT 1
| #define HAVE_LIBDL 1
| #define HAVE_STDATOMIC_H 1
| #define USE_PCRE_JIT 1
| #define HAVE_EDITLINE_READLINE_H 1
| #define HAVE_LIBEDIT 1
| #define HAVE_NCURSESW_CURSES_H 1
| #define HAVE_NCURSES_CURSES_H 1
| #define HAVE_NCURSES_H 1
| #define HAVE_CURSES_H 1
| #define STDC_HEADERS 1
| #define HAVE_SYS_MOUNT_H 1
| #define HAVE_SYS_PERSONALITY_H 1
| #define HAVE_SYS_STATVFS_H 1
| #define HAVE_SYS_VFS_H 1
| #define HAVE_ENDIAN_H 1
| #define HAVE_FNMATCH_H 1
| #define HAVE_NANOSLEEP 1
| #define HAVE_FALLOCATE 1
| #define HAVE_SIGALTSTACK 1
| #define HAVE_FNMATCH 1
| #define HAVE_PTHREAD_SETNAME_NP 1
| #define HAVE_PTHREAD_GETATTR_NP 1
| #define HAVE_DAEMON 1
| #define HAVE_CLOCK_GETTIME 1
| #define HAVE_EPOLL_CTL 1
| #define SO_RCVTIMEO_WORKS 1
| #define SO_SNDTIMEO_WORKS 1
| #define HAVE_TCP_KEEP 1
| #define HAVE_TCP_FASTOPEN 1
| /* end confdefs.h.  */
| 
| int
| main ()
| {
| 
|   ;
|   return 0;
| }
configure:23917: gcc -o conftest -O2 -g -m64 -fmessage-length=0 -D_FORTIFY_SOURCE=2 -fstack-protector -funwind-tables -fasynchronous-unwind-tables -fcommon -fstack-protector -Wno-error=clobbered -Werror=maybe-uninitialized -pthread   -Wl,--version-script=conftest.map conftest.c   >&5
configure:23917: $? = 0
configure:23929: result: yes
configure:23952: checking whether C compiler accepts -Wall
configure:23971: gcc -c -O2 -g -m64 -fmessage-length=0 -D_FORTIFY_SOURCE=2 -fstack-protector -funwind-tables -fasynchronous-unwind-tables -fcommon -fstack-protector -Wno-error=clobbered -Werror=maybe-uninitialized -pthread  -Wall  conftest.c >&5
configure:23971: $? = 0
configure:23979: result: yes
configure:24033: checking whether C compiler accepts -Werror
configure:24052: gcc -c -O2 -g -m64 -fmessage-length=0 -D_FORTIFY_SOURCE=2 -fstack-protector -funwind-tables -fasynchronous-unwind-tables -fcommon -fstack-protector -Wno-error=clobbered -Werror=maybe-uninitialized -pthread -Wall  -Werror  conftest.c >&5
configure:24052: $? = 0
configure:24060: result: yes
configure:24071: checking whether C compiler accepts -Werror=unused-result
configure:24090: gcc -c -O2 -g -m64 -fmessage-length=0 -D_FORTIFY_SOURCE=2 -fstack-protector -funwind-tables -fasynchronous-unwind-tables -fcommon -fstack-protector -Wno-error=clobbered -Werror=maybe-uninitialized -pthread -Wall -Werror  -Werror=unused-result  conftest.c >&5
configure:24090: $? = 0
configure:24098: result: yes
configure:24180: checking whether C compiler accepts -fstack-protector
configure:24199: gcc -c -O2 -g -m64 -fmessage-length=0 -D_FORTIFY_SOURCE=2 -fstack-protector -funwind-tables -fasynchronous-unwind-tables -fcommon -fstack-protector -Wno-error=clobbered -Werror=maybe-uninitialized -pthread -Wall -Werror -Wno-error=unused-result  -fstack-protector  conftest.c >&5
configure:24199: $? = 0
configure:24207: result: yes
configure:24210: checking whether the linker accepts -fstack-protector
configure:24229: gcc -o conftest -O2 -g -m64 -fmessage-length=0 -D_FORTIFY_SOURCE=2 -fstack-protector -funwind-tables -fasynchronous-unwind-tables -fcommon -fstack-protector -Wno-error=clobbered -Werror=maybe-uninitialized -pthread -Wall -Werror -Wno-error=unused-result    -fstack-protector conftest.c   >&5
configure:24229: $? = 0
configure:24238: result: yes
configure:24264: checking whether C compiler accepts -Wno-missing-field-initializers
configure:24283: gcc -c -O2 -g -m64 -fmessage-length=0 -D_FORTIFY_SOURCE=2 -fstack-protector -funwind-tables -fasynchronous-unwind-tables -fcommon -fstack-protector -Wno-error=clobbered -Werror=maybe-uninitialized -pthread -Wall -Werror -Wno-error=unused-result  -Wno-missing-field-initializers  conftest.c >&5
configure:24283: $? = 0
configure:24291: result: yes
configure:24501: checking that generated files are newer than configure
configure:24507: result: done
configure:24550: creating ./config.status

## ---------------------- ##
## Running config.status. ##
## ---------------------- ##

This file was extended by Varnish config.status 6.5.2, which was
generated by GNU Autoconf 2.69.  Invocation command line was

  CONFIG_FILES    = 
  CONFIG_HEADERS  = 
  CONFIG_LINKS    = 
  CONFIG_COMMANDS = 
  $ ./config.status 

on fsnarski-sles-compiler

config.status:1325: creating Makefile
config.status:1325: creating bin/Makefile
config.status:1325: creating bin/varnishadm/Makefile
config.status:1325: creating bin/varnishd/Makefile
config.status:1325: creating bin/varnishlog/Makefile
config.status:1325: creating bin/varnishstat/Makefile
config.status:1325: creating bin/varnishtop/Makefile
config.status:1325: creating bin/varnishhist/Makefile
config.status:1325: creating bin/varnishtest/Makefile
config.status:1325: creating bin/varnishncsa/Makefile
config.status:1325: creating doc/Makefile
config.status:1325: creating doc/graphviz/Makefile
config.status:1325: creating doc/sphinx/Makefile
config.status:1325: creating doc/sphinx/conf.py
config.status:1325: creating etc/Makefile
config.status:1325: creating include/Makefile
config.status:1325: creating lib/Makefile
config.status:1325: creating lib/libvarnish/Makefile
config.status:1325: creating lib/libvarnishapi/Makefile
config.status:1325: creating lib/libvcc/Makefile
config.status:1325: creating lib/libvgz/Makefile
config.status:1325: creating lib/libvmod_cookie/Makefile
config.status:1325: creating lib/libvmod_debug/Makefile
config.status:1325: creating lib/libvmod_std/Makefile
config.status:1325: creating lib/libvmod_directors/Makefile
config.status:1325: creating lib/libvmod_purge/Makefile
config.status:1325: creating lib/libvmod_vtc/Makefile
config.status:1325: creating lib/libvmod_blob/Makefile
config.status:1325: creating lib/libvmod_unix/Makefile
config.status:1325: creating lib/libvmod_proxy/Makefile
config.status:1325: creating man/Makefile
config.status:1325: creating varnishapi.pc
config.status:1325: creating varnishapi-uninstalled.pc
config.status:1325: creating config.h
config.status:1554: executing depfiles commands
config.status:1554: executing libtool commands
config.status:1554: executing mkdir commands

## ---------------- ##
## Cache variables. ##
## ---------------- ##

ac_cv_build=x86_64-suse-linux-gnu
ac_cv_c_compiler_gnu=yes
ac_cv_env_CC_set=
ac_cv_env_CC_value=
ac_cv_env_CFLAGS_set=set
ac_cv_env_CFLAGS_value='-O2 -g -m64 -fmessage-length=0 -D_FORTIFY_SOURCE=2 -fstack-protector -funwind-tables -fasynchronous-unwind-tables -fcommon -fstack-protector -Wno-error=clobbered -Werror=maybe-uninitialized'
ac_cv_env_CPPFLAGS_set=
ac_cv_env_CPPFLAGS_value=
ac_cv_env_CPP_set=
ac_cv_env_CPP_value=
ac_cv_env_CURSES_CFLAGS_set=
ac_cv_env_CURSES_CFLAGS_value=
ac_cv_env_CURSES_LIBS_set=
ac_cv_env_CURSES_LIBS_value=
ac_cv_env_CURSES_LIB_set=
ac_cv_env_CURSES_LIB_value=
ac_cv_env_LDFLAGS_set=
ac_cv_env_LDFLAGS_value=
ac_cv_env_LIBEDIT_CFLAGS_set=
ac_cv_env_LIBEDIT_CFLAGS_value=
ac_cv_env_LIBEDIT_LIBS_set=
ac_cv_env_LIBEDIT_LIBS_value=
ac_cv_env_LIBS_set=
ac_cv_env_LIBS_value=
ac_cv_env_LIBUNWIND_CFLAGS_set=
ac_cv_env_LIBUNWIND_CFLAGS_value=
ac_cv_env_LIBUNWIND_LIBS_set=
ac_cv_env_LIBUNWIND_LIBS_value=
ac_cv_env_LT_SYS_LIBRARY_PATH_set=
ac_cv_env_LT_SYS_LIBRARY_PATH_value=
ac_cv_env_PCRE_CFLAGS_set=
ac_cv_env_PCRE_CFLAGS_value=
ac_cv_env_PCRE_LIBS_set=
ac_cv_env_PCRE_LIBS_value=
ac_cv_env_PKG_CONFIG_LIBDIR_set=
ac_cv_env_PKG_CONFIG_LIBDIR_value=
ac_cv_env_PKG_CONFIG_PATH_set=set
ac_cv_env_PKG_CONFIG_PATH_value=:/usr/lib64/pkgconfig:/usr/share/pkgconfig
ac_cv_env_PKG_CONFIG_set=
ac_cv_env_PKG_CONFIG_value=
ac_cv_env_PYTHON_set=
ac_cv_env_PYTHON_value=
ac_cv_env_VCC_CC_set=
ac_cv_env_VCC_CC_value=
ac_cv_env_build_alias_set=set
ac_cv_env_build_alias_value=x86_64-suse-linux-gnu
ac_cv_env_host_alias_set=set
ac_cv_env_host_alias_value=x86_64-suse-linux-gnu
ac_cv_env_target_alias_set=
ac_cv_env_target_alias_value=
ac_cv_func_clock_gettime=yes
ac_cv_func_closefrom=no
ac_cv_func_daemon=yes
ac_cv_func_epoll_ctl=yes
ac_cv_func_fallocate=yes
ac_cv_func_fnmatch=yes
ac_cv_func_gethrtime=no
ac_cv_func_getpeereid=no
ac_cv_func_getpeerucred=no
ac_cv_func_kqueue=no
ac_cv_func_nanosleep=yes
ac_cv_func_port_create=no
ac_cv_func_pthread_getattr_np=yes
ac_cv_func_pthread_mutex_isowned_np=no
ac_cv_func_pthread_set_name_np=no
ac_cv_func_pthread_setname_np=yes
ac_cv_func_setppriv=no
ac_cv_func_setproctitle=no
ac_cv_func_sigaltstack=yes
ac_cv_have_decl_SO_ACCEPTFILTER=no
ac_cv_have_decl___SUNPRO_C=no
ac_cv_have_tcp_fastopen=yes
ac_cv_have_tcp_keep=yes
ac_cv_have_viz=yes
ac_cv_header_curses_h=yes
ac_cv_header_dlfcn_h=yes
ac_cv_header_edit_readline_readline_h=no
ac_cv_header_editline_readline_h=yes
ac_cv_header_endian_h=yes
ac_cv_header_fnmatch_h=yes
ac_cv_header_inttypes_h=yes
ac_cv_header_memory_h=yes
ac_cv_header_minix_config_h=no
ac_cv_header_ncurses_curses_h=yes
ac_cv_header_ncurses_h=yes
ac_cv_header_ncursesw_curses_h=yes
ac_cv_header_ncursesw_h=no
ac_cv_header_priv_h=no
ac_cv_header_pthread_np_h=no
ac_cv_header_stdatomic_h=yes
ac_cv_header_stdc=yes
ac_cv_header_stdint_h=yes
ac_cv_header_stdlib_h=yes
ac_cv_header_string_h=yes
ac_cv_header_strings_h=yes
ac_cv_header_sys_endian_h=no
ac_cv_header_sys_filio_h=no
ac_cv_header_sys_mount_h=yes
ac_cv_header_sys_personality_h=yes
ac_cv_header_sys_stat_h=yes
ac_cv_header_sys_statvfs_h=yes
ac_cv_header_sys_types_h=yes
ac_cv_header_sys_vfs_h=yes
ac_cv_header_umem_h=no
ac_cv_header_unistd_h=yes
ac_cv_host=x86_64-suse-linux-gnu
ac_cv_lib_dl_dlopen=yes
ac_cv_lib_jemalloc_malloc_conf=no
ac_cv_lib_m_cos=yes
ac_cv_lib_nsl_getaddrinfo=no
ac_cv_lib_rt_clock_gettime=yes
ac_cv_lib_socket_socket=no
ac_cv_member_struct_sockaddr_sa_len=no
ac_cv_objext=o
ac_cv_path_EGREP='/usr/bin/grep -E'
ac_cv_path_FGREP='/usr/bin/grep -F'
ac_cv_path_GREP=/usr/bin/grep
ac_cv_path_PKG_CONFIG=/usr/bin/x86_64-suse-linux-gnu-pkg-config
ac_cv_path_PYTHON=/usr/bin/python3.6
ac_cv_path_SED=/usr/bin/sed
ac_cv_path_install='/usr/bin/install -c'
ac_cv_path_lt_DD=/usr/bin/dd
ac_cv_path_mkdir=/usr/bin/mkdir
ac_cv_prog_AWK=gawk
ac_cv_prog_CC=gcc
ac_cv_prog_CPP='gcc -E'
ac_cv_prog_RST2HTML=rst2html
ac_cv_prog_RST2MAN=rst2man
ac_cv_prog_SPHINX=sphinx-build-3.6
ac_cv_prog_ac_ct_AR=ar
ac_cv_prog_ac_ct_CC=gcc
ac_cv_prog_ac_ct_MANIFEST_TOOL=mt
ac_cv_prog_ac_ct_OBJDUMP=objdump
ac_cv_prog_ac_ct_RANLIB=ranlib
ac_cv_prog_ac_ct_STRIP=strip
ac_cv_prog_cc_c89=
ac_cv_prog_cc_c99=
ac_cv_prog_cc_g=yes
ac_cv_prog_cc_stdc=
ac_cv_prog_make_make_set=yes
ac_cv_safe_to_define___extensions__=yes
ac_cv_search_backtrace='none required'
ac_cv_search_pthread_create='none required'
ac_cv_so_rcvtimeo_works=yes
ac_cv_so_sndtimeo_works=yes
ac_cv_sys_file_offset_bits=no
ac_cv_sys_largefile_CC=no
ac_cv_target=x86_64-suse-linux-gnu
am_cv_CC_dependencies_compiler_type=none
am_cv_make_support_nested_variables=yes
am_cv_pathless_PYTHON=python3.6
am_cv_prog_cc_c_o=yes
am_cv_python_platform=linux
am_cv_python_pyexecdir='${exec_prefix}/lib64/python3.6/site-packages'
am_cv_python_pythondir='${prefix}/lib/python3.6/site-packages'
am_cv_python_version=3.6
ax_cv_PTHREAD_CLANG=no
ax_cv_PTHREAD_JOINABLE_ATTR=PTHREAD_CREATE_JOINABLE
ax_cv_PTHREAD_PRIO_INHERIT=yes
ax_cv_PTHREAD_SPECIAL_FLAGS=no
ax_cv_check_cflags___Wall=yes
ax_cv_check_cflags___Werror=yes
ax_cv_check_cflags___Werror_unused_result=yes
ax_cv_check_cflags___Wno_missing_field_initializers=yes
ax_cv_check_cflags___fstack_protector=yes
ax_cv_check_ldflags___fstack_protector=yes
lt_cv_ar_at_file=@
lt_cv_archive_cmds_need_lc=no
lt_cv_deplibs_check_method=pass_all
lt_cv_file_magic_cmd='$MAGIC_CMD'
lt_cv_file_magic_test_file=
lt_cv_ld_reload_flag=-r
lt_cv_nm_interface='BSD nm'
lt_cv_objdir=.libs
lt_cv_path_LD=/usr/x86_64-suse-linux/bin/ld
lt_cv_path_NM='/usr/bin/nm -B'
lt_cv_path_mainfest_tool=no
lt_cv_prog_compiler_c_o=yes
lt_cv_prog_compiler_pic='-fPIC -DPIC'
lt_cv_prog_compiler_pic_works=yes
lt_cv_prog_compiler_rtti_exceptions=no
lt_cv_prog_compiler_static_works=no
lt_cv_prog_gnu_ld=yes
lt_cv_sharedlib_from_linklib_cmd='printf %s\n'
lt_cv_shlibpath_overrides_runpath=yes
lt_cv_sys_global_symbol_pipe='sed -n -e '\''s/^.*[	 ]\([ABCDGIRSTW][ABCDGIRSTW]*\)[	 ][	 ]*\([_A-Za-z][_A-Za-z0-9]*\)$/\1 \2 \2/p'\'' | sed '\''/ __gnu_lto/d'\'''
lt_cv_sys_global_symbol_to_c_name_address='sed -n -e '\''s/^: \(.*\) .*$/  {"\1", (void *) 0},/p'\'' -e '\''s/^[ABCDGIRSTW][ABCDGIRSTW]* .* \(.*\)$/  {"\1", (void *) \&\1},/p'\'''
lt_cv_sys_global_symbol_to_c_name_address_lib_prefix='sed -n -e '\''s/^: \(.*\) .*$/  {"\1", (void *) 0},/p'\'' -e '\''s/^[ABCDGIRSTW][ABCDGIRSTW]* .* \(lib.*\)$/  {"\1", (void *) \&\1},/p'\'' -e '\''s/^[ABCDGIRSTW][ABCDGIRSTW]* .* \(.*\)$/  {"lib\1", (void *) \&\1},/p'\'''
lt_cv_sys_global_symbol_to_cdecl='sed -n -e '\''s/^T .* \(.*\)$/extern int \1();/p'\'' -e '\''s/^[ABCDGIRSTW][ABCDGIRSTW]* .* \(.*\)$/extern char \1;/p'\'''
lt_cv_sys_global_symbol_to_import=
lt_cv_sys_max_cmd_len=1572864
lt_cv_to_host_file_cmd=func_convert_file_noop
lt_cv_to_tool_file_cmd=func_convert_file_noop
lt_cv_truncate_bin='/usr/bin/dd bs=4096 count=1'
pkg_cv_CURSES_CFLAGS='-D_GNU_SOURCE -D_DEFAULT_SOURCE -I/usr/include/ncursesw'
pkg_cv_CURSES_LIBS='-lncursesw -ltinfo'
pkg_cv_LIBEDIT_CFLAGS=-I/usr/include/editline
pkg_cv_LIBEDIT_LIBS=-ledit
pkg_cv_PCRE_CFLAGS=
pkg_cv_PCRE_LIBS=-lpcre

## ----------------- ##
## Output variables. ##
## ----------------- ##

ACLOCAL='${SHELL} /root/rpmbuild/BUILD/varnish-6.5.2/build-aux/missing aclocal-1.16'
AMDEPBACKSLASH=''
AMDEP_FALSE=''
AMDEP_TRUE='#'
AMTAR='$${TAR-tar}'
AM_BACKSLASH='\'
AM_DEFAULT_V='$(AM_DEFAULT_VERBOSITY)'
AM_DEFAULT_VERBOSITY='0'
AM_LT_LDFLAGS=''
AM_V='$(V)'
AR='ar'
AUTOCONF='${SHELL} /root/rpmbuild/BUILD/varnish-6.5.2/build-aux/missing autoconf'
AUTOHEADER='${SHELL} /root/rpmbuild/BUILD/varnish-6.5.2/build-aux/missing autoheader'
AUTOMAKE='${SHELL} /root/rpmbuild/BUILD/varnish-6.5.2/build-aux/missing automake-1.16'
AWK='gawk'
CC='gcc'
CCDEPMODE='depmode=none'
CFLAGS='-O2 -g -m64 -fmessage-length=0 -D_FORTIFY_SOURCE=2 -fstack-protector -funwind-tables -fasynchronous-unwind-tables -fcommon -fstack-protector -Wno-error=clobbered -Werror=maybe-uninitialized -pthread -Wall -Werror -Wno-error=unused-result   -Werror  -Wno-format-y2k  -Wstrict-prototypes  -Wmissing-prototypes  -Wpointer-arith  -Wcast-qual  -Wwrite-strings  -Wshadow  -Wunused-parameter  -Wcast-align  -Wchar-subscripts  -Wnested-externs  -Wextra  -Wno-sign-compare  -fstack-protector -Wno-missing-field-initializers'
CPP='gcc -E'
CPPFLAGS=''
CURSES_CFLAGS='-D_GNU_SOURCE -D_DEFAULT_SOURCE -I/usr/include/ncursesw'
CURSES_LIB=''
CURSES_LIBS='-lncursesw -ltinfo'
CYGPATH_W='echo'
DEFS='-DHAVE_CONFIG_H'
DEPDIR='.deps'
DLLTOOL='false'
DL_LIBS='-ldl '
DOT='no'
DSYMUTIL=''
DUMPBIN=''
ECHO_C=''
ECHO_N='-n'
ECHO_T=''
EGREP='/usr/bin/grep -E'
EXEEXT=''
EXTCFLAGS='-O2 -g -m64 -fmessage-length=0 -D_FORTIFY_SOURCE=2 -fstack-protector -funwind-tables -fasynchronous-unwind-tables -fcommon -fstack-protector -Wno-error=clobbered -Werror=maybe-uninitialized'
FGREP='/usr/bin/grep -F'
GREP='/usr/bin/grep'
HAVE_DAEMON_FALSE='#'
HAVE_DAEMON_TRUE=''
HAVE_DOT_FALSE=''
HAVE_DOT_TRUE='#'
HAVE_LD_VERSION_SCRIPT_FALSE='#'
HAVE_LD_VERSION_SCRIPT_TRUE=''
INSTALL_DATA='${INSTALL} -m 644'
INSTALL_PROGRAM='${INSTALL}'
INSTALL_SCRIPT='${INSTALL}'
INSTALL_STRIP_PROGRAM='$(install_sh) -c -s'
JEMALLOC_LDADD=''
LD='/usr/x86_64-suse-linux/bin/ld -m elf_x86_64'
LDFLAGS=''
LIBEDIT_CFLAGS='-I/usr/include/editline'
LIBEDIT_LIBS='-ledit'
LIBM='-lm'
LIBOBJS=''
LIBS=' '
LIBTOOL='$(SHELL) $(top_builddir)/libtool'
LIBUNWIND_CFLAGS=''
LIBUNWIND_LIBS=''
LIPO=''
LN_S='ln -s'
LTLIBOBJS=''
LT_SYS_LIBRARY_PATH=''
MAINT='#'
MAINTAINER_MODE_FALSE=''
MAINTAINER_MODE_TRUE='#'
MAKEINFO='${SHELL} /root/rpmbuild/BUILD/varnish-6.5.2/build-aux/missing makeinfo'
MANIFEST_TOOL=':'
MKDIR_P='/usr/bin/mkdir -p'
NET_LIBS=' '
NM='/usr/bin/nm -B'
NMEDIT=''
NSL_LIBS=''
OBJDUMP='objdump'
OBJEXT='o'
OTOOL64=''
OTOOL=''
PACKAGE='varnish'
PACKAGE_BUGREPORT='varnish-dev@varnish-cache.org'
PACKAGE_NAME='Varnish'
PACKAGE_STRING='Varnish 6.5.2'
PACKAGE_TARNAME='varnish'
PACKAGE_URL=''
PACKAGE_VERSION='6.5.2'
PATH_SEPARATOR=':'
PCRE_CFLAGS=''
PCRE_CONFIG=''
PCRE_LIBS='-lpcre'
PKG_CONFIG='/usr/bin/x86_64-suse-linux-gnu-pkg-config'
PKG_CONFIG_LIBDIR=''
PKG_CONFIG_PATH=':/usr/lib64/pkgconfig:/usr/share/pkgconfig'
PTHREAD_CC='gcc'
PTHREAD_CFLAGS='-pthread'
PTHREAD_LIBS=''
PYTHON='/usr/bin/python3.6'
PYTHON_EXEC_PREFIX='${exec_prefix}'
PYTHON_PLATFORM='linux'
PYTHON_PREFIX='${prefix}'
PYTHON_VERSION='3.6'
RANLIB='ranlib'
RST2HTML='rst2html'
RST2MAN='rst2man'
RT_LIBS='-lrt '
SAN_CFLAGS=''
SAN_LDFLAGS=''
SED='/usr/bin/sed'
SET_MAKE=''
SHELL='/bin/sh'
SOCKET_LIBS=''
SPHINX='sphinx-build-3.6'
STRIP='strip'
VARNISH_STATE_DIR='${localstatedir}/varnish'
VCC_CC='exec gcc -O2 -g -m64 -fmessage-length=0 -D_FORTIFY_SOURCE=2 -fstack-protector -funwind-tables -fasynchronous-unwind-tables -fcommon -fstack-protector -Wno-error=clobbered -Werror=maybe-uninitialized -Wall -Werror -Wno-error=unused-result   -Werror  -Wno-format-y2k  -Wstrict-prototypes  -Wmissing-prototypes  -Wpointer-arith  -Wcast-qual  -Wwrite-strings  -Wshadow  -Wunused-parameter  -Wcast-align  -Wchar-subscripts  -Wnested-externs  -Wextra  -Wno-sign-compare  -fstack-protector -Wno-missing-field-initializers -pthread -fpic -shared -Wl,-x -o %o %s'
VERSION='6.5.2'
VMOD_LDFLAGS='-module -export-dynamic -avoid-version -shared'
VSC_GEN_C='VSC_lck.c VSC_main.c VSC_mempool.c VSC_mgt.c VSC_sma.c VSC_smf.c VSC_smu.c VSC_vbe.c'
VSC_GEN_H='VSC_lck.h VSC_main.h VSC_mempool.h VSC_mgt.h VSC_sma.h VSC_smf.h VSC_smu.h VSC_vbe.h'
VTC_TESTS='tests/a00000.vtc tests/a00001.vtc tests/a00002.vtc tests/a00003.vtc tests/a00004.vtc tests/a00005.vtc tests/a00006.vtc tests/a00007.vtc tests/a00008.vtc tests/a00010.vtc tests/a00011.vtc tests/a00012.vtc tests/a00013.vtc tests/a00014.vtc tests/a00015.vtc tests/a00018.vtc tests/a00019.vtc tests/a00020.vtc tests/a02000.vtc tests/a02001.vtc tests/a02002.vtc tests/a02003.vtc tests/a02004.vtc tests/a02005.vtc tests/a02006.vtc tests/a02007.vtc tests/a02008.vtc tests/a02009.vtc tests/a02010.vtc tests/a02011.vtc tests/a02012.vtc tests/a02013.vtc tests/a02014.vtc tests/a02015.vtc tests/a02016.vtc tests/a02017.vtc tests/a02018.vtc tests/a02019.vtc tests/a02020.vtc tests/a02021.vtc tests/a02022.vtc tests/a02023.vtc tests/a02024.vtc tests/a02025.vtc tests/a02026.vtc tests/b00000.vtc tests/b00001.vtc tests/b00002.vtc tests/b00003.vtc tests/b00004.vtc tests/b00005.vtc tests/b00006.vtc tests/b00007.vtc tests/b00008.vtc tests/b00009.vtc tests/b00010.vtc tests/b00011.vtc tests/b00012.vtc tests/b00013.vtc tests/b00014.vtc tests/b00015.vtc tests/b00016.vtc tests/b00017.vtc tests/b00018.vtc tests/b00019.vtc tests/b00020.vtc tests/b00021.vtc tests/b00022.vtc tests/b00023.vtc tests/b00024.vtc tests/b00025.vtc tests/b00026.vtc tests/b00027.vtc tests/b00028.vtc tests/b00029.vtc tests/b00030.vtc tests/b00031.vtc tests/b00032.vtc tests/b00033.vtc tests/b00034.vtc tests/b00035.vtc tests/b00036.vtc tests/b00037.vtc tests/b00038.vtc tests/b00039.vtc tests/b00040.vtc tests/b00041.vtc tests/b00042.vtc tests/b00043.vtc tests/b00044.vtc tests/b00045.vtc tests/b00046.vtc tests/b00047.vtc tests/b00048.vtc tests/b00049.vtc tests/b00050.vtc tests/b00051.vtc tests/b00052.vtc tests/b00053.vtc tests/b00054.vtc tests/b00055.vtc tests/b00056.vtc tests/b00057.vtc tests/b00059.vtc tests/b00060.vtc tests/b00061.vtc tests/b00062.vtc tests/b00063.vtc tests/b00064.vtc tests/b00065.vtc tests/b00066.vtc tests/b00067.vtc tests/b00068.vtc tests/b00069.vtc tests/b00070.vtc tests/b00071.vtc tests/b00072.vtc tests/b00073.vtc tests/c00001.vtc tests/c00002.vtc tests/c00003.vtc tests/c00004.vtc tests/c00005.vtc tests/c00006.vtc tests/c00007.vtc tests/c00008.vtc tests/c00009.vtc tests/c00010.vtc tests/c00011.vtc tests/c00012.vtc tests/c00013.vtc tests/c00014.vtc tests/c00015.vtc tests/c00016.vtc tests/c00017.vtc tests/c00018.vtc tests/c00019.vtc tests/c00020.vtc tests/c00021.vtc tests/c00022.vtc tests/c00023.vtc tests/c00024.vtc tests/c00025.vtc tests/c00026.vtc tests/c00027.vtc tests/c00028.vtc tests/c00031.vtc tests/c00034.vtc tests/c00035.vtc tests/c00036.vtc tests/c00037.vtc tests/c00038.vtc tests/c00039.vtc tests/c00040.vtc tests/c00041.vtc tests/c00043.vtc tests/c00044.vtc tests/c00045.vtc tests/c00046.vtc tests/c00047.vtc tests/c00048.vtc tests/c00049.vtc tests/c00050.vtc tests/c00051.vtc tests/c00052.vtc tests/c00053.vtc tests/c00054.vtc tests/c00055.vtc tests/c00056.vtc tests/c00057.vtc tests/c00058.vtc tests/c00059.vtc tests/c00060.vtc tests/c00061.vtc tests/c00062.vtc tests/c00063.vtc tests/c00064.vtc tests/c00065.vtc tests/c00066.vtc tests/c00067.vtc tests/c00068.vtc tests/c00069.vtc tests/c00070.vtc tests/c00071.vtc tests/c00072.vtc tests/c00073.vtc tests/c00074.vtc tests/c00075.vtc tests/c00076.vtc tests/c00077.vtc tests/c00078.vtc tests/c00079.vtc tests/c00080.vtc tests/c00081.vtc tests/c00082.vtc tests/c00083.vtc tests/c00084.vtc tests/c00085.vtc tests/c00086.vtc tests/c00087.vtc tests/c00088.vtc tests/c00089.vtc tests/c00090.vtc tests/c00091.vtc tests/c00092.vtc tests/c00093.vtc tests/c00094.vtc tests/c00095.vtc tests/c00096.vtc tests/c00097.vtc tests/c00098.vtc tests/c00099.vtc tests/c00100.vtc tests/c00101.vtc tests/d00000.vtc tests/d00001.vtc tests/d00002.vtc tests/d00003.vtc tests/d00004.vtc tests/d00005.vtc tests/d00006.vtc tests/d00007.vtc tests/d00008.vtc tests/d00009.vtc tests/d00010.vtc tests/d00011.vtc tests/d00012.vtc tests/d00013.vtc tests/d00014.vtc tests/d00015.vtc tests/d00016.vtc tests/d00017.vtc tests/d00018.vtc tests/d00019.vtc tests/d00020.vtc tests/d00021.vtc tests/d00022.vtc tests/d00023.vtc tests/d00024.vtc tests/d00025.vtc tests/d00026.vtc tests/d00027.vtc tests/d00028.vtc tests/d00029.vtc tests/d00030.vtc tests/d00031.vtc tests/d00032.vtc tests/d00033.vtc tests/d00034.vtc tests/d00035.vtc tests/d00036.vtc tests/d00037.vtc tests/d00038.vtc tests/d00039.vtc tests/d00040.vtc tests/d00041.vtc tests/e00000.vtc tests/e00001.vtc tests/e00002.vtc tests/e00003.vtc tests/e00004.vtc tests/e00005.vtc tests/e00006.vtc tests/e00007.vtc tests/e00008.vtc tests/e00009.vtc tests/e00010.vtc tests/e00011.vtc tests/e00012.vtc tests/e00013.vtc tests/e00014.vtc tests/e00015.vtc tests/e00016.vtc tests/e00017.vtc tests/e00018.vtc tests/e00019.vtc tests/e00020.vtc tests/e00021.vtc tests/e00022.vtc tests/e00023.vtc tests/e00024.vtc tests/e00025.vtc tests/e00026.vtc tests/e00027.vtc tests/e00028.vtc tests/e00030.vtc tests/e00031.vtc tests/e00032.vtc tests/e00033.vtc tests/f00001.vtc tests/f00004.vtc tests/f00005.vtc tests/f00007.vtc tests/g00000.vtc tests/g00001.vtc tests/g00002.vtc tests/g00003.vtc tests/g00004.vtc tests/g00005.vtc tests/g00006.vtc tests/g00007.vtc tests/g00008.vtc tests/h00001.vtc tests/h00002.vtc tests/h00003.vtc tests/h00004.vtc tests/h00005.vtc tests/h00006.vtc tests/h00007.vtc tests/i00000.vtc tests/j00000.vtc tests/j00001.vtc tests/j00003.vtc tests/j00004.vtc tests/l00000.vtc tests/l00001.vtc tests/l00002.vtc tests/l00003.vtc tests/l00004.vtc tests/l00005.vtc tests/m00000.vtc tests/m00001.vtc tests/m00003.vtc tests/m00004.vtc tests/m00005.vtc tests/m00006.vtc tests/m00007.vtc tests/m00008.vtc tests/m00011.vtc tests/m00013.vtc tests/m00014.vtc tests/m00015.vtc tests/m00016.vtc tests/m00017.vtc tests/m00018.vtc tests/m00019.vtc tests/m00020.vtc tests/m00021.vtc tests/m00022.vtc tests/m00023.vtc tests/m00024.vtc tests/m00025.vtc tests/m00026.vtc tests/m00027.vtc tests/m00028.vtc tests/m00029.vtc tests/m00031.vtc tests/m00032.vtc tests/m00033.vtc tests/m00034.vtc tests/m00035.vtc tests/m00036.vtc tests/m00037.vtc tests/m00038.vtc tests/m00039.vtc tests/m00040.vtc tests/m00041.vtc tests/m00042.vtc tests/m00043.vtc tests/m00044.vtc tests/m00045.vtc tests/m00046.vtc tests/m00047.vtc tests/m00048.vtc tests/m00049.vtc tests/m00050.vtc tests/m00051.vtc tests/m00052.vtc tests/o00000.vtc tests/o00001.vtc tests/o00002.vtc tests/o00003.vtc tests/o00004.vtc tests/o00005.vtc tests/p00000.vtc tests/p00002.vtc tests/p00003.vtc tests/p00004.vtc tests/p00005.vtc tests/p00006.vtc tests/p00007.vtc tests/p00008.vtc tests/p00009.vtc tests/r00102.vtc tests/r00251.vtc tests/r00255.vtc tests/r00262.vtc tests/r00263.vtc tests/r00292.vtc tests/r00306.vtc tests/r00310.vtc tests/r00318.vtc tests/r00325.vtc tests/r00326.vtc tests/r00345.vtc tests/r00386.vtc tests/r00387.vtc tests/r00400.vtc tests/r00409.vtc tests/r00411.vtc tests/r00412.vtc tests/r00416.vtc tests/r00425.vtc tests/r00427.vtc tests/r00433.vtc tests/r00445.vtc tests/r00466.vtc tests/r00476.vtc tests/r00494.vtc tests/r00495.vtc tests/r00498.vtc tests/r00502.vtc tests/r00506.vtc tests/r00524.vtc tests/r00545.vtc tests/r00549.vtc tests/r00558.vtc tests/r00561.vtc tests/r00590.vtc tests/r00612.vtc tests/r00641.vtc tests/r00655.vtc tests/r00667.vtc tests/r00679.vtc tests/r00686.vtc tests/r00694.vtc tests/r00700.vtc tests/r00702.vtc tests/r00704.vtc tests/r00722.vtc tests/r00733.vtc tests/r00742.vtc tests/r00763.vtc tests/r00769.vtc tests/r00776.vtc tests/r00781.vtc tests/r00789.vtc tests/r00795.vtc tests/r00801.vtc tests/r00803.vtc tests/r00806.vtc tests/r00832.vtc tests/r00861.vtc tests/r00873.vtc tests/r00878.vtc tests/r00894.vtc tests/r00896.vtc tests/r00902.vtc tests/r00911.vtc tests/r00913.vtc tests/r00915.vtc tests/r00916.vtc tests/r00917.vtc tests/r00921.vtc tests/r00940.vtc tests/r00941.vtc tests/r00942.vtc tests/r00948.vtc tests/r00956.vtc tests/r00961.vtc tests/r00962.vtc tests/r00963.vtc tests/r00965.vtc tests/r00972.vtc tests/r00979.vtc tests/r00980.vtc tests/r00984.vtc tests/r01002.vtc tests/r01014.vtc tests/r01029.vtc tests/r01030.vtc tests/r01036.vtc tests/r01037.vtc tests/r01038.vtc tests/r01068.vtc tests/r01073.vtc tests/r01086.vtc tests/r01092.vtc tests/r01109.vtc tests/r01113.vtc tests/r01120.vtc tests/r01123.vtc tests/r01134.vtc tests/r01140.vtc tests/r01144.vtc tests/r01145.vtc tests/r01156.vtc tests/r01157.vtc tests/r01164.vtc tests/r01168.vtc tests/r01169.vtc tests/r01175.vtc tests/r01176.vtc tests/r01184.vtc tests/r01211.vtc tests/r01212.vtc tests/r01218.vtc tests/r01225.vtc tests/r01255.vtc tests/r01266.vtc tests/r01274.vtc tests/r01275.vtc tests/r01284.vtc tests/r01287.vtc tests/r01296.vtc tests/r01312.vtc tests/r01320.vtc tests/r01332.vtc tests/r01333.vtc tests/r01337.vtc tests/r01349.vtc tests/r01350.vtc tests/r01355.vtc tests/r01356.vtc tests/r01367.vtc tests/r01391.vtc tests/r01395.vtc tests/r01398.vtc tests/r01399.vtc tests/r01401.vtc tests/r01404.vtc tests/r01406.vtc tests/r01417.vtc tests/r01419.vtc tests/r01441.vtc tests/r01442.vtc tests/r01468.vtc tests/r01478.vtc tests/r01485.vtc tests/r01490.vtc tests/r01493.vtc tests/r01494.vtc tests/r01498.vtc tests/r01499.vtc tests/r01501.vtc tests/r01504.vtc tests/r01510.vtc tests/r01512.vtc tests/r01518.vtc tests/r01524.vtc tests/r01532.vtc tests/r01557.vtc tests/r01562.vtc tests/r01566.vtc tests/r01569.vtc tests/r01575.vtc tests/r01577.vtc tests/r01578.vtc tests/r01581.vtc tests/r01598.vtc tests/r01602.vtc tests/r01608.vtc tests/r01612.vtc tests/r01613.vtc tests/r01624.vtc tests/r01627.vtc tests/r01637.vtc tests/r01638.vtc tests/r01641.vtc tests/r01644.vtc tests/r01648.vtc tests/r01650.vtc tests/r01660.vtc tests/r01662.vtc tests/r01665.vtc tests/r01672.vtc tests/r01684.vtc tests/r01688.vtc tests/r01691.vtc tests/r01693.vtc tests/r01729.vtc tests/r01730.vtc tests/r01737.vtc tests/r01739.vtc tests/r01746.vtc tests/r01755.vtc tests/r01761.vtc tests/r01762.vtc tests/r01764.vtc tests/r01765.vtc tests/r01768.vtc tests/r01772.vtc tests/r01775.vtc tests/r01777.vtc tests/r01781.vtc tests/r01783.vtc tests/r01801.vtc tests/r01804.vtc tests/r01806.vtc tests/r01807.vtc tests/r01810.vtc tests/r01818.vtc tests/r01821.vtc tests/r01826.vtc tests/r01834.vtc tests/r01837.vtc tests/r01838.vtc tests/r01843.vtc tests/r01847.vtc tests/r01856.vtc tests/r01857.vtc tests/r01858.vtc tests/r01878.vtc tests/r01879.vtc tests/r01881.vtc tests/r01890.vtc tests/r01914.vtc tests/r01918.vtc tests/r01924.vtc tests/r01927.vtc tests/r01941.vtc tests/r01953.vtc tests/r01955.vtc tests/r01956.vtc tests/r01990.vtc tests/r02035.vtc tests/r02036.vtc tests/r02042.vtc tests/r02069.vtc tests/r02084.vtc tests/r02105.vtc tests/r02135.vtc tests/r02142.vtc tests/r02148.vtc tests/r02157.vtc tests/r02175.vtc tests/r02177.vtc tests/r02219.vtc tests/r02233.vtc tests/r02258.vtc tests/r02262.vtc tests/r02266.vtc tests/r02270.vtc tests/r02275.vtc tests/r02291.vtc tests/r02300.vtc tests/r02305.vtc tests/r02310.vtc tests/r02319.vtc tests/r02321.vtc tests/r02325.vtc tests/r02339.vtc tests/r02342.vtc tests/r02351.vtc tests/r02367.vtc tests/r02372.vtc tests/r02387.vtc tests/r02395.vtc tests/r02406.vtc tests/r02413.vtc tests/r02422.vtc tests/r02429.vtc tests/r02432.vtc tests/r02433.vtc tests/r02451.vtc tests/r02471.vtc tests/r02488.vtc tests/r02494.vtc tests/r02527.vtc tests/r02530.vtc tests/r02539.vtc tests/r02554.vtc tests/r02555.vtc tests/r02589.vtc tests/r02617.vtc tests/r02618.vtc tests/r02633.vtc tests/r02645.vtc tests/r02646.vtc tests/r02647.vtc tests/r02649.vtc tests/r02679.vtc tests/r02686.vtc tests/r02690.vtc tests/r02700.vtc tests/r02702.vtc tests/r02705.vtc tests/r02763.vtc tests/r02775.vtc tests/r02831.vtc tests/r02839.vtc tests/r02849.vtc tests/r02872.vtc tests/r02880.vtc tests/r02887.vtc tests/r02923.vtc tests/r02934.vtc tests/r02937.vtc tests/r02946.vtc tests/r02964.vtc tests/r02976.vtc tests/r02990.vtc tests/r03003.vtc tests/r03006.vtc tests/r03019.vtc tests/r03038.vtc tests/r03079.vtc tests/r03089.vtc tests/r03093.vtc tests/r03098.vtc tests/r03109.vtc tests/r03131.vtc tests/r03159.vtc tests/r03169.vtc tests/r03189.vtc tests/r03221.vtc tests/r03241.vtc tests/r03253.vtc tests/r03266.vtc tests/r03301.vtc tests/r03319.vtc tests/r03353.vtc tests/r03360.vtc tests/r03394.vtc tests/r03402.vtc tests/r03410.vtc tests/s00000.vtc tests/s00001.vtc tests/s00002.vtc tests/s00003.vtc tests/s00004.vtc tests/s00005.vtc tests/s00006.vtc tests/s00007.vtc tests/s00008.vtc tests/s00009.vtc tests/s00010.vtc tests/s00011.vtc tests/s00012.vtc tests/t02000.vtc tests/t02001.vtc tests/t02002.vtc tests/t02003.vtc tests/t02004.vtc tests/t02005.vtc tests/t02006.vtc tests/t02007.vtc tests/t02008.vtc tests/t02009.vtc tests/t02010.vtc tests/t02011.vtc tests/t02012.vtc tests/t02013.vtc tests/t02014.vtc tests/t02015.vtc tests/t02016.vtc tests/u00000.vtc tests/u00003.vtc tests/u00004.vtc tests/u00005.vtc tests/u00006.vtc tests/u00007.vtc tests/u00008.vtc tests/u00009.vtc tests/u00010.vtc tests/u00011.vtc tests/u00012.vtc tests/u00013.vtc tests/u00014.vtc tests/u00015.vtc tests/v00000.vtc tests/v00001.vtc tests/v00002.vtc tests/v00003.vtc tests/v00004.vtc tests/v00005.vtc tests/v00006.vtc tests/v00008.vtc tests/v00010.vtc tests/v00011.vtc tests/v00012.vtc tests/v00013.vtc tests/v00014.vtc tests/v00015.vtc tests/v00016.vtc tests/v00017.vtc tests/v00018.vtc tests/v00019.vtc tests/v00020.vtc tests/v00021.vtc tests/v00024.vtc tests/v00025.vtc tests/v00027.vtc tests/v00031.vtc tests/v00032.vtc tests/v00033.vtc tests/v00034.vtc tests/v00037.vtc tests/v00038.vtc tests/v00039.vtc tests/v00040.vtc tests/v00041.vtc tests/v00042.vtc tests/v00043.vtc tests/v00045.vtc tests/v00046.vtc tests/v00047.vtc tests/v00049.vtc tests/v00050.vtc tests/v00051.vtc tests/v00052.vtc tests/v00054.vtc tests/v00055.vtc tests/v00056.vtc tests/v00057.vtc tests/v00058.vtc tests/v00059.vtc tests/v00060.vtc tests/v00062.vtc tests/v00063.vtc tests/v00064.vtc tests/v00065.vtc'
WITH_PERSISTENT_STORAGE_FALSE=''
WITH_PERSISTENT_STORAGE_TRUE='#'
WITH_UNWIND_FALSE=''
WITH_UNWIND_TRUE='#'
ac_ct_AR='ar'
ac_ct_CC='gcc'
ac_ct_DUMPBIN=''
am__EXEEXT_FALSE=''
am__EXEEXT_TRUE='#'
am__fastdepCC_FALSE=''
am__fastdepCC_TRUE='#'
am__include='include'
am__isrc=''
am__leading_dot='.'
am__nodep=''
am__quote=''
am__tar='$${TAR-tar} chof - "$$tardir"'
am__untar='$${TAR-tar} xf -'
ax_pthread_config=''
bindir='/usr/bin'
build='x86_64-suse-linux-gnu'
build_alias='x86_64-suse-linux-gnu'
build_cpu='x86_64'
build_os='linux-gnu'
build_vendor='suse'
datadir='/usr/share'
datarootdir='${prefix}/share'
docdir='/usr/share/doc/packages/varnish'
dvidir='${docdir}'
exec_prefix='/usr'
host='x86_64-suse-linux-gnu'
host_alias='x86_64-suse-linux-gnu'
host_cpu='x86_64'
host_os='linux-gnu'
host_vendor='suse'
htmldir='${docdir}'
includedir='/usr/include'
infodir='/usr/share/info'
install_sh='${SHELL} /root/rpmbuild/BUILD/varnish-6.5.2/build-aux/install-sh'
libdir='/usr/lib64'
libexecdir='/usr/lib'
libvgz_extra_cflags=' -Wno-unknown-warning-option -Wno-implicit-fallthrough'
localedir='${datarootdir}/locale'
localstatedir='/var/cache'
mandir='/usr/share/man'
mkdir_p='$(MKDIR_P)'
oldincludedir='/usr/include'
pdfdir='${docdir}'
pkgpyexecdir='${pyexecdir}/varnish'
pkgpythondir='${pythondir}/varnish'
pkgsysconfdir='${sysconfdir}/varnish'
prefix='/usr'
program_transform_name='s&^&&'
psdir='${docdir}'
pyexecdir='${exec_prefix}/lib64/python3.6/site-packages'
pythondir='${prefix}/lib/python3.6/site-packages'
runstatedir='${localstatedir}/run'
sbindir='/usr/sbin'
sharedstatedir='/var/lib'
sysconfdir='/etc'
target='x86_64-suse-linux-gnu'
target_alias=''
target_cpu='x86_64'
target_os='linux-gnu'
target_vendor='suse'
vmoddir='$(pkglibdir)/vmods'

## ----------- ##
## confdefs.h. ##
## ----------- ##

/* confdefs.h */
#define PACKAGE_NAME "Varnish"
#define PACKAGE_TARNAME "varnish"
#define PACKAGE_VERSION "6.5.2"
#define PACKAGE_STRING "Varnish 6.5.2"
#define PACKAGE_BUGREPORT "varnish-dev@varnish-cache.org"
#define PACKAGE_URL ""
#define STDC_HEADERS 1
#define HAVE_SYS_TYPES_H 1
#define HAVE_SYS_STAT_H 1
#define HAVE_STDLIB_H 1
#define HAVE_STRING_H 1
#define HAVE_MEMORY_H 1
#define HAVE_STRINGS_H 1
#define HAVE_INTTYPES_H 1
#define HAVE_STDINT_H 1
#define HAVE_UNISTD_H 1
#define __EXTENSIONS__ 1
#define _ALL_SOURCE 1
#define _GNU_SOURCE 1
#define _POSIX_PTHREAD_SEMANTICS 1
#define _TANDEM_SOURCE 1
#define PACKAGE "varnish"
#define VERSION "6.5.2"
#define HAVE_DLFCN_H 1
#define LT_OBJDIR ".libs/"
#define HAVE_PTHREAD_PRIO_INHERIT 1
#define HAVE_PTHREAD 1
#define HAVE_LIBRT 1
#define HAVE_LIBDL 1
#define HAVE_STDATOMIC_H 1
#define USE_PCRE_JIT 1
#define HAVE_EDITLINE_READLINE_H 1
#define HAVE_LIBEDIT 1
#define HAVE_NCURSESW_CURSES_H 1
#define HAVE_NCURSES_CURSES_H 1
#define HAVE_NCURSES_H 1
#define HAVE_CURSES_H 1
#define STDC_HEADERS 1
#define HAVE_SYS_MOUNT_H 1
#define HAVE_SYS_PERSONALITY_H 1
#define HAVE_SYS_STATVFS_H 1
#define HAVE_SYS_VFS_H 1
#define HAVE_ENDIAN_H 1
#define HAVE_FNMATCH_H 1
#define HAVE_NANOSLEEP 1
#define HAVE_FALLOCATE 1
#define HAVE_SIGALTSTACK 1
#define HAVE_FNMATCH 1
#define HAVE_PTHREAD_SETNAME_NP 1
#define HAVE_PTHREAD_GETATTR_NP 1
#define HAVE_DAEMON 1
#define HAVE_CLOCK_GETTIME 1
#define HAVE_EPOLL_CTL 1
#define SO_RCVTIMEO_WORKS 1
#define SO_SNDTIMEO_WORKS 1
#define HAVE_TCP_KEEP 1
#define HAVE_TCP_FASTOPEN 1
#define VCC_CC "exec gcc -O2 -g -m64 -fmessage-length=0 -D_FORTIFY_SOURCE=2 -fstack-protector -funwind-tables -fasynchronous-unwind-tables -fcommon -fstack-protector -Wno-error=clobbered -Werror=maybe-uninitialized -Wall -Werror -Wno-error=unused-result   -Werror  -Wno-format-y2k  -Wstrict-prototypes  -Wmissing-prototypes  -Wpointer-arith  -Wcast-qual  -Wwrite-strings  -Wshadow  -Wunused-parameter  -Wcast-align  -Wchar-subscripts  -Wnested-externs  -Wextra  -Wno-sign-compare  -fstack-protector -Wno-missing-field-initializers -pthread -fpic -shared -Wl,-x -o %o %s"

configure: exit 0
